
A module that was compiled using NumPy 1.x cannot be run in
NumPy 2.4.0 as it may crash. To support both 1.x and 2.x
versions of NumPy, modules must be compiled with NumPy 2.0.
Some module may need to rebuild instead e.g. with 'pybind11>=2.12'.

If you are a user of the module, the easiest solution will be to
downgrade to 'numpy<2' or try to upgrade the affected module.
We expect that some modules will need time to support NumPy 2.

Traceback (most recent call last):  File "/root/workspace/vrp-prediction/experiments/06_universal_model/comprehensive_feature_selection.py", line 15, in <module>
    import pandas as pd
  File "/usr/local/lib/python3.12/dist-packages/pandas/__init__.py", line 49, in <module>
    from pandas.core.api import (
  File "/usr/local/lib/python3.12/dist-packages/pandas/core/api.py", line 28, in <module>
    from pandas.core.arrays import Categorical
  File "/usr/local/lib/python3.12/dist-packages/pandas/core/arrays/__init__.py", line 1, in <module>
    from pandas.core.arrays.arrow import ArrowExtensionArray
  File "/usr/local/lib/python3.12/dist-packages/pandas/core/arrays/arrow/__init__.py", line 5, in <module>
    from pandas.core.arrays.arrow.array import ArrowExtensionArray
  File "/usr/local/lib/python3.12/dist-packages/pandas/core/arrays/arrow/array.py", line 53, in <module>
    from pandas.core import (
  File "/usr/local/lib/python3.12/dist-packages/pandas/core/ops/__init__.py", line 8, in <module>
    from pandas.core.ops.array_ops import (
  File "/usr/local/lib/python3.12/dist-packages/pandas/core/ops/array_ops.py", line 56, in <module>
    from pandas.core.computation import expressions
  File "/usr/local/lib/python3.12/dist-packages/pandas/core/computation/expressions.py", line 21, in <module>
    from pandas.core.computation.check import NUMEXPR_INSTALLED
  File "/usr/local/lib/python3.12/dist-packages/pandas/core/computation/check.py", line 5, in <module>
    ne = import_optional_dependency("numexpr", errors="warn")
  File "/usr/local/lib/python3.12/dist-packages/pandas/compat/_optional.py", line 135, in import_optional_dependency
    module = importlib.import_module(name)
  File "/usr/lib/python3.12/importlib/__init__.py", line 90, in import_module
    return _bootstrap._gcd_import(name[level:], package, level)
  File "/usr/lib/python3/dist-packages/numexpr/__init__.py", line 24, in <module>
    from numexpr.interpreter import MAX_THREADS, use_vml, __BLOCK_SIZE1__
Traceback (most recent call last):
  File "/usr/local/lib/python3.12/dist-packages/numpy/core/_multiarray_umath.py", line 46, in __getattr__
    raise ImportError(msg)
ImportError: 
A module that was compiled using NumPy 1.x cannot be run in
NumPy 2.4.0 as it may crash. To support both 1.x and 2.x
versions of NumPy, modules must be compiled with NumPy 2.0.
Some module may need to rebuild instead e.g. with 'pybind11>=2.12'.

If you are a user of the module, the easiest solution will be to
downgrade to 'numpy<2' or try to upgrade the affected module.
We expect that some modules will need time to support NumPy 2.



A module that was compiled using NumPy 1.x cannot be run in
NumPy 2.4.0 as it may crash. To support both 1.x and 2.x
versions of NumPy, modules must be compiled with NumPy 2.0.
Some module may need to rebuild instead e.g. with 'pybind11>=2.12'.

If you are a user of the module, the easiest solution will be to
downgrade to 'numpy<2' or try to upgrade the affected module.
We expect that some modules will need time to support NumPy 2.

Traceback (most recent call last):  File "/root/workspace/vrp-prediction/experiments/06_universal_model/comprehensive_feature_selection.py", line 15, in <module>
    import pandas as pd
  File "/usr/local/lib/python3.12/dist-packages/pandas/__init__.py", line 49, in <module>
    from pandas.core.api import (
  File "/usr/local/lib/python3.12/dist-packages/pandas/core/api.py", line 28, in <module>
    from pandas.core.arrays import Categorical
  File "/usr/local/lib/python3.12/dist-packages/pandas/core/arrays/__init__.py", line 1, in <module>
    from pandas.core.arrays.arrow import ArrowExtensionArray
  File "/usr/local/lib/python3.12/dist-packages/pandas/core/arrays/arrow/__init__.py", line 5, in <module>
    from pandas.core.arrays.arrow.array import ArrowExtensionArray
  File "/usr/local/lib/python3.12/dist-packages/pandas/core/arrays/arrow/array.py", line 67, in <module>
    from pandas.core.arrays.masked import BaseMaskedArray
  File "/usr/local/lib/python3.12/dist-packages/pandas/core/arrays/masked.py", line 61, in <module>
    from pandas.core import (
  File "/usr/local/lib/python3.12/dist-packages/pandas/core/nanops.py", line 52, in <module>
    bn = import_optional_dependency("bottleneck", errors="warn")
  File "/usr/local/lib/python3.12/dist-packages/pandas/compat/_optional.py", line 135, in import_optional_dependency
    module = importlib.import_module(name)
  File "/usr/lib/python3.12/importlib/__init__.py", line 90, in import_module
    return _bootstrap._gcd_import(name[level:], package, level)
  File "/usr/lib/python3/dist-packages/bottleneck/__init__.py", line 7, in <module>
    from .move import (move_argmax, move_argmin, move_max, move_mean, move_median,
Traceback (most recent call last):
  File "/usr/local/lib/python3.12/dist-packages/numpy/core/_multiarray_umath.py", line 46, in __getattr__
    raise ImportError(msg)
ImportError: 
A module that was compiled using NumPy 1.x cannot be run in
NumPy 2.4.0 as it may crash. To support both 1.x and 2.x
versions of NumPy, modules must be compiled with NumPy 2.0.
Some module may need to rebuild instead e.g. with 'pybind11>=2.12'.

If you are a user of the module, the easiest solution will be to
downgrade to 'numpy<2' or try to upgrade the affected module.
We expect that some modules will need time to support NumPy 2.


/root/workspace/vrp-prediction/experiments/06_universal_model/../../src/data/loaders.py:21: FutureWarning: YF.download() has changed argument auto_adjust default to True
  data = yf.download(ticker, start=start, end=end, progress=False)
/root/workspace/vrp-prediction/experiments/06_universal_model/../../src/data/loaders.py:21: FutureWarning: YF.download() has changed argument auto_adjust default to True
  data = yf.download(ticker, start=start, end=end, progress=False)
/root/workspace/vrp-prediction/experiments/06_universal_model/../../src/data/preprocessors.py:39: FutureWarning: Series.fillna with 'method' is deprecated and will raise in a future version. Use obj.ffill() or obj.bfill() instead.
  df['VIX_lag10'] = df['VIX'].shift(10).fillna(method='bfill')
/root/workspace/vrp-prediction/experiments/06_universal_model/../../src/data/preprocessors.py:40: FutureWarning: Series.fillna with 'method' is deprecated and will raise in a future version. Use obj.ffill() or obj.bfill() instead.
  df['VIX_lag22'] = df['VIX'].shift(22).fillna(method='bfill')

============================================================
Feature Selection: SPY
============================================================

Split completed:
  Train: 1490 samples (0 - 1490)
  Val:   492 samples (1495 - 1987)
  Test:  492 samples (1992 - 2484)
  Gap:   5 days
Method 1: Lasso L1 Regularization
  α=0.0001: 25 features, R²=0.7168
  α=0.0005: 24 features, R²=0.7168
  α=0.0010: 25 features, R²=0.7168
  α=0.0050: 25 features, R²=0.7168
  α=0.0100: 23 features, R²=0.7166
  Best: α=0.0005, 24 features, R²=0.7168

Method 2: Recursive Feature Elimination
  15 features: R²=0.7212
  20 features: R²=0.7172
  25 features: R²=0.7168
  Best: 15 features, R²=0.7212

Method 3: Mutual Information
  Top 10 by MI:
       feature  mi_score
CAVB_VIX_ratio  0.509786
  RV_VIX_ratio  0.509786
     CAVB_lag1  0.490012
VRP_transitory  0.474881
      CAVB_ma5  0.447406
  CAVB_max_22d  0.446425
      VIX_ma22  0.438230
        RV_22d  0.420299
       VIX_ma5  0.388913
RV_VIX_product  0.384836
  Top 20: R²=0.7383

Method 4: Permutation Importance

A module that was compiled using NumPy 1.x cannot be run in
NumPy 2.4.0 as it may crash. To support both 1.x and 2.x
versions of NumPy, modules must be compiled with NumPy 2.0.
Some module may need to rebuild instead e.g. with 'pybind11>=2.12'.

If you are a user of the module, the easiest solution will be to
downgrade to 'numpy<2' or try to upgrade the affected module.
We expect that some modules will need time to support NumPy 2.

Traceback (most recent call last):  File "<frozen runpy>", line 198, in _run_module_as_main
  File "<frozen runpy>", line 88, in _run_code
  File "/usr/local/lib/python3.12/dist-packages/joblib/externals/loky/backend/popen_loky_posix.py", line 180, in <module>
    exitcode = process_obj._bootstrap()
  File "/usr/lib/python3.12/multiprocessing/process.py", line 314, in _bootstrap
    self.run()
  File "/usr/lib/python3.12/multiprocessing/process.py", line 108, in run
    self._target(*self._args, **self._kwargs)
  File "/usr/local/lib/python3.12/dist-packages/joblib/externals/loky/process_executor.py", line 453, in _process_worker
    call_item = call_queue.get(block=True, timeout=timeout)
  File "/usr/lib/python3.12/multiprocessing/queues.py", line 122, in get
    return _ForkingPickler.loads(res)
  File "/usr/local/lib/python3.12/dist-packages/sklearn/__init__.py", line 73, in <module>
    from .base import clone  # noqa: E402
  File "/usr/local/lib/python3.12/dist-packages/sklearn/base.py", line 19, in <module>
    from .utils._metadata_requests import _MetadataRequester, _routing_enabled
  File "/usr/local/lib/python3.12/dist-packages/sklearn/utils/__init__.py", line 9, in <module>
    from ._chunking import gen_batches, gen_even_slices
  File "/usr/local/lib/python3.12/dist-packages/sklearn/utils/_chunking.py", line 11, in <module>
    from ._param_validation import Interval, validate_params
  File "/usr/local/lib/python3.12/dist-packages/sklearn/utils/_param_validation.py", line 17, in <module>
    from .validation import _is_arraylike_not_scalar
  File "/usr/local/lib/python3.12/dist-packages/sklearn/utils/validation.py", line 21, in <module>
    from ..utils._array_api import _asarray_with_order, _is_numpy_namespace, get_namespace
  File "/usr/local/lib/python3.12/dist-packages/sklearn/utils/_array_api.py", line 20, in <module>
    from .fixes import parse_version
  File "/usr/local/lib/python3.12/dist-packages/sklearn/utils/fixes.py", line 20, in <module>
    import pandas as pd
  File "/usr/local/lib/python3.12/dist-packages/pandas/__init__.py", line 49, in <module>
    from pandas.core.api import (
  File "/usr/local/lib/python3.12/dist-packages/pandas/core/api.py", line 28, in <module>
    from pandas.core.arrays import Categorical
  File "/usr/local/lib/python3.12/dist-packages/pandas/core/arrays/__init__.py", line 1, in <module>
    from pandas.core.arrays.arrow import ArrowExtensionArray
  File "/usr/local/lib/python3.12/dist-packages/pandas/core/arrays/arrow/__init__.py", line 5, in <module>
    from pandas.core.arrays.arrow.array import ArrowExtensionArray
  File "/usr/local/lib/python3.12/dist-packages/pandas/core/arrays/arrow/array.py", line 53, in <module>
    from pandas.core import (
  File "/usr/local/lib/python3.12/dist-packages/pandas/core/ops/__init__.py", line 8, in <module>
    from pandas.core.ops.array_ops import (
  File "/usr/local/lib/python3.12/dist-packages/pandas/core/ops/array_ops.py", line 56, in <module>
    from pandas.core.computation import expressions
  File "/usr/local/lib/python3.12/dist-packages/pandas/core/computation/expressions.py", line 21, in <module>
    from pandas.core.computation.check import NUMEXPR_INSTALLED
  File "/usr/local/lib/python3.12/dist-packages/pandas/core/computation/check.py", line 5, in <module>
    ne = import_optional_dependency("numexpr", errors="warn")
  File "/usr/local/lib/python3.12/dist-packages/pandas/compat/_optional.py", line 135, in import_optional_dependency
    module = importlib.import_module(name)
  File "/usr/lib/python3.12/importlib/__init__.py", line 90, in import_module
    return _bootstrap._gcd_import(name[level:], package, level)
  File "/usr/lib/python3/dist-packages/numexpr/__init__.py", line 24, in <module>
    from numexpr.interpreter import MAX_THREADS, use_vml, __BLOCK_SIZE1__

A module that was compiled using NumPy 1.x cannot be run in
NumPy 2.4.0 as it may crash. To support both 1.x and 2.x
versions of NumPy, modules must be compiled with NumPy 2.0.
Some module may need to rebuild instead e.g. with 'pybind11>=2.12'.

If you are a user of the module, the easiest solution will be to
downgrade to 'numpy<2' or try to upgrade the affected module.
We expect that some modules will need time to support NumPy 2.

Traceback (most recent call last):  File "<frozen runpy>", line 198, in _run_module_as_main
  File "<frozen runpy>", line 88, in _run_code
  File "/usr/local/lib/python3.12/dist-packages/joblib/externals/loky/backend/popen_loky_posix.py", line 180, in <module>
    exitcode = process_obj._bootstrap()
  File "/usr/lib/python3.12/multiprocessing/process.py", line 314, in _bootstrap
    self.run()
  File "/usr/lib/python3.12/multiprocessing/process.py", line 108, in run
    self._target(*self._args, **self._kwargs)
  File "/usr/local/lib/python3.12/dist-packages/joblib/externals/loky/process_executor.py", line 453, in _process_worker
    call_item = call_queue.get(block=True, timeout=timeout)
  File "/usr/lib/python3.12/multiprocessing/queues.py", line 122, in get
    return _ForkingPickler.loads(res)
  File "/usr/local/lib/python3.12/dist-packages/sklearn/__init__.py", line 73, in <module>
    from .base import clone  # noqa: E402
  File "/usr/local/lib/python3.12/dist-packages/sklearn/base.py", line 19, in <module>
    from .utils._metadata_requests import _MetadataRequester, _routing_enabled
  File "/usr/local/lib/python3.12/dist-packages/sklearn/utils/__init__.py", line 9, in <module>
    from ._chunking import gen_batches, gen_even_slices
  File "/usr/local/lib/python3.12/dist-packages/sklearn/utils/_chunking.py", line 11, in <module>
    from ._param_validation import Interval, validate_params
  File "/usr/local/lib/python3.12/dist-packages/sklearn/utils/_param_validation.py", line 17, in <module>
    from .validation import _is_arraylike_not_scalar
  File "/usr/local/lib/python3.12/dist-packages/sklearn/utils/validation.py", line 21, in <module>
    from ..utils._array_api import _asarray_with_order, _is_numpy_namespace, get_namespace
  File "/usr/local/lib/python3.12/dist-packages/sklearn/utils/_array_api.py", line 20, in <module>
    from .fixes import parse_version
  File "/usr/local/lib/python3.12/dist-packages/sklearn/utils/fixes.py", line 20, in <module>
    import pandas as pd
  File "/usr/local/lib/python3.12/dist-packages/pandas/__init__.py", line 49, in <module>
    from pandas.core.api import (
  File "/usr/local/lib/python3.12/dist-packages/pandas/core/api.py", line 28, in <module>
    from pandas.core.arrays import Categorical
  File "/usr/local/lib/python3.12/dist-packages/pandas/core/arrays/__init__.py", line 1, in <module>
    from pandas.core.arrays.arrow import ArrowExtensionArray
  File "/usr/local/lib/python3.12/dist-packages/pandas/core/arrays/arrow/__init__.py", line 5, in <module>
    from pandas.core.arrays.arrow.array import ArrowExtensionArray
  File "/usr/local/lib/python3.12/dist-packages/pandas/core/arrays/arrow/array.py", line 53, in <module>
    from pandas.core import (
  File "/usr/local/lib/python3.12/dist-packages/pandas/core/ops/__init__.py", line 8, in <module>
    from pandas.core.ops.array_ops import (
  File "/usr/local/lib/python3.12/dist-packages/pandas/core/ops/array_ops.py", line 56, in <module>
    from pandas.core.computation import expressions
  File "/usr/local/lib/python3.12/dist-packages/pandas/core/computation/expressions.py", line 21, in <module>
    from pandas.core.computation.check import NUMEXPR_INSTALLED
  File "/usr/local/lib/python3.12/dist-packages/pandas/core/computation/check.py", line 5, in <module>
    ne = import_optional_dependency("numexpr", errors="warn")
  File "/usr/local/lib/python3.12/dist-packages/pandas/compat/_optional.py", line 135, in import_optional_dependency
    module = importlib.import_module(name)
  File "/usr/lib/python3.12/importlib/__init__.py", line 90, in import_module
    return _bootstrap._gcd_import(name[level:], package, level)
  File "/usr/lib/python3/dist-packages/numexpr/__init__.py", line 24, in <module>
    from numexpr.interpreter import MAX_THREADS, use_vml, __BLOCK_SIZE1__

A module that was compiled using NumPy 1.x cannot be run in
NumPy 2.4.0 as it may crash. To support both 1.x and 2.x
versions of NumPy, modules must be compiled with NumPy 2.0.
Some module may need to rebuild instead e.g. with 'pybind11>=2.12'.

If you are a user of the module, the easiest solution will be to
downgrade to 'numpy<2' or try to upgrade the affected module.
We expect that some modules will need time to support NumPy 2.

Traceback (most recent call last):  File "<frozen runpy>", line 198, in _run_module_as_main
  File "<frozen runpy>", line 88, in _run_code
  File "/usr/local/lib/python3.12/dist-packages/joblib/externals/loky/backend/popen_loky_posix.py", line 180, in <module>
    exitcode = process_obj._bootstrap()
  File "/usr/lib/python3.12/multiprocessing/process.py", line 314, in _bootstrap
    self.run()
  File "/usr/lib/python3.12/multiprocessing/process.py", line 108, in run
    self._target(*self._args, **self._kwargs)
  File "/usr/local/lib/python3.12/dist-packages/joblib/externals/loky/process_executor.py", line 453, in _process_worker
    call_item = call_queue.get(block=True, timeout=timeout)
  File "/usr/lib/python3.12/multiprocessing/queues.py", line 122, in get
    return _ForkingPickler.loads(res)
  File "/usr/local/lib/python3.12/dist-packages/sklearn/__init__.py", line 73, in <module>
    from .base import clone  # noqa: E402
  File "/usr/local/lib/python3.12/dist-packages/sklearn/base.py", line 19, in <module>
    from .utils._metadata_requests import _MetadataRequester, _routing_enabled
  File "/usr/local/lib/python3.12/dist-packages/sklearn/utils/__init__.py", line 9, in <module>
    from ._chunking import gen_batches, gen_even_slices
  File "/usr/local/lib/python3.12/dist-packages/sklearn/utils/_chunking.py", line 11, in <module>
    from ._param_validation import Interval, validate_params
  File "/usr/local/lib/python3.12/dist-packages/sklearn/utils/_param_validation.py", line 17, in <module>
    from .validation import _is_arraylike_not_scalar
  File "/usr/local/lib/python3.12/dist-packages/sklearn/utils/validation.py", line 21, in <module>
    from ..utils._array_api import _asarray_with_order, _is_numpy_namespace, get_namespace
  File "/usr/local/lib/python3.12/dist-packages/sklearn/utils/_array_api.py", line 20, in <module>
    from .fixes import parse_version
  File "/usr/local/lib/python3.12/dist-packages/sklearn/utils/fixes.py", line 20, in <module>
    import pandas as pd
  File "/usr/local/lib/python3.12/dist-packages/pandas/__init__.py", line 49, in <module>
    from pandas.core.api import (
  File "/usr/local/lib/python3.12/dist-packages/pandas/core/api.py", line 28, in <module>
    from pandas.core.arrays import Categorical
  File "/usr/local/lib/python3.12/dist-packages/pandas/core/arrays/__init__.py", line 1, in <module>
    from pandas.core.arrays.arrow import ArrowExtensionArray
  File "/usr/local/lib/python3.12/dist-packages/pandas/core/arrays/arrow/__init__.py", line 5, in <module>
    from pandas.core.arrays.arrow.array import ArrowExtensionArray
  File "/usr/local/lib/python3.12/dist-packages/pandas/core/arrays/arrow/array.py", line 53, in <module>
    from pandas.core import (
  File "/usr/local/lib/python3.12/dist-packages/pandas/core/ops/__init__.py", line 8, in <module>
    from pandas.core.ops.array_ops import (
  File "/usr/local/lib/python3.12/dist-packages/pandas/core/ops/array_ops.py", line 56, in <module>
    from pandas.core.computation import expressions
  File "/usr/local/lib/python3.12/dist-packages/pandas/core/computation/expressions.py", line 21, in <module>
    from pandas.core.computation.check import NUMEXPR_INSTALLED
  File "/usr/local/lib/python3.12/dist-packages/pandas/core/computation/check.py", line 5, in <module>
    ne = import_optional_dependency("numexpr", errors="warn")
  File "/usr/local/lib/python3.12/dist-packages/pandas/compat/_optional.py", line 135, in import_optional_dependency
    module = importlib.import_module(name)
  File "/usr/lib/python3.12/importlib/__init__.py", line 90, in import_module
    return _bootstrap._gcd_import(name[level:], package, level)
  File "/usr/lib/python3/dist-packages/numexpr/__init__.py", line 24, in <module>
    from numexpr.interpreter import MAX_THREADS, use_vml, __BLOCK_SIZE1__

A module that was compiled using NumPy 1.x cannot be run in
NumPy 2.4.0 as it may crash. To support both 1.x and 2.x
versions of NumPy, modules must be compiled with NumPy 2.0.
Some module may need to rebuild instead e.g. with 'pybind11>=2.12'.

If you are a user of the module, the easiest solution will be to
downgrade to 'numpy<2' or try to upgrade the affected module.
We expect that some modules will need time to support NumPy 2.

Traceback (most recent call last):  File "<frozen runpy>", line 198, in _run_module_as_main
  File "<frozen runpy>", line 88, in _run_code
  File "/usr/local/lib/python3.12/dist-packages/joblib/externals/loky/backend/popen_loky_posix.py", line 180, in <module>
    exitcode = process_obj._bootstrap()
  File "/usr/lib/python3.12/multiprocessing/process.py", line 314, in _bootstrap
    self.run()
  File "/usr/lib/python3.12/multiprocessing/process.py", line 108, in run
    self._target(*self._args, **self._kwargs)
  File "/usr/local/lib/python3.12/dist-packages/joblib/externals/loky/process_executor.py", line 453, in _process_worker
    call_item = call_queue.get(block=True, timeout=timeout)
  File "/usr/lib/python3.12/multiprocessing/queues.py", line 122, in get
    return _ForkingPickler.loads(res)
  File "/usr/local/lib/python3.12/dist-packages/sklearn/__init__.py", line 73, in <module>
    from .base import clone  # noqa: E402
  File "/usr/local/lib/python3.12/dist-packages/sklearn/base.py", line 19, in <module>
    from .utils._metadata_requests import _MetadataRequester, _routing_enabled
  File "/usr/local/lib/python3.12/dist-packages/sklearn/utils/__init__.py", line 9, in <module>
    from ._chunking import gen_batches, gen_even_slices
  File "/usr/local/lib/python3.12/dist-packages/sklearn/utils/_chunking.py", line 11, in <module>
    from ._param_validation import Interval, validate_params
  File "/usr/local/lib/python3.12/dist-packages/sklearn/utils/_param_validation.py", line 17, in <module>
    from .validation import _is_arraylike_not_scalar
  File "/usr/local/lib/python3.12/dist-packages/sklearn/utils/validation.py", line 21, in <module>
    from ..utils._array_api import _asarray_with_order, _is_numpy_namespace, get_namespace
  File "/usr/local/lib/python3.12/dist-packages/sklearn/utils/_array_api.py", line 20, in <module>
    from .fixes import parse_version
  File "/usr/local/lib/python3.12/dist-packages/sklearn/utils/fixes.py", line 20, in <module>
    import pandas as pd
  File "/usr/local/lib/python3.12/dist-packages/pandas/__init__.py", line 49, in <module>
    from pandas.core.api import (
  File "/usr/local/lib/python3.12/dist-packages/pandas/core/api.py", line 28, in <module>
    from pandas.core.arrays import Categorical
  File "/usr/local/lib/python3.12/dist-packages/pandas/core/arrays/__init__.py", line 1, in <module>
    from pandas.core.arrays.arrow import ArrowExtensionArray
  File "/usr/local/lib/python3.12/dist-packages/pandas/core/arrays/arrow/__init__.py", line 5, in <module>
    from pandas.core.arrays.arrow.array import ArrowExtensionArray
  File "/usr/local/lib/python3.12/dist-packages/pandas/core/arrays/arrow/array.py", line 53, in <module>
    from pandas.core import (
  File "/usr/local/lib/python3.12/dist-packages/pandas/core/ops/__init__.py", line 8, in <module>
    from pandas.core.ops.array_ops import (
  File "/usr/local/lib/python3.12/dist-packages/pandas/core/ops/array_ops.py", line 56, in <module>
    from pandas.core.computation import expressions
  File "/usr/local/lib/python3.12/dist-packages/pandas/core/computation/expressions.py", line 21, in <module>
    from pandas.core.computation.check import NUMEXPR_INSTALLED
  File "/usr/local/lib/python3.12/dist-packages/pandas/core/computation/check.py", line 5, in <module>
    ne = import_optional_dependency("numexpr", errors="warn")
  File "/usr/local/lib/python3.12/dist-packages/pandas/compat/_optional.py", line 135, in import_optional_dependency
    module = importlib.import_module(name)
  File "/usr/lib/python3.12/importlib/__init__.py", line 90, in import_module
    return _bootstrap._gcd_import(name[level:], package, level)
  File "/usr/lib/python3/dist-packages/numexpr/__init__.py", line 24, in <module>
    from numexpr.interpreter import MAX_THREADS, use_vml, __BLOCK_SIZE1__

A module that was compiled using NumPy 1.x cannot be run in
NumPy 2.4.0 as it may crash. To support both 1.x and 2.x
versions of NumPy, modules must be compiled with NumPy 2.0.
Some module may need to rebuild instead e.g. with 'pybind11>=2.12'.

If you are a user of the module, the easiest solution will be to
downgrade to 'numpy<2' or try to upgrade the affected module.
We expect that some modules will need time to support NumPy 2.

Traceback (most recent call last):  File "<frozen runpy>", line 198, in _run_module_as_main
  File "<frozen runpy>", line 88, in _run_code
  File "/usr/local/lib/python3.12/dist-packages/joblib/externals/loky/backend/popen_loky_posix.py", line 180, in <module>
    exitcode = process_obj._bootstrap()
  File "/usr/lib/python3.12/multiprocessing/process.py", line 314, in _bootstrap
    self.run()
  File "/usr/lib/python3.12/multiprocessing/process.py", line 108, in run
    self._target(*self._args, **self._kwargs)
  File "/usr/local/lib/python3.12/dist-packages/joblib/externals/loky/process_executor.py", line 453, in _process_worker
    call_item = call_queue.get(block=True, timeout=timeout)
  File "/usr/lib/python3.12/multiprocessing/queues.py", line 122, in get
    return _ForkingPickler.loads(res)
  File "/usr/local/lib/python3.12/dist-packages/sklearn/__init__.py", line 73, in <module>
    from .base import clone  # noqa: E402
  File "/usr/local/lib/python3.12/dist-packages/sklearn/base.py", line 19, in <module>
    from .utils._metadata_requests import _MetadataRequester, _routing_enabled
  File "/usr/local/lib/python3.12/dist-packages/sklearn/utils/__init__.py", line 9, in <module>
    from ._chunking import gen_batches, gen_even_slices
  File "/usr/local/lib/python3.12/dist-packages/sklearn/utils/_chunking.py", line 11, in <module>
    from ._param_validation import Interval, validate_params
  File "/usr/local/lib/python3.12/dist-packages/sklearn/utils/_param_validation.py", line 17, in <module>
    from .validation import _is_arraylike_not_scalar
  File "/usr/local/lib/python3.12/dist-packages/sklearn/utils/validation.py", line 21, in <module>
    from ..utils._array_api import _asarray_with_order, _is_numpy_namespace, get_namespace
  File "/usr/local/lib/python3.12/dist-packages/sklearn/utils/_array_api.py", line 20, in <module>
    from .fixes import parse_version
  File "/usr/local/lib/python3.12/dist-packages/sklearn/utils/fixes.py", line 20, in <module>
    import pandas as pd
  File "/usr/local/lib/python3.12/dist-packages/pandas/__init__.py", line 49, in <module>
    from pandas.core.api import (
  File "/usr/local/lib/python3.12/dist-packages/pandas/core/api.py", line 28, in <module>
    from pandas.core.arrays import Categorical
  File "/usr/local/lib/python3.12/dist-packages/pandas/core/arrays/__init__.py", line 1, in <module>
    from pandas.core.arrays.arrow import ArrowExtensionArray
  File "/usr/local/lib/python3.12/dist-packages/pandas/core/arrays/arrow/__init__.py", line 5, in <module>
    from pandas.core.arrays.arrow.array import ArrowExtensionArray
  File "/usr/local/lib/python3.12/dist-packages/pandas/core/arrays/arrow/array.py", line 53, in <module>
    from pandas.core import (
  File "/usr/local/lib/python3.12/dist-packages/pandas/core/ops/__init__.py", line 8, in <module>
    from pandas.core.ops.array_ops import (
  File "/usr/local/lib/python3.12/dist-packages/pandas/core/ops/array_ops.py", line 56, in <module>
    from pandas.core.computation import expressions
  File "/usr/local/lib/python3.12/dist-packages/pandas/core/computation/expressions.py", line 21, in <module>
    from pandas.core.computation.check import NUMEXPR_INSTALLED
  File "/usr/local/lib/python3.12/dist-packages/pandas/core/computation/check.py", line 5, in <module>
    ne = import_optional_dependency("numexpr", errors="warn")
  File "/usr/local/lib/python3.12/dist-packages/pandas/compat/_optional.py", line 135, in import_optional_dependency
    module = importlib.import_module(name)
  File "/usr/lib/python3.12/importlib/__init__.py", line 90, in import_module
    return _bootstrap._gcd_import(name[level:], package, level)
  File "/usr/lib/python3/dist-packages/numexpr/__init__.py", line 24, in <module>
    from numexpr.interpreter import MAX_THREADS, use_vml, __BLOCK_SIZE1__
Traceback (most recent call last):
  File "/usr/local/lib/python3.12/dist-packages/numpy/core/_multiarray_umath.py", line 46, in __getattr__
    raise ImportError(msg)
ImportError: 
A module that was compiled using NumPy 1.x cannot be run in
NumPy 2.4.0 as it may crash. To support both 1.x and 2.x
versions of NumPy, modules must be compiled with NumPy 2.0.
Some module may need to rebuild instead e.g. with 'pybind11>=2.12'.

If you are a user of the module, the easiest solution will be to
downgrade to 'numpy<2' or try to upgrade the affected module.
We expect that some modules will need time to support NumPy 2.


Traceback (most recent call last):
  File "/usr/local/lib/python3.12/dist-packages/numpy/core/_multiarray_umath.py", line 46, in __getattr__
    raise ImportError(msg)
ImportError: 
A module that was compiled using NumPy 1.x cannot be run in
NumPy 2.4.0 as it may crash. To support both 1.x and 2.x
versions of NumPy, modules must be compiled with NumPy 2.0.
Some module may need to rebuild instead e.g. with 'pybind11>=2.12'.

If you are a user of the module, the easiest solution will be to
downgrade to 'numpy<2' or try to upgrade the affected module.
We expect that some modules will need time to support NumPy 2.


Traceback (most recent call last):
  File "/usr/local/lib/python3.12/dist-packages/numpy/core/_multiarray_umath.py", line 46, in __getattr__
    raise ImportError(msg)
ImportError: 
A module that was compiled using NumPy 1.x cannot be run in
NumPy 2.4.0 as it may crash. To support both 1.x and 2.x
versions of NumPy, modules must be compiled with NumPy 2.0.
Some module may need to rebuild instead e.g. with 'pybind11>=2.12'.

If you are a user of the module, the easiest solution will be to
downgrade to 'numpy<2' or try to upgrade the affected module.
We expect that some modules will need time to support NumPy 2.



A module that was compiled using NumPy 1.x cannot be run in
NumPy 2.4.0 as it may crash. To support both 1.x and 2.x
versions of NumPy, modules must be compiled with NumPy 2.0.
Some module may need to rebuild instead e.g. with 'pybind11>=2.12'.

If you are a user of the module, the easiest solution will be to
downgrade to 'numpy<2' or try to upgrade the affected module.
We expect that some modules will need time to support NumPy 2.

Traceback (most recent call last):  File "<frozen runpy>", line 198, in _run_module_as_main
  File "<frozen runpy>", line 88, in _run_code
  File "/usr/local/lib/python3.12/dist-packages/joblib/externals/loky/backend/popen_loky_posix.py", line 180, in <module>
    exitcode = process_obj._bootstrap()
  File "/usr/lib/python3.12/multiprocessing/process.py", line 314, in _bootstrap
    self.run()
  File "/usr/lib/python3.12/multiprocessing/process.py", line 108, in run
    self._target(*self._args, **self._kwargs)
  File "/usr/local/lib/python3.12/dist-packages/joblib/externals/loky/process_executor.py", line 453, in _process_worker
    call_item = call_queue.get(block=True, timeout=timeout)
  File "/usr/lib/python3.12/multiprocessing/queues.py", line 122, in get
    return _ForkingPickler.loads(res)
  File "/usr/local/lib/python3.12/dist-packages/sklearn/__init__.py", line 73, in <module>
    from .base import clone  # noqa: E402
  File "/usr/local/lib/python3.12/dist-packages/sklearn/base.py", line 19, in <module>
    from .utils._metadata_requests import _MetadataRequester, _routing_enabled
  File "/usr/local/lib/python3.12/dist-packages/sklearn/utils/__init__.py", line 9, in <module>
    from ._chunking import gen_batches, gen_even_slices
  File "/usr/local/lib/python3.12/dist-packages/sklearn/utils/_chunking.py", line 11, in <module>
    from ._param_validation import Interval, validate_params
  File "/usr/local/lib/python3.12/dist-packages/sklearn/utils/_param_validation.py", line 17, in <module>
    from .validation import _is_arraylike_not_scalar
  File "/usr/local/lib/python3.12/dist-packages/sklearn/utils/validation.py", line 21, in <module>
    from ..utils._array_api import _asarray_with_order, _is_numpy_namespace, get_namespace
  File "/usr/local/lib/python3.12/dist-packages/sklearn/utils/_array_api.py", line 20, in <module>
    from .fixes import parse_version
  File "/usr/local/lib/python3.12/dist-packages/sklearn/utils/fixes.py", line 20, in <module>
    import pandas as pd
  File "/usr/local/lib/python3.12/dist-packages/pandas/__init__.py", line 49, in <module>
    from pandas.core.api import (
  File "/usr/local/lib/python3.12/dist-packages/pandas/core/api.py", line 28, in <module>
    from pandas.core.arrays import Categorical
  File "/usr/local/lib/python3.12/dist-packages/pandas/core/arrays/__init__.py", line 1, in <module>
    from pandas.core.arrays.arrow import ArrowExtensionArray
  File "/usr/local/lib/python3.12/dist-packages/pandas/core/arrays/arrow/__init__.py", line 5, in <module>
    from pandas.core.arrays.arrow.array import ArrowExtensionArray
  File "/usr/local/lib/python3.12/dist-packages/pandas/core/arrays/arrow/array.py", line 67, in <module>
    from pandas.core.arrays.masked import BaseMaskedArray
  File "/usr/local/lib/python3.12/dist-packages/pandas/core/arrays/masked.py", line 61, in <module>
    from pandas.core import (
  File "/usr/local/lib/python3.12/dist-packages/pandas/core/nanops.py", line 52, in <module>
    bn = import_optional_dependency("bottleneck", errors="warn")
  File "/usr/local/lib/python3.12/dist-packages/pandas/compat/_optional.py", line 135, in import_optional_dependency
    module = importlib.import_module(name)
  File "/usr/lib/python3.12/importlib/__init__.py", line 90, in import_module
    return _bootstrap._gcd_import(name[level:], package, level)
  File "/usr/lib/python3/dist-packages/bottleneck/__init__.py", line 7, in <module>
    from .move import (move_argmax, move_argmin, move_max, move_mean, move_median,

A module that was compiled using NumPy 1.x cannot be run in
NumPy 2.4.0 as it may crash. To support both 1.x and 2.x
versions of NumPy, modules must be compiled with NumPy 2.0.
Some module may need to rebuild instead e.g. with 'pybind11>=2.12'.

If you are a user of the module, the easiest solution will be to
downgrade to 'numpy<2' or try to upgrade the affected module.
We expect that some modules will need time to support NumPy 2.

Traceback (most recent call last):  File "<frozen runpy>", line 198, in _run_module_as_main
  File "<frozen runpy>", line 88, in _run_code
  File "/usr/local/lib/python3.12/dist-packages/joblib/externals/loky/backend/popen_loky_posix.py", line 180, in <module>
    exitcode = process_obj._bootstrap()
  File "/usr/lib/python3.12/multiprocessing/process.py", line 314, in _bootstrap
    self.run()
  File "/usr/lib/python3.12/multiprocessing/process.py", line 108, in run
    self._target(*self._args, **self._kwargs)
  File "/usr/local/lib/python3.12/dist-packages/joblib/externals/loky/process_executor.py", line 453, in _process_worker
    call_item = call_queue.get(block=True, timeout=timeout)
  File "/usr/lib/python3.12/multiprocessing/queues.py", line 122, in get
    return _ForkingPickler.loads(res)
  File "/usr/local/lib/python3.12/dist-packages/sklearn/__init__.py", line 73, in <module>
    from .base import clone  # noqa: E402
  File "/usr/local/lib/python3.12/dist-packages/sklearn/base.py", line 19, in <module>
    from .utils._metadata_requests import _MetadataRequester, _routing_enabled
  File "/usr/local/lib/python3.12/dist-packages/sklearn/utils/__init__.py", line 9, in <module>
    from ._chunking import gen_batches, gen_even_slices
  File "/usr/local/lib/python3.12/dist-packages/sklearn/utils/_chunking.py", line 11, in <module>
    from ._param_validation import Interval, validate_params
  File "/usr/local/lib/python3.12/dist-packages/sklearn/utils/_param_validation.py", line 17, in <module>
    from .validation import _is_arraylike_not_scalar
  File "/usr/local/lib/python3.12/dist-packages/sklearn/utils/validation.py", line 21, in <module>
    from ..utils._array_api import _asarray_with_order, _is_numpy_namespace, get_namespace
  File "/usr/local/lib/python3.12/dist-packages/sklearn/utils/_array_api.py", line 20, in <module>
    from .fixes import parse_version
  File "/usr/local/lib/python3.12/dist-packages/sklearn/utils/fixes.py", line 20, in <module>
    import pandas as pd
  File "/usr/local/lib/python3.12/dist-packages/pandas/__init__.py", line 49, in <module>
    from pandas.core.api import (
  File "/usr/local/lib/python3.12/dist-packages/pandas/core/api.py", line 28, in <module>
    from pandas.core.arrays import Categorical
  File "/usr/local/lib/python3.12/dist-packages/pandas/core/arrays/__init__.py", line 1, in <module>
    from pandas.core.arrays.arrow import ArrowExtensionArray
  File "/usr/local/lib/python3.12/dist-packages/pandas/core/arrays/arrow/__init__.py", line 5, in <module>
    from pandas.core.arrays.arrow.array import ArrowExtensionArray
  File "/usr/local/lib/python3.12/dist-packages/pandas/core/arrays/arrow/array.py", line 53, in <module>
    from pandas.core import (
  File "/usr/local/lib/python3.12/dist-packages/pandas/core/ops/__init__.py", line 8, in <module>
    from pandas.core.ops.array_ops import (
  File "/usr/local/lib/python3.12/dist-packages/pandas/core/ops/array_ops.py", line 56, in <module>
    from pandas.core.computation import expressions
  File "/usr/local/lib/python3.12/dist-packages/pandas/core/computation/expressions.py", line 21, in <module>
    from pandas.core.computation.check import NUMEXPR_INSTALLED
  File "/usr/local/lib/python3.12/dist-packages/pandas/core/computation/check.py", line 5, in <module>
    ne = import_optional_dependency("numexpr", errors="warn")
  File "/usr/local/lib/python3.12/dist-packages/pandas/compat/_optional.py", line 135, in import_optional_dependency
    module = importlib.import_module(name)
  File "/usr/lib/python3.12/importlib/__init__.py", line 90, in import_module
    return _bootstrap._gcd_import(name[level:], package, level)
  File "/usr/lib/python3/dist-packages/numexpr/__init__.py", line 24, in <module>
    from numexpr.interpreter import MAX_THREADS, use_vml, __BLOCK_SIZE1__
Traceback (most recent call last):
  File "/usr/local/lib/python3.12/dist-packages/numpy/core/_multiarray_umath.py", line 46, in __getattr__
    raise ImportError(msg)
ImportError: 
A module that was compiled using NumPy 1.x cannot be run in
NumPy 2.4.0 as it may crash. To support both 1.x and 2.x
versions of NumPy, modules must be compiled with NumPy 2.0.
Some module may need to rebuild instead e.g. with 'pybind11>=2.12'.

If you are a user of the module, the easiest solution will be to
downgrade to 'numpy<2' or try to upgrade the affected module.
We expect that some modules will need time to support NumPy 2.


Traceback (most recent call last):
  File "/usr/local/lib/python3.12/dist-packages/numpy/core/_multiarray_umath.py", line 46, in __getattr__
    raise ImportError(msg)
ImportError: 
A module that was compiled using NumPy 1.x cannot be run in
NumPy 2.4.0 as it may crash. To support both 1.x and 2.x
versions of NumPy, modules must be compiled with NumPy 2.0.
Some module may need to rebuild instead e.g. with 'pybind11>=2.12'.

If you are a user of the module, the easiest solution will be to
downgrade to 'numpy<2' or try to upgrade the affected module.
We expect that some modules will need time to support NumPy 2.



A module that was compiled using NumPy 1.x cannot be run in
NumPy 2.4.0 as it may crash. To support both 1.x and 2.x
versions of NumPy, modules must be compiled with NumPy 2.0.
Some module may need to rebuild instead e.g. with 'pybind11>=2.12'.

If you are a user of the module, the easiest solution will be to
downgrade to 'numpy<2' or try to upgrade the affected module.
We expect that some modules will need time to support NumPy 2.

Traceback (most recent call last):  File "<frozen runpy>", line 198, in _run_module_as_main
  File "<frozen runpy>", line 88, in _run_code
  File "/usr/local/lib/python3.12/dist-packages/joblib/externals/loky/backend/popen_loky_posix.py", line 180, in <module>
    exitcode = process_obj._bootstrap()
  File "/usr/lib/python3.12/multiprocessing/process.py", line 314, in _bootstrap
    self.run()
  File "/usr/lib/python3.12/multiprocessing/process.py", line 108, in run
    self._target(*self._args, **self._kwargs)
  File "/usr/local/lib/python3.12/dist-packages/joblib/externals/loky/process_executor.py", line 453, in _process_worker
    call_item = call_queue.get(block=True, timeout=timeout)
  File "/usr/lib/python3.12/multiprocessing/queues.py", line 122, in get
    return _ForkingPickler.loads(res)
  File "/usr/local/lib/python3.12/dist-packages/sklearn/__init__.py", line 73, in <module>
    from .base import clone  # noqa: E402
  File "/usr/local/lib/python3.12/dist-packages/sklearn/base.py", line 19, in <module>
    from .utils._metadata_requests import _MetadataRequester, _routing_enabled
  File "/usr/local/lib/python3.12/dist-packages/sklearn/utils/__init__.py", line 9, in <module>
    from ._chunking import gen_batches, gen_even_slices
  File "/usr/local/lib/python3.12/dist-packages/sklearn/utils/_chunking.py", line 11, in <module>
    from ._param_validation import Interval, validate_params
  File "/usr/local/lib/python3.12/dist-packages/sklearn/utils/_param_validation.py", line 17, in <module>
    from .validation import _is_arraylike_not_scalar
  File "/usr/local/lib/python3.12/dist-packages/sklearn/utils/validation.py", line 21, in <module>
    from ..utils._array_api import _asarray_with_order, _is_numpy_namespace, get_namespace
  File "/usr/local/lib/python3.12/dist-packages/sklearn/utils/_array_api.py", line 20, in <module>
    from .fixes import parse_version
  File "/usr/local/lib/python3.12/dist-packages/sklearn/utils/fixes.py", line 20, in <module>
    import pandas as pd
  File "/usr/local/lib/python3.12/dist-packages/pandas/__init__.py", line 49, in <module>
    from pandas.core.api import (
  File "/usr/local/lib/python3.12/dist-packages/pandas/core/api.py", line 28, in <module>
    from pandas.core.arrays import Categorical
  File "/usr/local/lib/python3.12/dist-packages/pandas/core/arrays/__init__.py", line 1, in <module>
    from pandas.core.arrays.arrow import ArrowExtensionArray
  File "/usr/local/lib/python3.12/dist-packages/pandas/core/arrays/arrow/__init__.py", line 5, in <module>
    from pandas.core.arrays.arrow.array import ArrowExtensionArray
  File "/usr/local/lib/python3.12/dist-packages/pandas/core/arrays/arrow/array.py", line 67, in <module>
    from pandas.core.arrays.masked import BaseMaskedArray
  File "/usr/local/lib/python3.12/dist-packages/pandas/core/arrays/masked.py", line 61, in <module>
    from pandas.core import (
  File "/usr/local/lib/python3.12/dist-packages/pandas/core/nanops.py", line 52, in <module>
    bn = import_optional_dependency("bottleneck", errors="warn")
  File "/usr/local/lib/python3.12/dist-packages/pandas/compat/_optional.py", line 135, in import_optional_dependency
    module = importlib.import_module(name)
  File "/usr/lib/python3.12/importlib/__init__.py", line 90, in import_module
    return _bootstrap._gcd_import(name[level:], package, level)
  File "/usr/lib/python3/dist-packages/bottleneck/__init__.py", line 7, in <module>
    from .move import (move_argmax, move_argmin, move_max, move_mean, move_median,
Traceback (most recent call last):
  File "/usr/local/lib/python3.12/dist-packages/numpy/core/_multiarray_umath.py", line 46, in __getattr__
    raise ImportError(msg)
ImportError: 
A module that was compiled using NumPy 1.x cannot be run in
NumPy 2.4.0 as it may crash. To support both 1.x and 2.x
versions of NumPy, modules must be compiled with NumPy 2.0.
Some module may need to rebuild instead e.g. with 'pybind11>=2.12'.

If you are a user of the module, the easiest solution will be to
downgrade to 'numpy<2' or try to upgrade the affected module.
We expect that some modules will need time to support NumPy 2.


Traceback (most recent call last):
  File "/usr/local/lib/python3.12/dist-packages/numpy/core/_multiarray_umath.py", line 46, in __getattr__
    raise ImportError(msg)
ImportError: 
A module that was compiled using NumPy 1.x cannot be run in
NumPy 2.4.0 as it may crash. To support both 1.x and 2.x
versions of NumPy, modules must be compiled with NumPy 2.0.
Some module may need to rebuild instead e.g. with 'pybind11>=2.12'.

If you are a user of the module, the easiest solution will be to
downgrade to 'numpy<2' or try to upgrade the affected module.
We expect that some modules will need time to support NumPy 2.



A module that was compiled using NumPy 1.x cannot be run in
NumPy 2.4.0 as it may crash. To support both 1.x and 2.x
versions of NumPy, modules must be compiled with NumPy 2.0.
Some module may need to rebuild instead e.g. with 'pybind11>=2.12'.

If you are a user of the module, the easiest solution will be to
downgrade to 'numpy<2' or try to upgrade the affected module.
We expect that some modules will need time to support NumPy 2.

Traceback (most recent call last):  File "<frozen runpy>", line 198, in _run_module_as_main
  File "<frozen runpy>", line 88, in _run_code
  File "/usr/local/lib/python3.12/dist-packages/joblib/externals/loky/backend/popen_loky_posix.py", line 180, in <module>
    exitcode = process_obj._bootstrap()
  File "/usr/lib/python3.12/multiprocessing/process.py", line 314, in _bootstrap
    self.run()
  File "/usr/lib/python3.12/multiprocessing/process.py", line 108, in run
    self._target(*self._args, **self._kwargs)
  File "/usr/local/lib/python3.12/dist-packages/joblib/externals/loky/process_executor.py", line 453, in _process_worker
    call_item = call_queue.get(block=True, timeout=timeout)
  File "/usr/lib/python3.12/multiprocessing/queues.py", line 122, in get
    return _ForkingPickler.loads(res)
  File "/usr/local/lib/python3.12/dist-packages/sklearn/__init__.py", line 73, in <module>
    from .base import clone  # noqa: E402
  File "/usr/local/lib/python3.12/dist-packages/sklearn/base.py", line 19, in <module>
    from .utils._metadata_requests import _MetadataRequester, _routing_enabled
  File "/usr/local/lib/python3.12/dist-packages/sklearn/utils/__init__.py", line 9, in <module>
    from ._chunking import gen_batches, gen_even_slices
  File "/usr/local/lib/python3.12/dist-packages/sklearn/utils/_chunking.py", line 11, in <module>
    from ._param_validation import Interval, validate_params
  File "/usr/local/lib/python3.12/dist-packages/sklearn/utils/_param_validation.py", line 17, in <module>
    from .validation import _is_arraylike_not_scalar
  File "/usr/local/lib/python3.12/dist-packages/sklearn/utils/validation.py", line 21, in <module>
    from ..utils._array_api import _asarray_with_order, _is_numpy_namespace, get_namespace
  File "/usr/local/lib/python3.12/dist-packages/sklearn/utils/_array_api.py", line 20, in <module>
    from .fixes import parse_version
  File "/usr/local/lib/python3.12/dist-packages/sklearn/utils/fixes.py", line 20, in <module>
    import pandas as pd
  File "/usr/local/lib/python3.12/dist-packages/pandas/__init__.py", line 49, in <module>
    from pandas.core.api import (
  File "/usr/local/lib/python3.12/dist-packages/pandas/core/api.py", line 28, in <module>
    from pandas.core.arrays import Categorical
  File "/usr/local/lib/python3.12/dist-packages/pandas/core/arrays/__init__.py", line 1, in <module>
    from pandas.core.arrays.arrow import ArrowExtensionArray
  File "/usr/local/lib/python3.12/dist-packages/pandas/core/arrays/arrow/__init__.py", line 5, in <module>
    from pandas.core.arrays.arrow.array import ArrowExtensionArray
  File "/usr/local/lib/python3.12/dist-packages/pandas/core/arrays/arrow/array.py", line 53, in <module>
    from pandas.core import (
  File "/usr/local/lib/python3.12/dist-packages/pandas/core/ops/__init__.py", line 8, in <module>
    from pandas.core.ops.array_ops import (
  File "/usr/local/lib/python3.12/dist-packages/pandas/core/ops/array_ops.py", line 56, in <module>
    from pandas.core.computation import expressions
  File "/usr/local/lib/python3.12/dist-packages/pandas/core/computation/expressions.py", line 21, in <module>
    from pandas.core.computation.check import NUMEXPR_INSTALLED
  File "/usr/local/lib/python3.12/dist-packages/pandas/core/computation/check.py", line 5, in <module>
    ne = import_optional_dependency("numexpr", errors="warn")
  File "/usr/local/lib/python3.12/dist-packages/pandas/compat/_optional.py", line 135, in import_optional_dependency
    module = importlib.import_module(name)
  File "/usr/lib/python3.12/importlib/__init__.py", line 90, in import_module
    return _bootstrap._gcd_import(name[level:], package, level)
  File "/usr/lib/python3/dist-packages/numexpr/__init__.py", line 24, in <module>
    from numexpr.interpreter import MAX_THREADS, use_vml, __BLOCK_SIZE1__

A module that was compiled using NumPy 1.x cannot be run in
NumPy 2.4.0 as it may crash. To support both 1.x and 2.x
versions of NumPy, modules must be compiled with NumPy 2.0.
Some module may need to rebuild instead e.g. with 'pybind11>=2.12'.

If you are a user of the module, the easiest solution will be to
downgrade to 'numpy<2' or try to upgrade the affected module.
We expect that some modules will need time to support NumPy 2.

Traceback (most recent call last):  File "<frozen runpy>", line 198, in _run_module_as_main
  File "<frozen runpy>", line 88, in _run_code
  File "/usr/local/lib/python3.12/dist-packages/joblib/externals/loky/backend/popen_loky_posix.py", line 180, in <module>
    exitcode = process_obj._bootstrap()
  File "/usr/lib/python3.12/multiprocessing/process.py", line 314, in _bootstrap
    self.run()
  File "/usr/lib/python3.12/multiprocessing/process.py", line 108, in run
    self._target(*self._args, **self._kwargs)
  File "/usr/local/lib/python3.12/dist-packages/joblib/externals/loky/process_executor.py", line 453, in _process_worker
    call_item = call_queue.get(block=True, timeout=timeout)
  File "/usr/lib/python3.12/multiprocessing/queues.py", line 122, in get
    return _ForkingPickler.loads(res)
  File "/usr/local/lib/python3.12/dist-packages/sklearn/__init__.py", line 73, in <module>
    from .base import clone  # noqa: E402
  File "/usr/local/lib/python3.12/dist-packages/sklearn/base.py", line 19, in <module>
    from .utils._metadata_requests import _MetadataRequester, _routing_enabled
  File "/usr/local/lib/python3.12/dist-packages/sklearn/utils/__init__.py", line 9, in <module>
    from ._chunking import gen_batches, gen_even_slices
  File "/usr/local/lib/python3.12/dist-packages/sklearn/utils/_chunking.py", line 11, in <module>
    from ._param_validation import Interval, validate_params
  File "/usr/local/lib/python3.12/dist-packages/sklearn/utils/_param_validation.py", line 17, in <module>
    from .validation import _is_arraylike_not_scalar
  File "/usr/local/lib/python3.12/dist-packages/sklearn/utils/validation.py", line 21, in <module>
    from ..utils._array_api import _asarray_with_order, _is_numpy_namespace, get_namespace
  File "/usr/local/lib/python3.12/dist-packages/sklearn/utils/_array_api.py", line 20, in <module>
    from .fixes import parse_version
  File "/usr/local/lib/python3.12/dist-packages/sklearn/utils/fixes.py", line 20, in <module>
    import pandas as pd
  File "/usr/local/lib/python3.12/dist-packages/pandas/__init__.py", line 49, in <module>
    from pandas.core.api import (
  File "/usr/local/lib/python3.12/dist-packages/pandas/core/api.py", line 28, in <module>
    from pandas.core.arrays import Categorical
  File "/usr/local/lib/python3.12/dist-packages/pandas/core/arrays/__init__.py", line 1, in <module>
    from pandas.core.arrays.arrow import ArrowExtensionArray
  File "/usr/local/lib/python3.12/dist-packages/pandas/core/arrays/arrow/__init__.py", line 5, in <module>
    from pandas.core.arrays.arrow.array import ArrowExtensionArray
  File "/usr/local/lib/python3.12/dist-packages/pandas/core/arrays/arrow/array.py", line 67, in <module>
    from pandas.core.arrays.masked import BaseMaskedArray
  File "/usr/local/lib/python3.12/dist-packages/pandas/core/arrays/masked.py", line 61, in <module>
    from pandas.core import (
  File "/usr/local/lib/python3.12/dist-packages/pandas/core/nanops.py", line 52, in <module>
    bn = import_optional_dependency("bottleneck", errors="warn")
  File "/usr/local/lib/python3.12/dist-packages/pandas/compat/_optional.py", line 135, in import_optional_dependency
    module = importlib.import_module(name)
  File "/usr/lib/python3.12/importlib/__init__.py", line 90, in import_module
    return _bootstrap._gcd_import(name[level:], package, level)
  File "/usr/lib/python3/dist-packages/bottleneck/__init__.py", line 7, in <module>
    from .move import (move_argmax, move_argmin, move_max, move_mean, move_median,
Traceback (most recent call last):
  File "/usr/local/lib/python3.12/dist-packages/numpy/core/_multiarray_umath.py", line 46, in __getattr__
    raise ImportError(msg)
ImportError: 
A module that was compiled using NumPy 1.x cannot be run in
NumPy 2.4.0 as it may crash. To support both 1.x and 2.x
versions of NumPy, modules must be compiled with NumPy 2.0.
Some module may need to rebuild instead e.g. with 'pybind11>=2.12'.

If you are a user of the module, the easiest solution will be to
downgrade to 'numpy<2' or try to upgrade the affected module.
We expect that some modules will need time to support NumPy 2.



A module that was compiled using NumPy 1.x cannot be run in
NumPy 2.4.0 as it may crash. To support both 1.x and 2.x
versions of NumPy, modules must be compiled with NumPy 2.0.
Some module may need to rebuild instead e.g. with 'pybind11>=2.12'.

If you are a user of the module, the easiest solution will be to
downgrade to 'numpy<2' or try to upgrade the affected module.
We expect that some modules will need time to support NumPy 2.

Traceback (most recent call last):  File "<frozen runpy>", line 198, in _run_module_as_main
  File "<frozen runpy>", line 88, in _run_code
  File "/usr/local/lib/python3.12/dist-packages/joblib/externals/loky/backend/popen_loky_posix.py", line 180, in <module>
    exitcode = process_obj._bootstrap()
  File "/usr/lib/python3.12/multiprocessing/process.py", line 314, in _bootstrap
    self.run()
  File "/usr/lib/python3.12/multiprocessing/process.py", line 108, in run
    self._target(*self._args, **self._kwargs)
  File "/usr/local/lib/python3.12/dist-packages/joblib/externals/loky/process_executor.py", line 453, in _process_worker
    call_item = call_queue.get(block=True, timeout=timeout)
  File "/usr/lib/python3.12/multiprocessing/queues.py", line 122, in get
    return _ForkingPickler.loads(res)
  File "/usr/local/lib/python3.12/dist-packages/sklearn/__init__.py", line 73, in <module>
    from .base import clone  # noqa: E402
  File "/usr/local/lib/python3.12/dist-packages/sklearn/base.py", line 19, in <module>
    from .utils._metadata_requests import _MetadataRequester, _routing_enabled
  File "/usr/local/lib/python3.12/dist-packages/sklearn/utils/__init__.py", line 9, in <module>
    from ._chunking import gen_batches, gen_even_slices
  File "/usr/local/lib/python3.12/dist-packages/sklearn/utils/_chunking.py", line 11, in <module>
    from ._param_validation import Interval, validate_params
  File "/usr/local/lib/python3.12/dist-packages/sklearn/utils/_param_validation.py", line 17, in <module>
    from .validation import _is_arraylike_not_scalar
  File "/usr/local/lib/python3.12/dist-packages/sklearn/utils/validation.py", line 21, in <module>
    from ..utils._array_api import _asarray_with_order, _is_numpy_namespace, get_namespace
  File "/usr/local/lib/python3.12/dist-packages/sklearn/utils/_array_api.py", line 20, in <module>
    from .fixes import parse_version
  File "/usr/local/lib/python3.12/dist-packages/sklearn/utils/fixes.py", line 20, in <module>
    import pandas as pd
  File "/usr/local/lib/python3.12/dist-packages/pandas/__init__.py", line 49, in <module>
    from pandas.core.api import (
  File "/usr/local/lib/python3.12/dist-packages/pandas/core/api.py", line 28, in <module>
    from pandas.core.arrays import Categorical
  File "/usr/local/lib/python3.12/dist-packages/pandas/core/arrays/__init__.py", line 1, in <module>
    from pandas.core.arrays.arrow import ArrowExtensionArray
  File "/usr/local/lib/python3.12/dist-packages/pandas/core/arrays/arrow/__init__.py", line 5, in <module>
    from pandas.core.arrays.arrow.array import ArrowExtensionArray
  File "/usr/local/lib/python3.12/dist-packages/pandas/core/arrays/arrow/array.py", line 53, in <module>
    from pandas.core import (
  File "/usr/local/lib/python3.12/dist-packages/pandas/core/ops/__init__.py", line 8, in <module>
    from pandas.core.ops.array_ops import (
  File "/usr/local/lib/python3.12/dist-packages/pandas/core/ops/array_ops.py", line 56, in <module>
    from pandas.core.computation import expressions
  File "/usr/local/lib/python3.12/dist-packages/pandas/core/computation/expressions.py", line 21, in <module>
    from pandas.core.computation.check import NUMEXPR_INSTALLED
  File "/usr/local/lib/python3.12/dist-packages/pandas/core/computation/check.py", line 5, in <module>
    ne = import_optional_dependency("numexpr", errors="warn")
  File "/usr/local/lib/python3.12/dist-packages/pandas/compat/_optional.py", line 135, in import_optional_dependency
    module = importlib.import_module(name)
  File "/usr/lib/python3.12/importlib/__init__.py", line 90, in import_module
    return _bootstrap._gcd_import(name[level:], package, level)
  File "/usr/lib/python3/dist-packages/numexpr/__init__.py", line 24, in <module>
    from numexpr.interpreter import MAX_THREADS, use_vml, __BLOCK_SIZE1__

A module that was compiled using NumPy 1.x cannot be run in
NumPy 2.4.0 as it may crash. To support both 1.x and 2.x
versions of NumPy, modules must be compiled with NumPy 2.0.
Some module may need to rebuild instead e.g. with 'pybind11>=2.12'.

If you are a user of the module, the easiest solution will be to
downgrade to 'numpy<2' or try to upgrade the affected module.
We expect that some modules will need time to support NumPy 2.

Traceback (most recent call last):  File "<frozen runpy>", line 198, in _run_module_as_main
  File "<frozen runpy>", line 88, in _run_code
  File "/usr/local/lib/python3.12/dist-packages/joblib/externals/loky/backend/popen_loky_posix.py", line 180, in <module>
    exitcode = process_obj._bootstrap()
  File "/usr/lib/python3.12/multiprocessing/process.py", line 314, in _bootstrap
    self.run()
  File "/usr/lib/python3.12/multiprocessing/process.py", line 108, in run
    self._target(*self._args, **self._kwargs)
  File "/usr/local/lib/python3.12/dist-packages/joblib/externals/loky/process_executor.py", line 453, in _process_worker
    call_item = call_queue.get(block=True, timeout=timeout)
  File "/usr/lib/python3.12/multiprocessing/queues.py", line 122, in get
    return _ForkingPickler.loads(res)
  File "/usr/local/lib/python3.12/dist-packages/sklearn/__init__.py", line 73, in <module>
    from .base import clone  # noqa: E402
  File "/usr/local/lib/python3.12/dist-packages/sklearn/base.py", line 19, in <module>
    from .utils._metadata_requests import _MetadataRequester, _routing_enabled
  File "/usr/local/lib/python3.12/dist-packages/sklearn/utils/__init__.py", line 9, in <module>
    from ._chunking import gen_batches, gen_even_slices
  File "/usr/local/lib/python3.12/dist-packages/sklearn/utils/_chunking.py", line 11, in <module>
    from ._param_validation import Interval, validate_params
  File "/usr/local/lib/python3.12/dist-packages/sklearn/utils/_param_validation.py", line 17, in <module>
    from .validation import _is_arraylike_not_scalar
  File "/usr/local/lib/python3.12/dist-packages/sklearn/utils/validation.py", line 21, in <module>
    from ..utils._array_api import _asarray_with_order, _is_numpy_namespace, get_namespace
  File "/usr/local/lib/python3.12/dist-packages/sklearn/utils/_array_api.py", line 20, in <module>
    from .fixes import parse_version
  File "/usr/local/lib/python3.12/dist-packages/sklearn/utils/fixes.py", line 20, in <module>
    import pandas as pd
  File "/usr/local/lib/python3.12/dist-packages/pandas/__init__.py", line 49, in <module>
    from pandas.core.api import (
  File "/usr/local/lib/python3.12/dist-packages/pandas/core/api.py", line 28, in <module>
    from pandas.core.arrays import Categorical
  File "/usr/local/lib/python3.12/dist-packages/pandas/core/arrays/__init__.py", line 1, in <module>
    from pandas.core.arrays.arrow import ArrowExtensionArray
  File "/usr/local/lib/python3.12/dist-packages/pandas/core/arrays/arrow/__init__.py", line 5, in <module>
    from pandas.core.arrays.arrow.array import ArrowExtensionArray
  File "/usr/local/lib/python3.12/dist-packages/pandas/core/arrays/arrow/array.py", line 67, in <module>
    from pandas.core.arrays.masked import BaseMaskedArray
  File "/usr/local/lib/python3.12/dist-packages/pandas/core/arrays/masked.py", line 61, in <module>
    from pandas.core import (
  File "/usr/local/lib/python3.12/dist-packages/pandas/core/nanops.py", line 52, in <module>
    bn = import_optional_dependency("bottleneck", errors="warn")
  File "/usr/local/lib/python3.12/dist-packages/pandas/compat/_optional.py", line 135, in import_optional_dependency
    module = importlib.import_module(name)
  File "/usr/lib/python3.12/importlib/__init__.py", line 90, in import_module
    return _bootstrap._gcd_import(name[level:], package, level)
  File "/usr/lib/python3/dist-packages/bottleneck/__init__.py", line 7, in <module>
    from .move import (move_argmax, move_argmin, move_max, move_mean, move_median,
Traceback (most recent call last):
  File "/usr/local/lib/python3.12/dist-packages/numpy/core/_multiarray_umath.py", line 46, in __getattr__
    raise ImportError(msg)
ImportError: 
A module that was compiled using NumPy 1.x cannot be run in
NumPy 2.4.0 as it may crash. To support both 1.x and 2.x
versions of NumPy, modules must be compiled with NumPy 2.0.
Some module may need to rebuild instead e.g. with 'pybind11>=2.12'.

If you are a user of the module, the easiest solution will be to
downgrade to 'numpy<2' or try to upgrade the affected module.
We expect that some modules will need time to support NumPy 2.



A module that was compiled using NumPy 1.x cannot be run in
NumPy 2.4.0 as it may crash. To support both 1.x and 2.x
versions of NumPy, modules must be compiled with NumPy 2.0.
Some module may need to rebuild instead e.g. with 'pybind11>=2.12'.

If you are a user of the module, the easiest solution will be to
downgrade to 'numpy<2' or try to upgrade the affected module.
We expect that some modules will need time to support NumPy 2.

Traceback (most recent call last):  File "<frozen runpy>", line 198, in _run_module_as_main
  File "<frozen runpy>", line 88, in _run_code
  File "/usr/local/lib/python3.12/dist-packages/joblib/externals/loky/backend/popen_loky_posix.py", line 180, in <module>
    exitcode = process_obj._bootstrap()
  File "/usr/lib/python3.12/multiprocessing/process.py", line 314, in _bootstrap
    self.run()
  File "/usr/lib/python3.12/multiprocessing/process.py", line 108, in run
    self._target(*self._args, **self._kwargs)
  File "/usr/local/lib/python3.12/dist-packages/joblib/externals/loky/process_executor.py", line 453, in _process_worker
    call_item = call_queue.get(block=True, timeout=timeout)
  File "/usr/lib/python3.12/multiprocessing/queues.py", line 122, in get
    return _ForkingPickler.loads(res)
  File "/usr/local/lib/python3.12/dist-packages/sklearn/__init__.py", line 73, in <module>
    from .base import clone  # noqa: E402
  File "/usr/local/lib/python3.12/dist-packages/sklearn/base.py", line 19, in <module>
    from .utils._metadata_requests import _MetadataRequester, _routing_enabled
  File "/usr/local/lib/python3.12/dist-packages/sklearn/utils/__init__.py", line 9, in <module>
    from ._chunking import gen_batches, gen_even_slices
  File "/usr/local/lib/python3.12/dist-packages/sklearn/utils/_chunking.py", line 11, in <module>
    from ._param_validation import Interval, validate_params
  File "/usr/local/lib/python3.12/dist-packages/sklearn/utils/_param_validation.py", line 17, in <module>
    from .validation import _is_arraylike_not_scalar
  File "/usr/local/lib/python3.12/dist-packages/sklearn/utils/validation.py", line 21, in <module>
    from ..utils._array_api import _asarray_with_order, _is_numpy_namespace, get_namespace
  File "/usr/local/lib/python3.12/dist-packages/sklearn/utils/_array_api.py", line 20, in <module>
    from .fixes import parse_version
  File "/usr/local/lib/python3.12/dist-packages/sklearn/utils/fixes.py", line 20, in <module>
    import pandas as pd
  File "/usr/local/lib/python3.12/dist-packages/pandas/__init__.py", line 49, in <module>
    from pandas.core.api import (
  File "/usr/local/lib/python3.12/dist-packages/pandas/core/api.py", line 28, in <module>
    from pandas.core.arrays import Categorical
  File "/usr/local/lib/python3.12/dist-packages/pandas/core/arrays/__init__.py", line 1, in <module>
    from pandas.core.arrays.arrow import ArrowExtensionArray
  File "/usr/local/lib/python3.12/dist-packages/pandas/core/arrays/arrow/__init__.py", line 5, in <module>
    from pandas.core.arrays.arrow.array import ArrowExtensionArray
  File "/usr/local/lib/python3.12/dist-packages/pandas/core/arrays/arrow/array.py", line 53, in <module>
    from pandas.core import (
  File "/usr/local/lib/python3.12/dist-packages/pandas/core/ops/__init__.py", line 8, in <module>
    from pandas.core.ops.array_ops import (
  File "/usr/local/lib/python3.12/dist-packages/pandas/core/ops/array_ops.py", line 56, in <module>
    from pandas.core.computation import expressions
  File "/usr/local/lib/python3.12/dist-packages/pandas/core/computation/expressions.py", line 21, in <module>
    from pandas.core.computation.check import NUMEXPR_INSTALLED
  File "/usr/local/lib/python3.12/dist-packages/pandas/core/computation/check.py", line 5, in <module>
    ne = import_optional_dependency("numexpr", errors="warn")
  File "/usr/local/lib/python3.12/dist-packages/pandas/compat/_optional.py", line 135, in import_optional_dependency
    module = importlib.import_module(name)
  File "/usr/lib/python3.12/importlib/__init__.py", line 90, in import_module
    return _bootstrap._gcd_import(name[level:], package, level)
  File "/usr/lib/python3/dist-packages/numexpr/__init__.py", line 24, in <module>
    from numexpr.interpreter import MAX_THREADS, use_vml, __BLOCK_SIZE1__

A module that was compiled using NumPy 1.x cannot be run in
NumPy 2.4.0 as it may crash. To support both 1.x and 2.x
versions of NumPy, modules must be compiled with NumPy 2.0.
Some module may need to rebuild instead e.g. with 'pybind11>=2.12'.

If you are a user of the module, the easiest solution will be to
downgrade to 'numpy<2' or try to upgrade the affected module.
We expect that some modules will need time to support NumPy 2.

Traceback (most recent call last):  File "<frozen runpy>", line 198, in _run_module_as_main
  File "<frozen runpy>", line 88, in _run_code
  File "/usr/local/lib/python3.12/dist-packages/joblib/externals/loky/backend/popen_loky_posix.py", line 180, in <module>
    exitcode = process_obj._bootstrap()
  File "/usr/lib/python3.12/multiprocessing/process.py", line 314, in _bootstrap
    self.run()
  File "/usr/lib/python3.12/multiprocessing/process.py", line 108, in run
    self._target(*self._args, **self._kwargs)
  File "/usr/local/lib/python3.12/dist-packages/joblib/externals/loky/process_executor.py", line 453, in _process_worker
    call_item = call_queue.get(block=True, timeout=timeout)
  File "/usr/lib/python3.12/multiprocessing/queues.py", line 122, in get
    return _ForkingPickler.loads(res)
  File "/usr/local/lib/python3.12/dist-packages/sklearn/__init__.py", line 73, in <module>
    from .base import clone  # noqa: E402
  File "/usr/local/lib/python3.12/dist-packages/sklearn/base.py", line 19, in <module>
    from .utils._metadata_requests import _MetadataRequester, _routing_enabled
  File "/usr/local/lib/python3.12/dist-packages/sklearn/utils/__init__.py", line 9, in <module>
    from ._chunking import gen_batches, gen_even_slices
  File "/usr/local/lib/python3.12/dist-packages/sklearn/utils/_chunking.py", line 11, in <module>
    from ._param_validation import Interval, validate_params
  File "/usr/local/lib/python3.12/dist-packages/sklearn/utils/_param_validation.py", line 17, in <module>
    from .validation import _is_arraylike_not_scalar
  File "/usr/local/lib/python3.12/dist-packages/sklearn/utils/validation.py", line 21, in <module>
    from ..utils._array_api import _asarray_with_order, _is_numpy_namespace, get_namespace
  File "/usr/local/lib/python3.12/dist-packages/sklearn/utils/_array_api.py", line 20, in <module>
    from .fixes import parse_version
  File "/usr/local/lib/python3.12/dist-packages/sklearn/utils/fixes.py", line 20, in <module>
    import pandas as pd
  File "/usr/local/lib/python3.12/dist-packages/pandas/__init__.py", line 49, in <module>
    from pandas.core.api import (
  File "/usr/local/lib/python3.12/dist-packages/pandas/core/api.py", line 28, in <module>
    from pandas.core.arrays import Categorical
  File "/usr/local/lib/python3.12/dist-packages/pandas/core/arrays/__init__.py", line 1, in <module>
    from pandas.core.arrays.arrow import ArrowExtensionArray
  File "/usr/local/lib/python3.12/dist-packages/pandas/core/arrays/arrow/__init__.py", line 5, in <module>
    from pandas.core.arrays.arrow.array import ArrowExtensionArray
  File "/usr/local/lib/python3.12/dist-packages/pandas/core/arrays/arrow/array.py", line 53, in <module>
    from pandas.core import (
  File "/usr/local/lib/python3.12/dist-packages/pandas/core/ops/__init__.py", line 8, in <module>
    from pandas.core.ops.array_ops import (
  File "/usr/local/lib/python3.12/dist-packages/pandas/core/ops/array_ops.py", line 56, in <module>
    from pandas.core.computation import expressions
  File "/usr/local/lib/python3.12/dist-packages/pandas/core/computation/expressions.py", line 21, in <module>
    from pandas.core.computation.check import NUMEXPR_INSTALLED
  File "/usr/local/lib/python3.12/dist-packages/pandas/core/computation/check.py", line 5, in <module>
    ne = import_optional_dependency("numexpr", errors="warn")
  File "/usr/local/lib/python3.12/dist-packages/pandas/compat/_optional.py", line 135, in import_optional_dependency
    module = importlib.import_module(name)
  File "/usr/lib/python3.12/importlib/__init__.py", line 90, in import_module
    return _bootstrap._gcd_import(name[level:], package, level)
  File "/usr/lib/python3/dist-packages/numexpr/__init__.py", line 24, in <module>
    from numexpr.interpreter import MAX_THREADS, use_vml, __BLOCK_SIZE1__

A module that was compiled using NumPy 1.x cannot be run in
NumPy 2.4.0 as it may crash. To support both 1.x and 2.x
versions of NumPy, modules must be compiled with NumPy 2.0.
Some module may need to rebuild instead e.g. with 'pybind11>=2.12'.

If you are a user of the module, the easiest solution will be to
downgrade to 'numpy<2' or try to upgrade the affected module.
We expect that some modules will need time to support NumPy 2.

Traceback (most recent call last):  File "<frozen runpy>", line 198, in _run_module_as_main
  File "<frozen runpy>", line 88, in _run_code
  File "/usr/local/lib/python3.12/dist-packages/joblib/externals/loky/backend/popen_loky_posix.py", line 180, in <module>
    exitcode = process_obj._bootstrap()
  File "/usr/lib/python3.12/multiprocessing/process.py", line 314, in _bootstrap
    self.run()
  File "/usr/lib/python3.12/multiprocessing/process.py", line 108, in run
    self._target(*self._args, **self._kwargs)
  File "/usr/local/lib/python3.12/dist-packages/joblib/externals/loky/process_executor.py", line 453, in _process_worker
    call_item = call_queue.get(block=True, timeout=timeout)
  File "/usr/lib/python3.12/multiprocessing/queues.py", line 122, in get
    return _ForkingPickler.loads(res)
  File "/usr/local/lib/python3.12/dist-packages/sklearn/__init__.py", line 73, in <module>
    from .base import clone  # noqa: E402
  File "/usr/local/lib/python3.12/dist-packages/sklearn/base.py", line 19, in <module>
    from .utils._metadata_requests import _MetadataRequester, _routing_enabled
  File "/usr/local/lib/python3.12/dist-packages/sklearn/utils/__init__.py", line 9, in <module>
    from ._chunking import gen_batches, gen_even_slices
  File "/usr/local/lib/python3.12/dist-packages/sklearn/utils/_chunking.py", line 11, in <module>
    from ._param_validation import Interval, validate_params
  File "/usr/local/lib/python3.12/dist-packages/sklearn/utils/_param_validation.py", line 17, in <module>
    from .validation import _is_arraylike_not_scalar
  File "/usr/local/lib/python3.12/dist-packages/sklearn/utils/validation.py", line 21, in <module>
    from ..utils._array_api import _asarray_with_order, _is_numpy_namespace, get_namespace
  File "/usr/local/lib/python3.12/dist-packages/sklearn/utils/_array_api.py", line 20, in <module>
    from .fixes import parse_version
  File "/usr/local/lib/python3.12/dist-packages/sklearn/utils/fixes.py", line 20, in <module>
    import pandas as pd
  File "/usr/local/lib/python3.12/dist-packages/pandas/__init__.py", line 49, in <module>
    from pandas.core.api import (
  File "/usr/local/lib/python3.12/dist-packages/pandas/core/api.py", line 28, in <module>
    from pandas.core.arrays import Categorical
  File "/usr/local/lib/python3.12/dist-packages/pandas/core/arrays/__init__.py", line 1, in <module>
    from pandas.core.arrays.arrow import ArrowExtensionArray
  File "/usr/local/lib/python3.12/dist-packages/pandas/core/arrays/arrow/__init__.py", line 5, in <module>
    from pandas.core.arrays.arrow.array import ArrowExtensionArray
  File "/usr/local/lib/python3.12/dist-packages/pandas/core/arrays/arrow/array.py", line 67, in <module>
    from pandas.core.arrays.masked import BaseMaskedArray
  File "/usr/local/lib/python3.12/dist-packages/pandas/core/arrays/masked.py", line 61, in <module>
    from pandas.core import (
  File "/usr/local/lib/python3.12/dist-packages/pandas/core/nanops.py", line 52, in <module>
    bn = import_optional_dependency("bottleneck", errors="warn")
  File "/usr/local/lib/python3.12/dist-packages/pandas/compat/_optional.py", line 135, in import_optional_dependency
    module = importlib.import_module(name)
  File "/usr/lib/python3.12/importlib/__init__.py", line 90, in import_module
    return _bootstrap._gcd_import(name[level:], package, level)
  File "/usr/lib/python3/dist-packages/bottleneck/__init__.py", line 7, in <module>
    from .move import (move_argmax, move_argmin, move_max, move_mean, move_median,

A module that was compiled using NumPy 1.x cannot be run in
NumPy 2.4.0 as it may crash. To support both 1.x and 2.x
versions of NumPy, modules must be compiled with NumPy 2.0.
Some module may need to rebuild instead e.g. with 'pybind11>=2.12'.

If you are a user of the module, the easiest solution will be to
downgrade to 'numpy<2' or try to upgrade the affected module.
We expect that some modules will need time to support NumPy 2.

Traceback (most recent call last):  File "<frozen runpy>", line 198, in _run_module_as_main
  File "<frozen runpy>", line 88, in _run_code
  File "/usr/local/lib/python3.12/dist-packages/joblib/externals/loky/backend/popen_loky_posix.py", line 180, in <module>
    exitcode = process_obj._bootstrap()
  File "/usr/lib/python3.12/multiprocessing/process.py", line 314, in _bootstrap
    self.run()
  File "/usr/lib/python3.12/multiprocessing/process.py", line 108, in run
    self._target(*self._args, **self._kwargs)
  File "/usr/local/lib/python3.12/dist-packages/joblib/externals/loky/process_executor.py", line 453, in _process_worker
    call_item = call_queue.get(block=True, timeout=timeout)
  File "/usr/lib/python3.12/multiprocessing/queues.py", line 122, in get
    return _ForkingPickler.loads(res)
  File "/usr/local/lib/python3.12/dist-packages/sklearn/__init__.py", line 73, in <module>
    from .base import clone  # noqa: E402
  File "/usr/local/lib/python3.12/dist-packages/sklearn/base.py", line 19, in <module>
    from .utils._metadata_requests import _MetadataRequester, _routing_enabled
  File "/usr/local/lib/python3.12/dist-packages/sklearn/utils/__init__.py", line 9, in <module>
    from ._chunking import gen_batches, gen_even_slices
  File "/usr/local/lib/python3.12/dist-packages/sklearn/utils/_chunking.py", line 11, in <module>
    from ._param_validation import Interval, validate_params
  File "/usr/local/lib/python3.12/dist-packages/sklearn/utils/_param_validation.py", line 17, in <module>
    from .validation import _is_arraylike_not_scalar
  File "/usr/local/lib/python3.12/dist-packages/sklearn/utils/validation.py", line 21, in <module>
    from ..utils._array_api import _asarray_with_order, _is_numpy_namespace, get_namespace
  File "/usr/local/lib/python3.12/dist-packages/sklearn/utils/_array_api.py", line 20, in <module>
    from .fixes import parse_version
  File "/usr/local/lib/python3.12/dist-packages/sklearn/utils/fixes.py", line 20, in <module>
    import pandas as pd
  File "/usr/local/lib/python3.12/dist-packages/pandas/__init__.py", line 49, in <module>
    from pandas.core.api import (
  File "/usr/local/lib/python3.12/dist-packages/pandas/core/api.py", line 28, in <module>
    from pandas.core.arrays import Categorical
  File "/usr/local/lib/python3.12/dist-packages/pandas/core/arrays/__init__.py", line 1, in <module>
    from pandas.core.arrays.arrow import ArrowExtensionArray
  File "/usr/local/lib/python3.12/dist-packages/pandas/core/arrays/arrow/__init__.py", line 5, in <module>
    from pandas.core.arrays.arrow.array import ArrowExtensionArray
  File "/usr/local/lib/python3.12/dist-packages/pandas/core/arrays/arrow/array.py", line 53, in <module>
    from pandas.core import (
  File "/usr/local/lib/python3.12/dist-packages/pandas/core/ops/__init__.py", line 8, in <module>
    from pandas.core.ops.array_ops import (
  File "/usr/local/lib/python3.12/dist-packages/pandas/core/ops/array_ops.py", line 56, in <module>
    from pandas.core.computation import expressions
  File "/usr/local/lib/python3.12/dist-packages/pandas/core/computation/expressions.py", line 21, in <module>
    from pandas.core.computation.check import NUMEXPR_INSTALLED
  File "/usr/local/lib/python3.12/dist-packages/pandas/core/computation/check.py", line 5, in <module>
    ne = import_optional_dependency("numexpr", errors="warn")
  File "/usr/local/lib/python3.12/dist-packages/pandas/compat/_optional.py", line 135, in import_optional_dependency
    module = importlib.import_module(name)
  File "/usr/lib/python3.12/importlib/__init__.py", line 90, in import_module
    return _bootstrap._gcd_import(name[level:], package, level)
  File "/usr/lib/python3/dist-packages/numexpr/__init__.py", line 24, in <module>
    from numexpr.interpreter import MAX_THREADS, use_vml, __BLOCK_SIZE1__
Traceback (most recent call last):
  File "/usr/local/lib/python3.12/dist-packages/numpy/core/_multiarray_umath.py", line 46, in __getattr__
    raise ImportError(msg)
ImportError: 
A module that was compiled using NumPy 1.x cannot be run in
NumPy 2.4.0 as it may crash. To support both 1.x and 2.x
versions of NumPy, modules must be compiled with NumPy 2.0.
Some module may need to rebuild instead e.g. with 'pybind11>=2.12'.

If you are a user of the module, the easiest solution will be to
downgrade to 'numpy<2' or try to upgrade the affected module.
We expect that some modules will need time to support NumPy 2.


Traceback (most recent call last):
  File "/usr/local/lib/python3.12/dist-packages/numpy/core/_multiarray_umath.py", line 46, in __getattr__
    raise ImportError(msg)
ImportError: 
A module that was compiled using NumPy 1.x cannot be run in
NumPy 2.4.0 as it may crash. To support both 1.x and 2.x
versions of NumPy, modules must be compiled with NumPy 2.0.
Some module may need to rebuild instead e.g. with 'pybind11>=2.12'.

If you are a user of the module, the easiest solution will be to
downgrade to 'numpy<2' or try to upgrade the affected module.
We expect that some modules will need time to support NumPy 2.


Traceback (most recent call last):
  File "/usr/local/lib/python3.12/dist-packages/numpy/core/_multiarray_umath.py", line 46, in __getattr__
    raise ImportError(msg)
ImportError: 
A module that was compiled using NumPy 1.x cannot be run in
NumPy 2.4.0 as it may crash. To support both 1.x and 2.x
versions of NumPy, modules must be compiled with NumPy 2.0.
Some module may need to rebuild instead e.g. with 'pybind11>=2.12'.

If you are a user of the module, the easiest solution will be to
downgrade to 'numpy<2' or try to upgrade the affected module.
We expect that some modules will need time to support NumPy 2.


Traceback (most recent call last):
  File "/usr/local/lib/python3.12/dist-packages/numpy/core/_multiarray_umath.py", line 46, in __getattr__
    raise ImportError(msg)
ImportError: 
A module that was compiled using NumPy 1.x cannot be run in
NumPy 2.4.0 as it may crash. To support both 1.x and 2.x
versions of NumPy, modules must be compiled with NumPy 2.0.
Some module may need to rebuild instead e.g. with 'pybind11>=2.12'.

If you are a user of the module, the easiest solution will be to
downgrade to 'numpy<2' or try to upgrade the affected module.
We expect that some modules will need time to support NumPy 2.



A module that was compiled using NumPy 1.x cannot be run in
NumPy 2.4.0 as it may crash. To support both 1.x and 2.x
versions of NumPy, modules must be compiled with NumPy 2.0.
Some module may need to rebuild instead e.g. with 'pybind11>=2.12'.

If you are a user of the module, the easiest solution will be to
downgrade to 'numpy<2' or try to upgrade the affected module.
We expect that some modules will need time to support NumPy 2.

Traceback (most recent call last):  File "<frozen runpy>", line 198, in _run_module_as_main
  File "<frozen runpy>", line 88, in _run_code
  File "/usr/local/lib/python3.12/dist-packages/joblib/externals/loky/backend/popen_loky_posix.py", line 180, in <module>
    exitcode = process_obj._bootstrap()
  File "/usr/lib/python3.12/multiprocessing/process.py", line 314, in _bootstrap
    self.run()
  File "/usr/lib/python3.12/multiprocessing/process.py", line 108, in run
    self._target(*self._args, **self._kwargs)
  File "/usr/local/lib/python3.12/dist-packages/joblib/externals/loky/process_executor.py", line 453, in _process_worker
    call_item = call_queue.get(block=True, timeout=timeout)
  File "/usr/lib/python3.12/multiprocessing/queues.py", line 122, in get
    return _ForkingPickler.loads(res)
  File "/usr/local/lib/python3.12/dist-packages/sklearn/__init__.py", line 73, in <module>
    from .base import clone  # noqa: E402
  File "/usr/local/lib/python3.12/dist-packages/sklearn/base.py", line 19, in <module>
    from .utils._metadata_requests import _MetadataRequester, _routing_enabled
  File "/usr/local/lib/python3.12/dist-packages/sklearn/utils/__init__.py", line 9, in <module>
    from ._chunking import gen_batches, gen_even_slices
  File "/usr/local/lib/python3.12/dist-packages/sklearn/utils/_chunking.py", line 11, in <module>
    from ._param_validation import Interval, validate_params
  File "/usr/local/lib/python3.12/dist-packages/sklearn/utils/_param_validation.py", line 17, in <module>
    from .validation import _is_arraylike_not_scalar
  File "/usr/local/lib/python3.12/dist-packages/sklearn/utils/validation.py", line 21, in <module>
    from ..utils._array_api import _asarray_with_order, _is_numpy_namespace, get_namespace
  File "/usr/local/lib/python3.12/dist-packages/sklearn/utils/_array_api.py", line 20, in <module>
    from .fixes import parse_version
  File "/usr/local/lib/python3.12/dist-packages/sklearn/utils/fixes.py", line 20, in <module>
    import pandas as pd
  File "/usr/local/lib/python3.12/dist-packages/pandas/__init__.py", line 49, in <module>
    from pandas.core.api import (
  File "/usr/local/lib/python3.12/dist-packages/pandas/core/api.py", line 28, in <module>
    from pandas.core.arrays import Categorical
  File "/usr/local/lib/python3.12/dist-packages/pandas/core/arrays/__init__.py", line 1, in <module>
    from pandas.core.arrays.arrow import ArrowExtensionArray
  File "/usr/local/lib/python3.12/dist-packages/pandas/core/arrays/arrow/__init__.py", line 5, in <module>
    from pandas.core.arrays.arrow.array import ArrowExtensionArray
  File "/usr/local/lib/python3.12/dist-packages/pandas/core/arrays/arrow/array.py", line 67, in <module>
    from pandas.core.arrays.masked import BaseMaskedArray
  File "/usr/local/lib/python3.12/dist-packages/pandas/core/arrays/masked.py", line 61, in <module>
    from pandas.core import (
  File "/usr/local/lib/python3.12/dist-packages/pandas/core/nanops.py", line 52, in <module>
    bn = import_optional_dependency("bottleneck", errors="warn")
  File "/usr/local/lib/python3.12/dist-packages/pandas/compat/_optional.py", line 135, in import_optional_dependency
    module = importlib.import_module(name)
  File "/usr/lib/python3.12/importlib/__init__.py", line 90, in import_module
    return _bootstrap._gcd_import(name[level:], package, level)
  File "/usr/lib/python3/dist-packages/bottleneck/__init__.py", line 7, in <module>
    from .move import (move_argmax, move_argmin, move_max, move_mean, move_median,
Traceback (most recent call last):
  File "/usr/local/lib/python3.12/dist-packages/numpy/core/_multiarray_umath.py", line 46, in __getattr__
    raise ImportError(msg)
ImportError: 
A module that was compiled using NumPy 1.x cannot be run in
NumPy 2.4.0 as it may crash. To support both 1.x and 2.x
versions of NumPy, modules must be compiled with NumPy 2.0.
Some module may need to rebuild instead e.g. with 'pybind11>=2.12'.

If you are a user of the module, the easiest solution will be to
downgrade to 'numpy<2' or try to upgrade the affected module.
We expect that some modules will need time to support NumPy 2.



A module that was compiled using NumPy 1.x cannot be run in
NumPy 2.4.0 as it may crash. To support both 1.x and 2.x
versions of NumPy, modules must be compiled with NumPy 2.0.
Some module may need to rebuild instead e.g. with 'pybind11>=2.12'.

If you are a user of the module, the easiest solution will be to
downgrade to 'numpy<2' or try to upgrade the affected module.
We expect that some modules will need time to support NumPy 2.

Traceback (most recent call last):  File "<frozen runpy>", line 198, in _run_module_as_main
  File "<frozen runpy>", line 88, in _run_code
  File "/usr/local/lib/python3.12/dist-packages/joblib/externals/loky/backend/popen_loky_posix.py", line 180, in <module>
    exitcode = process_obj._bootstrap()
  File "/usr/lib/python3.12/multiprocessing/process.py", line 314, in _bootstrap
    self.run()
  File "/usr/lib/python3.12/multiprocessing/process.py", line 108, in run
    self._target(*self._args, **self._kwargs)
  File "/usr/local/lib/python3.12/dist-packages/joblib/externals/loky/process_executor.py", line 453, in _process_worker
    call_item = call_queue.get(block=True, timeout=timeout)
  File "/usr/lib/python3.12/multiprocessing/queues.py", line 122, in get
    return _ForkingPickler.loads(res)
  File "/usr/local/lib/python3.12/dist-packages/sklearn/__init__.py", line 73, in <module>
    from .base import clone  # noqa: E402
  File "/usr/local/lib/python3.12/dist-packages/sklearn/base.py", line 19, in <module>
    from .utils._metadata_requests import _MetadataRequester, _routing_enabled
  File "/usr/local/lib/python3.12/dist-packages/sklearn/utils/__init__.py", line 9, in <module>
    from ._chunking import gen_batches, gen_even_slices
  File "/usr/local/lib/python3.12/dist-packages/sklearn/utils/_chunking.py", line 11, in <module>
    from ._param_validation import Interval, validate_params
  File "/usr/local/lib/python3.12/dist-packages/sklearn/utils/_param_validation.py", line 17, in <module>
    from .validation import _is_arraylike_not_scalar
  File "/usr/local/lib/python3.12/dist-packages/sklearn/utils/validation.py", line 21, in <module>
    from ..utils._array_api import _asarray_with_order, _is_numpy_namespace, get_namespace
  File "/usr/local/lib/python3.12/dist-packages/sklearn/utils/_array_api.py", line 20, in <module>
    from .fixes import parse_version
  File "/usr/local/lib/python3.12/dist-packages/sklearn/utils/fixes.py", line 20, in <module>
    import pandas as pd
  File "/usr/local/lib/python3.12/dist-packages/pandas/__init__.py", line 49, in <module>
    from pandas.core.api import (
  File "/usr/local/lib/python3.12/dist-packages/pandas/core/api.py", line 28, in <module>
    from pandas.core.arrays import Categorical
  File "/usr/local/lib/python3.12/dist-packages/pandas/core/arrays/__init__.py", line 1, in <module>
    from pandas.core.arrays.arrow import ArrowExtensionArray
  File "/usr/local/lib/python3.12/dist-packages/pandas/core/arrays/arrow/__init__.py", line 5, in <module>
    from pandas.core.arrays.arrow.array import ArrowExtensionArray
  File "/usr/local/lib/python3.12/dist-packages/pandas/core/arrays/arrow/array.py", line 67, in <module>
    from pandas.core.arrays.masked import BaseMaskedArray
  File "/usr/local/lib/python3.12/dist-packages/pandas/core/arrays/masked.py", line 61, in <module>
    from pandas.core import (
  File "/usr/local/lib/python3.12/dist-packages/pandas/core/nanops.py", line 52, in <module>
    bn = import_optional_dependency("bottleneck", errors="warn")
  File "/usr/local/lib/python3.12/dist-packages/pandas/compat/_optional.py", line 135, in import_optional_dependency
    module = importlib.import_module(name)
  File "/usr/lib/python3.12/importlib/__init__.py", line 90, in import_module
    return _bootstrap._gcd_import(name[level:], package, level)
  File "/usr/lib/python3/dist-packages/bottleneck/__init__.py", line 7, in <module>
    from .move import (move_argmax, move_argmin, move_max, move_mean, move_median,
Traceback (most recent call last):
  File "/usr/local/lib/python3.12/dist-packages/numpy/core/_multiarray_umath.py", line 46, in __getattr__
    raise ImportError(msg)
ImportError: 
A module that was compiled using NumPy 1.x cannot be run in
NumPy 2.4.0 as it may crash. To support both 1.x and 2.x
versions of NumPy, modules must be compiled with NumPy 2.0.
Some module may need to rebuild instead e.g. with 'pybind11>=2.12'.

If you are a user of the module, the easiest solution will be to
downgrade to 'numpy<2' or try to upgrade the affected module.
We expect that some modules will need time to support NumPy 2.



A module that was compiled using NumPy 1.x cannot be run in
NumPy 2.4.0 as it may crash. To support both 1.x and 2.x
versions of NumPy, modules must be compiled with NumPy 2.0.
Some module may need to rebuild instead e.g. with 'pybind11>=2.12'.

If you are a user of the module, the easiest solution will be to
downgrade to 'numpy<2' or try to upgrade the affected module.
We expect that some modules will need time to support NumPy 2.

Traceback (most recent call last):  File "<frozen runpy>", line 198, in _run_module_as_main
  File "<frozen runpy>", line 88, in _run_code
  File "/usr/local/lib/python3.12/dist-packages/joblib/externals/loky/backend/popen_loky_posix.py", line 180, in <module>
    exitcode = process_obj._bootstrap()
  File "/usr/lib/python3.12/multiprocessing/process.py", line 314, in _bootstrap
    self.run()
  File "/usr/lib/python3.12/multiprocessing/process.py", line 108, in run
    self._target(*self._args, **self._kwargs)
  File "/usr/local/lib/python3.12/dist-packages/joblib/externals/loky/process_executor.py", line 453, in _process_worker
    call_item = call_queue.get(block=True, timeout=timeout)
  File "/usr/lib/python3.12/multiprocessing/queues.py", line 122, in get
    return _ForkingPickler.loads(res)
  File "/usr/local/lib/python3.12/dist-packages/sklearn/__init__.py", line 73, in <module>
    from .base import clone  # noqa: E402
  File "/usr/local/lib/python3.12/dist-packages/sklearn/base.py", line 19, in <module>
    from .utils._metadata_requests import _MetadataRequester, _routing_enabled
  File "/usr/local/lib/python3.12/dist-packages/sklearn/utils/__init__.py", line 9, in <module>
    from ._chunking import gen_batches, gen_even_slices
  File "/usr/local/lib/python3.12/dist-packages/sklearn/utils/_chunking.py", line 11, in <module>
    from ._param_validation import Interval, validate_params
  File "/usr/local/lib/python3.12/dist-packages/sklearn/utils/_param_validation.py", line 17, in <module>
    from .validation import _is_arraylike_not_scalar
  File "/usr/local/lib/python3.12/dist-packages/sklearn/utils/validation.py", line 21, in <module>
    from ..utils._array_api import _asarray_with_order, _is_numpy_namespace, get_namespace
  File "/usr/local/lib/python3.12/dist-packages/sklearn/utils/_array_api.py", line 20, in <module>
    from .fixes import parse_version
  File "/usr/local/lib/python3.12/dist-packages/sklearn/utils/fixes.py", line 20, in <module>
    import pandas as pd
  File "/usr/local/lib/python3.12/dist-packages/pandas/__init__.py", line 49, in <module>
    from pandas.core.api import (
  File "/usr/local/lib/python3.12/dist-packages/pandas/core/api.py", line 28, in <module>
    from pandas.core.arrays import Categorical
  File "/usr/local/lib/python3.12/dist-packages/pandas/core/arrays/__init__.py", line 1, in <module>
    from pandas.core.arrays.arrow import ArrowExtensionArray
  File "/usr/local/lib/python3.12/dist-packages/pandas/core/arrays/arrow/__init__.py", line 5, in <module>
    from pandas.core.arrays.arrow.array import ArrowExtensionArray
  File "/usr/local/lib/python3.12/dist-packages/pandas/core/arrays/arrow/array.py", line 67, in <module>
    from pandas.core.arrays.masked import BaseMaskedArray
  File "/usr/local/lib/python3.12/dist-packages/pandas/core/arrays/masked.py", line 61, in <module>
    from pandas.core import (
  File "/usr/local/lib/python3.12/dist-packages/pandas/core/nanops.py", line 52, in <module>
    bn = import_optional_dependency("bottleneck", errors="warn")
  File "/usr/local/lib/python3.12/dist-packages/pandas/compat/_optional.py", line 135, in import_optional_dependency
    module = importlib.import_module(name)
  File "/usr/lib/python3.12/importlib/__init__.py", line 90, in import_module
    return _bootstrap._gcd_import(name[level:], package, level)
  File "/usr/lib/python3/dist-packages/bottleneck/__init__.py", line 7, in <module>
    from .move import (move_argmax, move_argmin, move_max, move_mean, move_median,
Traceback (most recent call last):
  File "/usr/local/lib/python3.12/dist-packages/numpy/core/_multiarray_umath.py", line 46, in __getattr__
Traceback (most recent call last):
  File "/usr/local/lib/python3.12/dist-packages/numpy/core/_multiarray_umath.py", line 46, in __getattr__
    raise ImportError(msg)
ImportError: 
A module that was compiled using NumPy 1.x cannot be run in
NumPy 2.4.0 as it may crash. To support both 1.x and 2.x
versions of NumPy, modules must be compiled with NumPy 2.0.
Some module may need to rebuild instead e.g. with 'pybind11>=2.12'.

If you are a user of the module, the easiest solution will be to
downgrade to 'numpy<2' or try to upgrade the affected module.
We expect that some modules will need time to support NumPy 2.


    raise ImportError(msg)
ImportError: 
A module that was compiled using NumPy 1.x cannot be run in
NumPy 2.4.0 as it may crash. To support both 1.x and 2.x
versions of NumPy, modules must be compiled with NumPy 2.0.
Some module may need to rebuild instead e.g. with 'pybind11>=2.12'.

If you are a user of the module, the easiest solution will be to
downgrade to 'numpy<2' or try to upgrade the affected module.
We expect that some modules will need time to support NumPy 2.


Traceback (most recent call last):
  File "/usr/local/lib/python3.12/dist-packages/numpy/core/_multiarray_umath.py", line 46, in __getattr__
    raise ImportError(msg)
ImportError: 
A module that was compiled using NumPy 1.x cannot be run in
NumPy 2.4.0 as it may crash. To support both 1.x and 2.x
versions of NumPy, modules must be compiled with NumPy 2.0.
Some module may need to rebuild instead e.g. with 'pybind11>=2.12'.

If you are a user of the module, the easiest solution will be to
downgrade to 'numpy<2' or try to upgrade the affected module.
We expect that some modules will need time to support NumPy 2.


Traceback (most recent call last):
  File "/usr/local/lib/python3.12/dist-packages/numpy/core/_multiarray_umath.py", line 46, in __getattr__
    raise ImportError(msg)
ImportError: 
A module that was compiled using NumPy 1.x cannot be run in
NumPy 2.4.0 as it may crash. To support both 1.x and 2.x
versions of NumPy, modules must be compiled with NumPy 2.0.
Some module may need to rebuild instead e.g. with 'pybind11>=2.12'.

If you are a user of the module, the easiest solution will be to
downgrade to 'numpy<2' or try to upgrade the affected module.
We expect that some modules will need time to support NumPy 2.



A module that was compiled using NumPy 1.x cannot be run in
NumPy 2.4.0 as it may crash. To support both 1.x and 2.x
versions of NumPy, modules must be compiled with NumPy 2.0.
Some module may need to rebuild instead e.g. with 'pybind11>=2.12'.

If you are a user of the module, the easiest solution will be to
downgrade to 'numpy<2' or try to upgrade the affected module.
We expect that some modules will need time to support NumPy 2.

Traceback (most recent call last):  File "<frozen runpy>", line 198, in _run_module_as_main
  File "<frozen runpy>", line 88, in _run_code
  File "/usr/local/lib/python3.12/dist-packages/joblib/externals/loky/backend/popen_loky_posix.py", line 180, in <module>
    exitcode = process_obj._bootstrap()
  File "/usr/lib/python3.12/multiprocessing/process.py", line 314, in _bootstrap
    self.run()
  File "/usr/lib/python3.12/multiprocessing/process.py", line 108, in run
    self._target(*self._args, **self._kwargs)
  File "/usr/local/lib/python3.12/dist-packages/joblib/externals/loky/process_executor.py", line 453, in _process_worker
    call_item = call_queue.get(block=True, timeout=timeout)
  File "/usr/lib/python3.12/multiprocessing/queues.py", line 122, in get
    return _ForkingPickler.loads(res)
  File "/usr/local/lib/python3.12/dist-packages/sklearn/__init__.py", line 73, in <module>
    from .base import clone  # noqa: E402
  File "/usr/local/lib/python3.12/dist-packages/sklearn/base.py", line 19, in <module>
    from .utils._metadata_requests import _MetadataRequester, _routing_enabled
  File "/usr/local/lib/python3.12/dist-packages/sklearn/utils/__init__.py", line 9, in <module>
    from ._chunking import gen_batches, gen_even_slices
  File "/usr/local/lib/python3.12/dist-packages/sklearn/utils/_chunking.py", line 11, in <module>
    from ._param_validation import Interval, validate_params
  File "/usr/local/lib/python3.12/dist-packages/sklearn/utils/_param_validation.py", line 17, in <module>
    from .validation import _is_arraylike_not_scalar
  File "/usr/local/lib/python3.12/dist-packages/sklearn/utils/validation.py", line 21, in <module>
    from ..utils._array_api import _asarray_with_order, _is_numpy_namespace, get_namespace
  File "/usr/local/lib/python3.12/dist-packages/sklearn/utils/_array_api.py", line 20, in <module>
    from .fixes import parse_version
  File "/usr/local/lib/python3.12/dist-packages/sklearn/utils/fixes.py", line 20, in <module>
    import pandas as pd
  File "/usr/local/lib/python3.12/dist-packages/pandas/__init__.py", line 49, in <module>
    from pandas.core.api import (
  File "/usr/local/lib/python3.12/dist-packages/pandas/core/api.py", line 28, in <module>
    from pandas.core.arrays import Categorical
  File "/usr/local/lib/python3.12/dist-packages/pandas/core/arrays/__init__.py", line 1, in <module>
    from pandas.core.arrays.arrow import ArrowExtensionArray
  File "/usr/local/lib/python3.12/dist-packages/pandas/core/arrays/arrow/__init__.py", line 5, in <module>
    from pandas.core.arrays.arrow.array import ArrowExtensionArray
  File "/usr/local/lib/python3.12/dist-packages/pandas/core/arrays/arrow/array.py", line 67, in <module>
    from pandas.core.arrays.masked import BaseMaskedArray
  File "/usr/local/lib/python3.12/dist-packages/pandas/core/arrays/masked.py", line 61, in <module>
    from pandas.core import (
  File "/usr/local/lib/python3.12/dist-packages/pandas/core/nanops.py", line 52, in <module>
    bn = import_optional_dependency("bottleneck", errors="warn")
  File "/usr/local/lib/python3.12/dist-packages/pandas/compat/_optional.py", line 135, in import_optional_dependency
    module = importlib.import_module(name)
  File "/usr/lib/python3.12/importlib/__init__.py", line 90, in import_module
    return _bootstrap._gcd_import(name[level:], package, level)
  File "/usr/lib/python3/dist-packages/bottleneck/__init__.py", line 7, in <module>
    from .move import (move_argmax, move_argmin, move_max, move_mean, move_median,
Traceback (most recent call last):
  File "/usr/local/lib/python3.12/dist-packages/numpy/core/_multiarray_umath.py", line 46, in __getattr__
    raise ImportError(msg)
ImportError: 
A module that was compiled using NumPy 1.x cannot be run in
NumPy 2.4.0 as it may crash. To support both 1.x and 2.x
versions of NumPy, modules must be compiled with NumPy 2.0.
Some module may need to rebuild instead e.g. with 'pybind11>=2.12'.

If you are a user of the module, the easiest solution will be to
downgrade to 'numpy<2' or try to upgrade the affected module.
We expect that some modules will need time to support NumPy 2.



A module that was compiled using NumPy 1.x cannot be run in
NumPy 2.4.0 as it may crash. To support both 1.x and 2.x
versions of NumPy, modules must be compiled with NumPy 2.0.
Some module may need to rebuild instead e.g. with 'pybind11>=2.12'.

If you are a user of the module, the easiest solution will be to
downgrade to 'numpy<2' or try to upgrade the affected module.
We expect that some modules will need time to support NumPy 2.

Traceback (most recent call last):  File "<frozen runpy>", line 198, in _run_module_as_main
  File "<frozen runpy>", line 88, in _run_code
  File "/usr/local/lib/python3.12/dist-packages/joblib/externals/loky/backend/popen_loky_posix.py", line 180, in <module>
    exitcode = process_obj._bootstrap()
  File "/usr/lib/python3.12/multiprocessing/process.py", line 314, in _bootstrap
    self.run()
  File "/usr/lib/python3.12/multiprocessing/process.py", line 108, in run
    self._target(*self._args, **self._kwargs)
  File "/usr/local/lib/python3.12/dist-packages/joblib/externals/loky/process_executor.py", line 453, in _process_worker
    call_item = call_queue.get(block=True, timeout=timeout)
  File "/usr/lib/python3.12/multiprocessing/queues.py", line 122, in get
    return _ForkingPickler.loads(res)
  File "/usr/local/lib/python3.12/dist-packages/sklearn/__init__.py", line 73, in <module>
    from .base import clone  # noqa: E402
  File "/usr/local/lib/python3.12/dist-packages/sklearn/base.py", line 19, in <module>
    from .utils._metadata_requests import _MetadataRequester, _routing_enabled
  File "/usr/local/lib/python3.12/dist-packages/sklearn/utils/__init__.py", line 9, in <module>
    from ._chunking import gen_batches, gen_even_slices
  File "/usr/local/lib/python3.12/dist-packages/sklearn/utils/_chunking.py", line 11, in <module>
    from ._param_validation import Interval, validate_params
  File "/usr/local/lib/python3.12/dist-packages/sklearn/utils/_param_validation.py", line 17, in <module>
    from .validation import _is_arraylike_not_scalar
  File "/usr/local/lib/python3.12/dist-packages/sklearn/utils/validation.py", line 21, in <module>
    from ..utils._array_api import _asarray_with_order, _is_numpy_namespace, get_namespace
  File "/usr/local/lib/python3.12/dist-packages/sklearn/utils/_array_api.py", line 20, in <module>
    from .fixes import parse_version
  File "/usr/local/lib/python3.12/dist-packages/sklearn/utils/fixes.py", line 20, in <module>
    import pandas as pd
  File "/usr/local/lib/python3.12/dist-packages/pandas/__init__.py", line 49, in <module>
    from pandas.core.api import (
  File "/usr/local/lib/python3.12/dist-packages/pandas/core/api.py", line 28, in <module>
    from pandas.core.arrays import Categorical
  File "/usr/local/lib/python3.12/dist-packages/pandas/core/arrays/__init__.py", line 1, in <module>
    from pandas.core.arrays.arrow import ArrowExtensionArray
  File "/usr/local/lib/python3.12/dist-packages/pandas/core/arrays/arrow/__init__.py", line 5, in <module>
    from pandas.core.arrays.arrow.array import ArrowExtensionArray
  File "/usr/local/lib/python3.12/dist-packages/pandas/core/arrays/arrow/array.py", line 67, in <module>
    from pandas.core.arrays.masked import BaseMaskedArray
  File "/usr/local/lib/python3.12/dist-packages/pandas/core/arrays/masked.py", line 61, in <module>
    from pandas.core import (
  File "/usr/local/lib/python3.12/dist-packages/pandas/core/nanops.py", line 52, in <module>
    bn = import_optional_dependency("bottleneck", errors="warn")
  File "/usr/local/lib/python3.12/dist-packages/pandas/compat/_optional.py", line 135, in import_optional_dependency
    module = importlib.import_module(name)
  File "/usr/lib/python3.12/importlib/__init__.py", line 90, in import_module
    return _bootstrap._gcd_import(name[level:], package, level)
  File "/usr/lib/python3/dist-packages/bottleneck/__init__.py", line 7, in <module>
    from .move import (move_argmax, move_argmin, move_max, move_mean, move_median,
Traceback (most recent call last):
  File "/usr/local/lib/python3.12/dist-packages/numpy/core/_multiarray_umath.py", line 46, in __getattr__
    raise ImportError(msg)
ImportError: 
A module that was compiled using NumPy 1.x cannot be run in
NumPy 2.4.0 as it may crash. To support both 1.x and 2.x
versions of NumPy, modules must be compiled with NumPy 2.0.
Some module may need to rebuild instead e.g. with 'pybind11>=2.12'.

If you are a user of the module, the easiest solution will be to
downgrade to 'numpy<2' or try to upgrade the affected module.
We expect that some modules will need time to support NumPy 2.



A module that was compiled using NumPy 1.x cannot be run in
NumPy 2.4.0 as it may crash. To support both 1.x and 2.x
versions of NumPy, modules must be compiled with NumPy 2.0.
Some module may need to rebuild instead e.g. with 'pybind11>=2.12'.

If you are a user of the module, the easiest solution will be to
downgrade to 'numpy<2' or try to upgrade the affected module.
We expect that some modules will need time to support NumPy 2.

Traceback (most recent call last):  File "<frozen runpy>", line 198, in _run_module_as_main
  File "<frozen runpy>", line 88, in _run_code
  File "/usr/local/lib/python3.12/dist-packages/joblib/externals/loky/backend/popen_loky_posix.py", line 180, in <module>
    exitcode = process_obj._bootstrap()
  File "/usr/lib/python3.12/multiprocessing/process.py", line 314, in _bootstrap
    self.run()
  File "/usr/lib/python3.12/multiprocessing/process.py", line 108, in run
    self._target(*self._args, **self._kwargs)
  File "/usr/local/lib/python3.12/dist-packages/joblib/externals/loky/process_executor.py", line 453, in _process_worker
    call_item = call_queue.get(block=True, timeout=timeout)
  File "/usr/lib/python3.12/multiprocessing/queues.py", line 122, in get
    return _ForkingPickler.loads(res)
  File "/usr/local/lib/python3.12/dist-packages/sklearn/__init__.py", line 73, in <module>
    from .base import clone  # noqa: E402
  File "/usr/local/lib/python3.12/dist-packages/sklearn/base.py", line 19, in <module>
    from .utils._metadata_requests import _MetadataRequester, _routing_enabled
  File "/usr/local/lib/python3.12/dist-packages/sklearn/utils/__init__.py", line 9, in <module>
    from ._chunking import gen_batches, gen_even_slices
  File "/usr/local/lib/python3.12/dist-packages/sklearn/utils/_chunking.py", line 11, in <module>
    from ._param_validation import Interval, validate_params
  File "/usr/local/lib/python3.12/dist-packages/sklearn/utils/_param_validation.py", line 17, in <module>
    from .validation import _is_arraylike_not_scalar
  File "/usr/local/lib/python3.12/dist-packages/sklearn/utils/validation.py", line 21, in <module>
    from ..utils._array_api import _asarray_with_order, _is_numpy_namespace, get_namespace
  File "/usr/local/lib/python3.12/dist-packages/sklearn/utils/_array_api.py", line 20, in <module>
    from .fixes import parse_version
  File "/usr/local/lib/python3.12/dist-packages/sklearn/utils/fixes.py", line 20, in <module>
    import pandas as pd
  File "/usr/local/lib/python3.12/dist-packages/pandas/__init__.py", line 49, in <module>
    from pandas.core.api import (
  File "/usr/local/lib/python3.12/dist-packages/pandas/core/api.py", line 28, in <module>
    from pandas.core.arrays import Categorical
  File "/usr/local/lib/python3.12/dist-packages/pandas/core/arrays/__init__.py", line 1, in <module>
    from pandas.core.arrays.arrow import ArrowExtensionArray
  File "/usr/local/lib/python3.12/dist-packages/pandas/core/arrays/arrow/__init__.py", line 5, in <module>
    from pandas.core.arrays.arrow.array import ArrowExtensionArray
  File "/usr/local/lib/python3.12/dist-packages/pandas/core/arrays/arrow/array.py", line 67, in <module>
    from pandas.core.arrays.masked import BaseMaskedArray
  File "/usr/local/lib/python3.12/dist-packages/pandas/core/arrays/masked.py", line 61, in <module>
    from pandas.core import (
  File "/usr/local/lib/python3.12/dist-packages/pandas/core/nanops.py", line 52, in <module>
    bn = import_optional_dependency("bottleneck", errors="warn")
  File "/usr/local/lib/python3.12/dist-packages/pandas/compat/_optional.py", line 135, in import_optional_dependency
    module = importlib.import_module(name)
  File "/usr/lib/python3.12/importlib/__init__.py", line 90, in import_module
    return _bootstrap._gcd_import(name[level:], package, level)
  File "/usr/lib/python3/dist-packages/bottleneck/__init__.py", line 7, in <module>
    from .move import (move_argmax, move_argmin, move_max, move_mean, move_median,
Traceback (most recent call last):

A module that was compiled using NumPy 1.x cannot be run in
NumPy 2.4.0 as it may crash. To support both 1.x and 2.x
versions of NumPy, modules must be compiled with NumPy 2.0.
Some module may need to rebuild instead e.g. with 'pybind11>=2.12'.

If you are a user of the module, the easiest solution will be to
downgrade to 'numpy<2' or try to upgrade the affected module.
We expect that some modules will need time to support NumPy 2.

Traceback (most recent call last):  File "<frozen runpy>", line 198, in _run_module_as_main
  File "<frozen runpy>", line 88, in _run_code
  File "/usr/local/lib/python3.12/dist-packages/joblib/externals/loky/backend/popen_loky_posix.py", line 180, in <module>
    exitcode = process_obj._bootstrap()
  File "/usr/lib/python3.12/multiprocessing/process.py", line 314, in _bootstrap
    self.run()
  File "/usr/lib/python3.12/multiprocessing/process.py", line 108, in run
    self._target(*self._args, **self._kwargs)
  File "/usr/local/lib/python3.12/dist-packages/joblib/externals/loky/process_executor.py", line 453, in _process_worker
    call_item = call_queue.get(block=True, timeout=timeout)
  File "/usr/lib/python3.12/multiprocessing/queues.py", line 122, in get
    return _ForkingPickler.loads(res)
  File "/usr/local/lib/python3.12/dist-packages/sklearn/__init__.py", line 73, in <module>
    from .base import clone  # noqa: E402
  File "/usr/local/lib/python3.12/dist-packages/sklearn/base.py", line 19, in <module>
    from .utils._metadata_requests import _MetadataRequester, _routing_enabled
  File "/usr/local/lib/python3.12/dist-packages/sklearn/utils/__init__.py", line 9, in <module>
    from ._chunking import gen_batches, gen_even_slices
  File "/usr/local/lib/python3.12/dist-packages/sklearn/utils/_chunking.py", line 11, in <module>
    from ._param_validation import Interval, validate_params
  File "/usr/local/lib/python3.12/dist-packages/sklearn/utils/_param_validation.py", line 17, in <module>
    from .validation import _is_arraylike_not_scalar
  File "/usr/local/lib/python3.12/dist-packages/sklearn/utils/validation.py", line 21, in <module>
    from ..utils._array_api import _asarray_with_order, _is_numpy_namespace, get_namespace
  File "/usr/local/lib/python3.12/dist-packages/sklearn/utils/_array_api.py", line 20, in <module>
    from .fixes import parse_version
  File "/usr/local/lib/python3.12/dist-packages/sklearn/utils/fixes.py", line 20, in <module>
    import pandas as pd
  File "/usr/local/lib/python3.12/dist-packages/pandas/__init__.py", line 49, in <module>
    from pandas.core.api import (
  File "/usr/local/lib/python3.12/dist-packages/pandas/core/api.py", line 28, in <module>
    from pandas.core.arrays import Categorical
  File "/usr/local/lib/python3.12/dist-packages/pandas/core/arrays/__init__.py", line 1, in <module>
    from pandas.core.arrays.arrow import ArrowExtensionArray
  File "/usr/local/lib/python3.12/dist-packages/pandas/core/arrays/arrow/__init__.py", line 5, in <module>
    from pandas.core.arrays.arrow.array import ArrowExtensionArray
  File "/usr/local/lib/python3.12/dist-packages/pandas/core/arrays/arrow/array.py", line 53, in <module>
    from pandas.core import (
  File "/usr/local/lib/python3.12/dist-packages/pandas/core/ops/__init__.py", line 8, in <module>
    from pandas.core.ops.array_ops import (
  File "/usr/local/lib/python3.12/dist-packages/pandas/core/ops/array_ops.py", line 56, in <module>
    from pandas.core.computation import expressions
  File "/usr/local/lib/python3.12/dist-packages/pandas/core/computation/expressions.py", line 21, in <module>
    from pandas.core.computation.check import NUMEXPR_INSTALLED
  File "/usr/local/lib/python3.12/dist-packages/pandas/core/computation/check.py", line 5, in <module>
    ne = import_optional_dependency("numexpr", errors="warn")
  File "/usr/local/lib/python3.12/dist-packages/pandas/compat/_optional.py", line 135, in import_optional_dependency
    module = importlib.import_module(name)
  File "/usr/lib/python3.12/importlib/__init__.py", line 90, in import_module
    return _bootstrap._gcd_import(name[level:], package, level)
  File "/usr/lib/python3/dist-packages/numexpr/__init__.py", line 24, in <module>
    from numexpr.interpreter import MAX_THREADS, use_vml, __BLOCK_SIZE1__
  File "/usr/local/lib/python3.12/dist-packages/numpy/core/_multiarray_umath.py", line 46, in __getattr__
    raise ImportError(msg)
ImportError: 
A module that was compiled using NumPy 1.x cannot be run in
NumPy 2.4.0 as it may crash. To support both 1.x and 2.x
versions of NumPy, modules must be compiled with NumPy 2.0.
Some module may need to rebuild instead e.g. with 'pybind11>=2.12'.

If you are a user of the module, the easiest solution will be to
downgrade to 'numpy<2' or try to upgrade the affected module.
We expect that some modules will need time to support NumPy 2.



A module that was compiled using NumPy 1.x cannot be run in
NumPy 2.4.0 as it may crash. To support both 1.x and 2.x
versions of NumPy, modules must be compiled with NumPy 2.0.
Some module may need to rebuild instead e.g. with 'pybind11>=2.12'.

If you are a user of the module, the easiest solution will be to
downgrade to 'numpy<2' or try to upgrade the affected module.
We expect that some modules will need time to support NumPy 2.

Traceback (most recent call last):  File "<frozen runpy>", line 198, in _run_module_as_main
  File "<frozen runpy>", line 88, in _run_code
  File "/usr/local/lib/python3.12/dist-packages/joblib/externals/loky/backend/popen_loky_posix.py", line 180, in <module>
    exitcode = process_obj._bootstrap()
  File "/usr/lib/python3.12/multiprocessing/process.py", line 314, in _bootstrap
    self.run()
  File "/usr/lib/python3.12/multiprocessing/process.py", line 108, in run
    self._target(*self._args, **self._kwargs)
  File "/usr/local/lib/python3.12/dist-packages/joblib/externals/loky/process_executor.py", line 453, in _process_worker
    call_item = call_queue.get(block=True, timeout=timeout)
  File "/usr/lib/python3.12/multiprocessing/queues.py", line 122, in get
    return _ForkingPickler.loads(res)
  File "/usr/local/lib/python3.12/dist-packages/sklearn/__init__.py", line 73, in <module>
    from .base import clone  # noqa: E402
  File "/usr/local/lib/python3.12/dist-packages/sklearn/base.py", line 19, in <module>
    from .utils._metadata_requests import _MetadataRequester, _routing_enabled
  File "/usr/local/lib/python3.12/dist-packages/sklearn/utils/__init__.py", line 9, in <module>
    from ._chunking import gen_batches, gen_even_slices
  File "/usr/local/lib/python3.12/dist-packages/sklearn/utils/_chunking.py", line 11, in <module>
    from ._param_validation import Interval, validate_params
  File "/usr/local/lib/python3.12/dist-packages/sklearn/utils/_param_validation.py", line 17, in <module>
    from .validation import _is_arraylike_not_scalar
  File "/usr/local/lib/python3.12/dist-packages/sklearn/utils/validation.py", line 21, in <module>
    from ..utils._array_api import _asarray_with_order, _is_numpy_namespace, get_namespace
  File "/usr/local/lib/python3.12/dist-packages/sklearn/utils/_array_api.py", line 20, in <module>
    from .fixes import parse_version
  File "/usr/local/lib/python3.12/dist-packages/sklearn/utils/fixes.py", line 20, in <module>
    import pandas as pd
  File "/usr/local/lib/python3.12/dist-packages/pandas/__init__.py", line 49, in <module>
    from pandas.core.api import (
  File "/usr/local/lib/python3.12/dist-packages/pandas/core/api.py", line 28, in <module>
    from pandas.core.arrays import Categorical
  File "/usr/local/lib/python3.12/dist-packages/pandas/core/arrays/__init__.py", line 1, in <module>
    from pandas.core.arrays.arrow import ArrowExtensionArray
  File "/usr/local/lib/python3.12/dist-packages/pandas/core/arrays/arrow/__init__.py", line 5, in <module>
    from pandas.core.arrays.arrow.array import ArrowExtensionArray
  File "/usr/local/lib/python3.12/dist-packages/pandas/core/arrays/arrow/array.py", line 53, in <module>
    from pandas.core import (
  File "/usr/local/lib/python3.12/dist-packages/pandas/core/ops/__init__.py", line 8, in <module>
    from pandas.core.ops.array_ops import (
  File "/usr/local/lib/python3.12/dist-packages/pandas/core/ops/array_ops.py", line 56, in <module>
    from pandas.core.computation import expressions
  File "/usr/local/lib/python3.12/dist-packages/pandas/core/computation/expressions.py", line 21, in <module>
    from pandas.core.computation.check import NUMEXPR_INSTALLED
  File "/usr/local/lib/python3.12/dist-packages/pandas/core/computation/check.py", line 5, in <module>
    ne = import_optional_dependency("numexpr", errors="warn")
  File "/usr/local/lib/python3.12/dist-packages/pandas/compat/_optional.py", line 135, in import_optional_dependency
    module = importlib.import_module(name)
  File "/usr/lib/python3.12/importlib/__init__.py", line 90, in import_module
    return _bootstrap._gcd_import(name[level:], package, level)
  File "/usr/lib/python3/dist-packages/numexpr/__init__.py", line 24, in <module>
    from numexpr.interpreter import MAX_THREADS, use_vml, __BLOCK_SIZE1__

A module that was compiled using NumPy 1.x cannot be run in
NumPy 2.4.0 as it may crash. To support both 1.x and 2.x
versions of NumPy, modules must be compiled with NumPy 2.0.
Some module may need to rebuild instead e.g. with 'pybind11>=2.12'.

If you are a user of the module, the easiest solution will be to
downgrade to 'numpy<2' or try to upgrade the affected module.
We expect that some modules will need time to support NumPy 2.

Traceback (most recent call last):  File "<frozen runpy>", line 198, in _run_module_as_main
  File "<frozen runpy>", line 88, in _run_code
  File "/usr/local/lib/python3.12/dist-packages/joblib/externals/loky/backend/popen_loky_posix.py", line 180, in <module>
    exitcode = process_obj._bootstrap()
  File "/usr/lib/python3.12/multiprocessing/process.py", line 314, in _bootstrap
    self.run()
  File "/usr/lib/python3.12/multiprocessing/process.py", line 108, in run
    self._target(*self._args, **self._kwargs)
  File "/usr/local/lib/python3.12/dist-packages/joblib/externals/loky/process_executor.py", line 453, in _process_worker
    call_item = call_queue.get(block=True, timeout=timeout)
  File "/usr/lib/python3.12/multiprocessing/queues.py", line 122, in get
    return _ForkingPickler.loads(res)
  File "/usr/local/lib/python3.12/dist-packages/sklearn/__init__.py", line 73, in <module>
    from .base import clone  # noqa: E402
  File "/usr/local/lib/python3.12/dist-packages/sklearn/base.py", line 19, in <module>
    from .utils._metadata_requests import _MetadataRequester, _routing_enabled
  File "/usr/local/lib/python3.12/dist-packages/sklearn/utils/__init__.py", line 9, in <module>
    from ._chunking import gen_batches, gen_even_slices
  File "/usr/local/lib/python3.12/dist-packages/sklearn/utils/_chunking.py", line 11, in <module>
    from ._param_validation import Interval, validate_params
  File "/usr/local/lib/python3.12/dist-packages/sklearn/utils/_param_validation.py", line 17, in <module>
    from .validation import _is_arraylike_not_scalar
  File "/usr/local/lib/python3.12/dist-packages/sklearn/utils/validation.py", line 21, in <module>
    from ..utils._array_api import _asarray_with_order, _is_numpy_namespace, get_namespace
  File "/usr/local/lib/python3.12/dist-packages/sklearn/utils/_array_api.py", line 20, in <module>
    from .fixes import parse_version
  File "/usr/local/lib/python3.12/dist-packages/sklearn/utils/fixes.py", line 20, in <module>
    import pandas as pd
  File "/usr/local/lib/python3.12/dist-packages/pandas/__init__.py", line 49, in <module>
    from pandas.core.api import (
  File "/usr/local/lib/python3.12/dist-packages/pandas/core/api.py", line 28, in <module>
    from pandas.core.arrays import Categorical
  File "/usr/local/lib/python3.12/dist-packages/pandas/core/arrays/__init__.py", line 1, in <module>
    from pandas.core.arrays.arrow import ArrowExtensionArray
  File "/usr/local/lib/python3.12/dist-packages/pandas/core/arrays/arrow/__init__.py", line 5, in <module>
    from pandas.core.arrays.arrow.array import ArrowExtensionArray
  File "/usr/local/lib/python3.12/dist-packages/pandas/core/arrays/arrow/array.py", line 53, in <module>
    from pandas.core import (
  File "/usr/local/lib/python3.12/dist-packages/pandas/core/ops/__init__.py", line 8, in <module>
    from pandas.core.ops.array_ops import (
  File "/usr/local/lib/python3.12/dist-packages/pandas/core/ops/array_ops.py", line 56, in <module>
    from pandas.core.computation import expressions
  File "/usr/local/lib/python3.12/dist-packages/pandas/core/computation/expressions.py", line 21, in <module>
    from pandas.core.computation.check import NUMEXPR_INSTALLED
  File "/usr/local/lib/python3.12/dist-packages/pandas/core/computation/check.py", line 5, in <module>
    ne = import_optional_dependency("numexpr", errors="warn")
  File "/usr/local/lib/python3.12/dist-packages/pandas/compat/_optional.py", line 135, in import_optional_dependency
    module = importlib.import_module(name)
  File "/usr/lib/python3.12/importlib/__init__.py", line 90, in import_module
    return _bootstrap._gcd_import(name[level:], package, level)
  File "/usr/lib/python3/dist-packages/numexpr/__init__.py", line 24, in <module>
    from numexpr.interpreter import MAX_THREADS, use_vml, __BLOCK_SIZE1__

A module that was compiled using NumPy 1.x cannot be run in
NumPy 2.4.0 as it may crash. To support both 1.x and 2.x
versions of NumPy, modules must be compiled with NumPy 2.0.
Some module may need to rebuild instead e.g. with 'pybind11>=2.12'.

If you are a user of the module, the easiest solution will be to
downgrade to 'numpy<2' or try to upgrade the affected module.
We expect that some modules will need time to support NumPy 2.

Traceback (most recent call last):  File "<frozen runpy>", line 198, in _run_module_as_main
  File "<frozen runpy>", line 88, in _run_code
  File "/usr/local/lib/python3.12/dist-packages/joblib/externals/loky/backend/popen_loky_posix.py", line 180, in <module>
    exitcode = process_obj._bootstrap()
  File "/usr/lib/python3.12/multiprocessing/process.py", line 314, in _bootstrap
    self.run()
  File "/usr/lib/python3.12/multiprocessing/process.py", line 108, in run
    self._target(*self._args, **self._kwargs)
  File "/usr/local/lib/python3.12/dist-packages/joblib/externals/loky/process_executor.py", line 453, in _process_worker
    call_item = call_queue.get(block=True, timeout=timeout)
  File "/usr/lib/python3.12/multiprocessing/queues.py", line 122, in get
    return _ForkingPickler.loads(res)
  File "/usr/local/lib/python3.12/dist-packages/sklearn/__init__.py", line 73, in <module>
    from .base import clone  # noqa: E402
  File "/usr/local/lib/python3.12/dist-packages/sklearn/base.py", line 19, in <module>
    from .utils._metadata_requests import _MetadataRequester, _routing_enabled
  File "/usr/local/lib/python3.12/dist-packages/sklearn/utils/__init__.py", line 9, in <module>
    from ._chunking import gen_batches, gen_even_slices
  File "/usr/local/lib/python3.12/dist-packages/sklearn/utils/_chunking.py", line 11, in <module>
    from ._param_validation import Interval, validate_params
  File "/usr/local/lib/python3.12/dist-packages/sklearn/utils/_param_validation.py", line 17, in <module>
    from .validation import _is_arraylike_not_scalar
  File "/usr/local/lib/python3.12/dist-packages/sklearn/utils/validation.py", line 21, in <module>
    from ..utils._array_api import _asarray_with_order, _is_numpy_namespace, get_namespace
  File "/usr/local/lib/python3.12/dist-packages/sklearn/utils/_array_api.py", line 20, in <module>
    from .fixes import parse_version
  File "/usr/local/lib/python3.12/dist-packages/sklearn/utils/fixes.py", line 20, in <module>
    import pandas as pd
  File "/usr/local/lib/python3.12/dist-packages/pandas/__init__.py", line 49, in <module>
    from pandas.core.api import (
  File "/usr/local/lib/python3.12/dist-packages/pandas/core/api.py", line 28, in <module>
    from pandas.core.arrays import Categorical
  File "/usr/local/lib/python3.12/dist-packages/pandas/core/arrays/__init__.py", line 1, in <module>
    from pandas.core.arrays.arrow import ArrowExtensionArray
  File "/usr/local/lib/python3.12/dist-packages/pandas/core/arrays/arrow/__init__.py", line 5, in <module>
    from pandas.core.arrays.arrow.array import ArrowExtensionArray
  File "/usr/local/lib/python3.12/dist-packages/pandas/core/arrays/arrow/array.py", line 53, in <module>
    from pandas.core import (
  File "/usr/local/lib/python3.12/dist-packages/pandas/core/ops/__init__.py", line 8, in <module>
    from pandas.core.ops.array_ops import (
  File "/usr/local/lib/python3.12/dist-packages/pandas/core/ops/array_ops.py", line 56, in <module>
    from pandas.core.computation import expressions
  File "/usr/local/lib/python3.12/dist-packages/pandas/core/computation/expressions.py", line 21, in <module>
    from pandas.core.computation.check import NUMEXPR_INSTALLED
  File "/usr/local/lib/python3.12/dist-packages/pandas/core/computation/check.py", line 5, in <module>
    ne = import_optional_dependency("numexpr", errors="warn")
  File "/usr/local/lib/python3.12/dist-packages/pandas/compat/_optional.py", line 135, in import_optional_dependency
    module = importlib.import_module(name)
  File "/usr/lib/python3.12/importlib/__init__.py", line 90, in import_module
    return _bootstrap._gcd_import(name[level:], package, level)
  File "/usr/lib/python3/dist-packages/numexpr/__init__.py", line 24, in <module>
    from numexpr.interpreter import MAX_THREADS, use_vml, __BLOCK_SIZE1__
Traceback (most recent call last):
  File "/usr/local/lib/python3.12/dist-packages/numpy/core/_multiarray_umath.py", line 46, in __getattr__
    raise ImportError(msg)
ImportError: 
A module that was compiled using NumPy 1.x cannot be run in
NumPy 2.4.0 as it may crash. To support both 1.x and 2.x
versions of NumPy, modules must be compiled with NumPy 2.0.
Some module may need to rebuild instead e.g. with 'pybind11>=2.12'.

If you are a user of the module, the easiest solution will be to
downgrade to 'numpy<2' or try to upgrade the affected module.
We expect that some modules will need time to support NumPy 2.



A module that was compiled using NumPy 1.x cannot be run in
NumPy 2.4.0 as it may crash. To support both 1.x and 2.x
versions of NumPy, modules must be compiled with NumPy 2.0.
Some module may need to rebuild instead e.g. with 'pybind11>=2.12'.

If you are a user of the module, the easiest solution will be to
downgrade to 'numpy<2' or try to upgrade the affected module.
We expect that some modules will need time to support NumPy 2.

Traceback (most recent call last):  File "<frozen runpy>", line 198, in _run_module_as_main
  File "<frozen runpy>", line 88, in _run_code
  File "/usr/local/lib/python3.12/dist-packages/joblib/externals/loky/backend/popen_loky_posix.py", line 180, in <module>
    exitcode = process_obj._bootstrap()
  File "/usr/lib/python3.12/multiprocessing/process.py", line 314, in _bootstrap
    self.run()
  File "/usr/lib/python3.12/multiprocessing/process.py", line 108, in run
    self._target(*self._args, **self._kwargs)
  File "/usr/local/lib/python3.12/dist-packages/joblib/externals/loky/process_executor.py", line 453, in _process_worker
    call_item = call_queue.get(block=True, timeout=timeout)
  File "/usr/lib/python3.12/multiprocessing/queues.py", line 122, in get
    return _ForkingPickler.loads(res)
  File "/usr/local/lib/python3.12/dist-packages/sklearn/__init__.py", line 73, in <module>
    from .base import clone  # noqa: E402
  File "/usr/local/lib/python3.12/dist-packages/sklearn/base.py", line 19, in <module>
    from .utils._metadata_requests import _MetadataRequester, _routing_enabled
  File "/usr/local/lib/python3.12/dist-packages/sklearn/utils/__init__.py", line 9, in <module>
    from ._chunking import gen_batches, gen_even_slices
  File "/usr/local/lib/python3.12/dist-packages/sklearn/utils/_chunking.py", line 11, in <module>
    from ._param_validation import Interval, validate_params
  File "/usr/local/lib/python3.12/dist-packages/sklearn/utils/_param_validation.py", line 17, in <module>
    from .validation import _is_arraylike_not_scalar
  File "/usr/local/lib/python3.12/dist-packages/sklearn/utils/validation.py", line 21, in <module>
    from ..utils._array_api import _asarray_with_order, _is_numpy_namespace, get_namespace
  File "/usr/local/lib/python3.12/dist-packages/sklearn/utils/_array_api.py", line 20, in <module>
    from .fixes import parse_version
  File "/usr/local/lib/python3.12/dist-packages/sklearn/utils/fixes.py", line 20, in <module>
    import pandas as pd
  File "/usr/local/lib/python3.12/dist-packages/pandas/__init__.py", line 49, in <module>
    from pandas.core.api import (
  File "/usr/local/lib/python3.12/dist-packages/pandas/core/api.py", line 28, in <module>
    from pandas.core.arrays import Categorical
  File "/usr/local/lib/python3.12/dist-packages/pandas/core/arrays/__init__.py", line 1, in <module>
    from pandas.core.arrays.arrow import ArrowExtensionArray
  File "/usr/local/lib/python3.12/dist-packages/pandas/core/arrays/arrow/__init__.py", line 5, in <module>
    from pandas.core.arrays.arrow.array import ArrowExtensionArray
  File "/usr/local/lib/python3.12/dist-packages/pandas/core/arrays/arrow/array.py", line 53, in <module>
    from pandas.core import (
  File "/usr/local/lib/python3.12/dist-packages/pandas/core/ops/__init__.py", line 8, in <module>
    from pandas.core.ops.array_ops import (
  File "/usr/local/lib/python3.12/dist-packages/pandas/core/ops/array_ops.py", line 56, in <module>
    from pandas.core.computation import expressions
  File "/usr/local/lib/python3.12/dist-packages/pandas/core/computation/expressions.py", line 21, in <module>
    from pandas.core.computation.check import NUMEXPR_INSTALLED
  File "/usr/local/lib/python3.12/dist-packages/pandas/core/computation/check.py", line 5, in <module>
    ne = import_optional_dependency("numexpr", errors="warn")
  File "/usr/local/lib/python3.12/dist-packages/pandas/compat/_optional.py", line 135, in import_optional_dependency
    module = importlib.import_module(name)
  File "/usr/lib/python3.12/importlib/__init__.py", line 90, in import_module
    return _bootstrap._gcd_import(name[level:], package, level)
  File "/usr/lib/python3/dist-packages/numexpr/__init__.py", line 24, in <module>
    from numexpr.interpreter import MAX_THREADS, use_vml, __BLOCK_SIZE1__
Traceback (most recent call last):
  File "/usr/local/lib/python3.12/dist-packages/numpy/core/_multiarray_umath.py", line 46, in __getattr__
    raise ImportError(msg)
ImportError: 
A module that was compiled using NumPy 1.x cannot be run in
NumPy 2.4.0 as it may crash. To support both 1.x and 2.x
versions of NumPy, modules must be compiled with NumPy 2.0.
Some module may need to rebuild instead e.g. with 'pybind11>=2.12'.

If you are a user of the module, the easiest solution will be to
downgrade to 'numpy<2' or try to upgrade the affected module.
We expect that some modules will need time to support NumPy 2.


Traceback (most recent call last):
  File "/usr/local/lib/python3.12/dist-packages/numpy/core/_multiarray_umath.py", line 46, in __getattr__
    raise ImportError(msg)
ImportError: 
A module that was compiled using NumPy 1.x cannot be run in
NumPy 2.4.0 as it may crash. To support both 1.x and 2.x
versions of NumPy, modules must be compiled with NumPy 2.0.
Some module may need to rebuild instead e.g. with 'pybind11>=2.12'.

If you are a user of the module, the easiest solution will be to
downgrade to 'numpy<2' or try to upgrade the affected module.
We expect that some modules will need time to support NumPy 2.



A module that was compiled using NumPy 1.x cannot be run in
NumPy 2.4.0 as it may crash. To support both 1.x and 2.x
versions of NumPy, modules must be compiled with NumPy 2.0.
Some module may need to rebuild instead e.g. with 'pybind11>=2.12'.

If you are a user of the module, the easiest solution will be to
downgrade to 'numpy<2' or try to upgrade the affected module.
We expect that some modules will need time to support NumPy 2.

Traceback (most recent call last):  File "<frozen runpy>", line 198, in _run_module_as_main
  File "<frozen runpy>", line 88, in _run_code
  File "/usr/local/lib/python3.12/dist-packages/joblib/externals/loky/backend/popen_loky_posix.py", line 180, in <module>
    exitcode = process_obj._bootstrap()
  File "/usr/lib/python3.12/multiprocessing/process.py", line 314, in _bootstrap
    self.run()
  File "/usr/lib/python3.12/multiprocessing/process.py", line 108, in run
    self._target(*self._args, **self._kwargs)
  File "/usr/local/lib/python3.12/dist-packages/joblib/externals/loky/process_executor.py", line 453, in _process_worker
    call_item = call_queue.get(block=True, timeout=timeout)
  File "/usr/lib/python3.12/multiprocessing/queues.py", line 122, in get
    return _ForkingPickler.loads(res)
  File "/usr/local/lib/python3.12/dist-packages/sklearn/__init__.py", line 73, in <module>
    from .base import clone  # noqa: E402
  File "/usr/local/lib/python3.12/dist-packages/sklearn/base.py", line 19, in <module>
    from .utils._metadata_requests import _MetadataRequester, _routing_enabled
  File "/usr/local/lib/python3.12/dist-packages/sklearn/utils/__init__.py", line 9, in <module>
    from ._chunking import gen_batches, gen_even_slices
  File "/usr/local/lib/python3.12/dist-packages/sklearn/utils/_chunking.py", line 11, in <module>
    from ._param_validation import Interval, validate_params
  File "/usr/local/lib/python3.12/dist-packages/sklearn/utils/_param_validation.py", line 17, in <module>
    from .validation import _is_arraylike_not_scalar
  File "/usr/local/lib/python3.12/dist-packages/sklearn/utils/validation.py", line 21, in <module>
    from ..utils._array_api import _asarray_with_order, _is_numpy_namespace, get_namespace
  File "/usr/local/lib/python3.12/dist-packages/sklearn/utils/_array_api.py", line 20, in <module>
    from .fixes import parse_version
  File "/usr/local/lib/python3.12/dist-packages/sklearn/utils/fixes.py", line 20, in <module>
    import pandas as pd
  File "/usr/local/lib/python3.12/dist-packages/pandas/__init__.py", line 49, in <module>
    from pandas.core.api import (
  File "/usr/local/lib/python3.12/dist-packages/pandas/core/api.py", line 28, in <module>
    from pandas.core.arrays import Categorical
  File "/usr/local/lib/python3.12/dist-packages/pandas/core/arrays/__init__.py", line 1, in <module>
    from pandas.core.arrays.arrow import ArrowExtensionArray
  File "/usr/local/lib/python3.12/dist-packages/pandas/core/arrays/arrow/__init__.py", line 5, in <module>
    from pandas.core.arrays.arrow.array import ArrowExtensionArray
  File "/usr/local/lib/python3.12/dist-packages/pandas/core/arrays/arrow/array.py", line 67, in <module>
    from pandas.core.arrays.masked import BaseMaskedArray
  File "/usr/local/lib/python3.12/dist-packages/pandas/core/arrays/masked.py", line 61, in <module>
    from pandas.core import (
  File "/usr/local/lib/python3.12/dist-packages/pandas/core/nanops.py", line 52, in <module>
    bn = import_optional_dependency("bottleneck", errors="warn")
  File "/usr/local/lib/python3.12/dist-packages/pandas/compat/_optional.py", line 135, in import_optional_dependency
    module = importlib.import_module(name)
  File "/usr/lib/python3.12/importlib/__init__.py", line 90, in import_module
    return _bootstrap._gcd_import(name[level:], package, level)
  File "/usr/lib/python3/dist-packages/bottleneck/__init__.py", line 7, in <module>
    from .move import (move_argmax, move_argmin, move_max, move_mean, move_median,
Traceback (most recent call last):
  File "/usr/local/lib/python3.12/dist-packages/numpy/core/_multiarray_umath.py", line 46, in __getattr__
    raise ImportError(msg)
ImportError: 
A module that was compiled using NumPy 1.x cannot be run in
NumPy 2.4.0 as it may crash. To support both 1.x and 2.x
versions of NumPy, modules must be compiled with NumPy 2.0.
Some module may need to rebuild instead e.g. with 'pybind11>=2.12'.

If you are a user of the module, the easiest solution will be to
downgrade to 'numpy<2' or try to upgrade the affected module.
We expect that some modules will need time to support NumPy 2.


Traceback (most recent call last):
  File "/usr/local/lib/python3.12/dist-packages/numpy/core/_multiarray_umath.py", line 46, in __getattr__
    raise ImportError(msg)
ImportError: 
A module that was compiled using NumPy 1.x cannot be run in
NumPy 2.4.0 as it may crash. To support both 1.x and 2.x
versions of NumPy, modules must be compiled with NumPy 2.0.
Some module may need to rebuild instead e.g. with 'pybind11>=2.12'.

If you are a user of the module, the easiest solution will be to
downgrade to 'numpy<2' or try to upgrade the affected module.
We expect that some modules will need time to support NumPy 2.



A module that was compiled using NumPy 1.x cannot be run in
NumPy 2.4.0 as it may crash. To support both 1.x and 2.x
versions of NumPy, modules must be compiled with NumPy 2.0.
Some module may need to rebuild instead e.g. with 'pybind11>=2.12'.

If you are a user of the module, the easiest solution will be to
downgrade to 'numpy<2' or try to upgrade the affected module.
We expect that some modules will need time to support NumPy 2.

Traceback (most recent call last):  File "<frozen runpy>", line 198, in _run_module_as_main
  File "<frozen runpy>", line 88, in _run_code
  File "/usr/local/lib/python3.12/dist-packages/joblib/externals/loky/backend/popen_loky_posix.py", line 180, in <module>
    exitcode = process_obj._bootstrap()
  File "/usr/lib/python3.12/multiprocessing/process.py", line 314, in _bootstrap
    self.run()
  File "/usr/lib/python3.12/multiprocessing/process.py", line 108, in run
    self._target(*self._args, **self._kwargs)
  File "/usr/local/lib/python3.12/dist-packages/joblib/externals/loky/process_executor.py", line 453, in _process_worker
    call_item = call_queue.get(block=True, timeout=timeout)
  File "/usr/lib/python3.12/multiprocessing/queues.py", line 122, in get
    return _ForkingPickler.loads(res)
  File "/usr/local/lib/python3.12/dist-packages/sklearn/__init__.py", line 73, in <module>
    from .base import clone  # noqa: E402
  File "/usr/local/lib/python3.12/dist-packages/sklearn/base.py", line 19, in <module>
    from .utils._metadata_requests import _MetadataRequester, _routing_enabled
  File "/usr/local/lib/python3.12/dist-packages/sklearn/utils/__init__.py", line 9, in <module>
    from ._chunking import gen_batches, gen_even_slices
  File "/usr/local/lib/python3.12/dist-packages/sklearn/utils/_chunking.py", line 11, in <module>
    from ._param_validation import Interval, validate_params
  File "/usr/local/lib/python3.12/dist-packages/sklearn/utils/_param_validation.py", line 17, in <module>
    from .validation import _is_arraylike_not_scalar
  File "/usr/local/lib/python3.12/dist-packages/sklearn/utils/validation.py", line 21, in <module>
    from ..utils._array_api import _asarray_with_order, _is_numpy_namespace, get_namespace
  File "/usr/local/lib/python3.12/dist-packages/sklearn/utils/_array_api.py", line 20, in <module>
    from .fixes import parse_version
  File "/usr/local/lib/python3.12/dist-packages/sklearn/utils/fixes.py", line 20, in <module>
    import pandas as pd
  File "/usr/local/lib/python3.12/dist-packages/pandas/__init__.py", line 49, in <module>
    from pandas.core.api import (
  File "/usr/local/lib/python3.12/dist-packages/pandas/core/api.py", line 28, in <module>
    from pandas.core.arrays import Categorical
  File "/usr/local/lib/python3.12/dist-packages/pandas/core/arrays/__init__.py", line 1, in <module>
    from pandas.core.arrays.arrow import ArrowExtensionArray
  File "/usr/local/lib/python3.12/dist-packages/pandas/core/arrays/arrow/__init__.py", line 5, in <module>
    from pandas.core.arrays.arrow.array import ArrowExtensionArray
  File "/usr/local/lib/python3.12/dist-packages/pandas/core/arrays/arrow/array.py", line 67, in <module>
    from pandas.core.arrays.masked import BaseMaskedArray
  File "/usr/local/lib/python3.12/dist-packages/pandas/core/arrays/masked.py", line 61, in <module>
    from pandas.core import (
  File "/usr/local/lib/python3.12/dist-packages/pandas/core/nanops.py", line 52, in <module>
    bn = import_optional_dependency("bottleneck", errors="warn")
  File "/usr/local/lib/python3.12/dist-packages/pandas/compat/_optional.py", line 135, in import_optional_dependency
    module = importlib.import_module(name)
  File "/usr/lib/python3.12/importlib/__init__.py", line 90, in import_module
    return _bootstrap._gcd_import(name[level:], package, level)
  File "/usr/lib/python3/dist-packages/bottleneck/__init__.py", line 7, in <module>
    from .move import (move_argmax, move_argmin, move_max, move_mean, move_median,
Traceback (most recent call last):
  File "/usr/local/lib/python3.12/dist-packages/numpy/core/_multiarray_umath.py", line 46, in __getattr__
    raise ImportError(msg)
ImportError: 
A module that was compiled using NumPy 1.x cannot be run in
NumPy 2.4.0 as it may crash. To support both 1.x and 2.x
versions of NumPy, modules must be compiled with NumPy 2.0.
Some module may need to rebuild instead e.g. with 'pybind11>=2.12'.

If you are a user of the module, the easiest solution will be to
downgrade to 'numpy<2' or try to upgrade the affected module.
We expect that some modules will need time to support NumPy 2.



A module that was compiled using NumPy 1.x cannot be run in
NumPy 2.4.0 as it may crash. To support both 1.x and 2.x
versions of NumPy, modules must be compiled with NumPy 2.0.
Some module may need to rebuild instead e.g. with 'pybind11>=2.12'.

If you are a user of the module, the easiest solution will be to
downgrade to 'numpy<2' or try to upgrade the affected module.
We expect that some modules will need time to support NumPy 2.

Traceback (most recent call last):  File "<frozen runpy>", line 198, in _run_module_as_main
  File "<frozen runpy>", line 88, in _run_code
  File "/usr/local/lib/python3.12/dist-packages/joblib/externals/loky/backend/popen_loky_posix.py", line 180, in <module>
    exitcode = process_obj._bootstrap()
  File "/usr/lib/python3.12/multiprocessing/process.py", line 314, in _bootstrap
    self.run()
  File "/usr/lib/python3.12/multiprocessing/process.py", line 108, in run
    self._target(*self._args, **self._kwargs)
  File "/usr/local/lib/python3.12/dist-packages/joblib/externals/loky/process_executor.py", line 453, in _process_worker
    call_item = call_queue.get(block=True, timeout=timeout)
  File "/usr/lib/python3.12/multiprocessing/queues.py", line 122, in get
    return _ForkingPickler.loads(res)
  File "/usr/local/lib/python3.12/dist-packages/sklearn/__init__.py", line 73, in <module>
    from .base import clone  # noqa: E402
  File "/usr/local/lib/python3.12/dist-packages/sklearn/base.py", line 19, in <module>
    from .utils._metadata_requests import _MetadataRequester, _routing_enabled
  File "/usr/local/lib/python3.12/dist-packages/sklearn/utils/__init__.py", line 9, in <module>
    from ._chunking import gen_batches, gen_even_slices
  File "/usr/local/lib/python3.12/dist-packages/sklearn/utils/_chunking.py", line 11, in <module>
    from ._param_validation import Interval, validate_params
  File "/usr/local/lib/python3.12/dist-packages/sklearn/utils/_param_validation.py", line 17, in <module>
    from .validation import _is_arraylike_not_scalar
  File "/usr/local/lib/python3.12/dist-packages/sklearn/utils/validation.py", line 21, in <module>
    from ..utils._array_api import _asarray_with_order, _is_numpy_namespace, get_namespace
  File "/usr/local/lib/python3.12/dist-packages/sklearn/utils/_array_api.py", line 20, in <module>
    from .fixes import parse_version
  File "/usr/local/lib/python3.12/dist-packages/sklearn/utils/fixes.py", line 20, in <module>
    import pandas as pd
  File "/usr/local/lib/python3.12/dist-packages/pandas/__init__.py", line 49, in <module>
    from pandas.core.api import (
  File "/usr/local/lib/python3.12/dist-packages/pandas/core/api.py", line 28, in <module>
    from pandas.core.arrays import Categorical
  File "/usr/local/lib/python3.12/dist-packages/pandas/core/arrays/__init__.py", line 1, in <module>
    from pandas.core.arrays.arrow import ArrowExtensionArray
  File "/usr/local/lib/python3.12/dist-packages/pandas/core/arrays/arrow/__init__.py", line 5, in <module>
    from pandas.core.arrays.arrow.array import ArrowExtensionArray
  File "/usr/local/lib/python3.12/dist-packages/pandas/core/arrays/arrow/array.py", line 67, in <module>
    from pandas.core.arrays.masked import BaseMaskedArray
  File "/usr/local/lib/python3.12/dist-packages/pandas/core/arrays/masked.py", line 61, in <module>
    from pandas.core import (
  File "/usr/local/lib/python3.12/dist-packages/pandas/core/nanops.py", line 52, in <module>
    bn = import_optional_dependency("bottleneck", errors="warn")
  File "/usr/local/lib/python3.12/dist-packages/pandas/compat/_optional.py", line 135, in import_optional_dependency
    module = importlib.import_module(name)
  File "/usr/lib/python3.12/importlib/__init__.py", line 90, in import_module
    return _bootstrap._gcd_import(name[level:], package, level)
  File "/usr/lib/python3/dist-packages/bottleneck/__init__.py", line 7, in <module>
    from .move import (move_argmax, move_argmin, move_max, move_mean, move_median,
Traceback (most recent call last):
  File "/usr/local/lib/python3.12/dist-packages/numpy/core/_multiarray_umath.py", line 46, in __getattr__
    raise ImportError(msg)
ImportError: 
A module that was compiled using NumPy 1.x cannot be run in
NumPy 2.4.0 as it may crash. To support both 1.x and 2.x
versions of NumPy, modules must be compiled with NumPy 2.0.
Some module may need to rebuild instead e.g. with 'pybind11>=2.12'.

If you are a user of the module, the easiest solution will be to
downgrade to 'numpy<2' or try to upgrade the affected module.
We expect that some modules will need time to support NumPy 2.



A module that was compiled using NumPy 1.x cannot be run in
NumPy 2.4.0 as it may crash. To support both 1.x and 2.x
versions of NumPy, modules must be compiled with NumPy 2.0.
Some module may need to rebuild instead e.g. with 'pybind11>=2.12'.

If you are a user of the module, the easiest solution will be to
downgrade to 'numpy<2' or try to upgrade the affected module.
We expect that some modules will need time to support NumPy 2.

Traceback (most recent call last):  File "<frozen runpy>", line 198, in _run_module_as_main
  File "<frozen runpy>", line 88, in _run_code
  File "/usr/local/lib/python3.12/dist-packages/joblib/externals/loky/backend/popen_loky_posix.py", line 180, in <module>
    exitcode = process_obj._bootstrap()
  File "/usr/lib/python3.12/multiprocessing/process.py", line 314, in _bootstrap
    self.run()
  File "/usr/lib/python3.12/multiprocessing/process.py", line 108, in run
    self._target(*self._args, **self._kwargs)
  File "/usr/local/lib/python3.12/dist-packages/joblib/externals/loky/process_executor.py", line 453, in _process_worker
    call_item = call_queue.get(block=True, timeout=timeout)
  File "/usr/lib/python3.12/multiprocessing/queues.py", line 122, in get
    return _ForkingPickler.loads(res)
  File "/usr/local/lib/python3.12/dist-packages/sklearn/__init__.py", line 73, in <module>
    from .base import clone  # noqa: E402
  File "/usr/local/lib/python3.12/dist-packages/sklearn/base.py", line 19, in <module>
    from .utils._metadata_requests import _MetadataRequester, _routing_enabled
  File "/usr/local/lib/python3.12/dist-packages/sklearn/utils/__init__.py", line 9, in <module>
    from ._chunking import gen_batches, gen_even_slices
  File "/usr/local/lib/python3.12/dist-packages/sklearn/utils/_chunking.py", line 11, in <module>
    from ._param_validation import Interval, validate_params
  File "/usr/local/lib/python3.12/dist-packages/sklearn/utils/_param_validation.py", line 17, in <module>
    from .validation import _is_arraylike_not_scalar
  File "/usr/local/lib/python3.12/dist-packages/sklearn/utils/validation.py", line 21, in <module>
    from ..utils._array_api import _asarray_with_order, _is_numpy_namespace, get_namespace
  File "/usr/local/lib/python3.12/dist-packages/sklearn/utils/_array_api.py", line 20, in <module>
    from .fixes import parse_version
  File "/usr/local/lib/python3.12/dist-packages/sklearn/utils/fixes.py", line 20, in <module>
    import pandas as pd
  File "/usr/local/lib/python3.12/dist-packages/pandas/__init__.py", line 49, in <module>
    from pandas.core.api import (
  File "/usr/local/lib/python3.12/dist-packages/pandas/core/api.py", line 28, in <module>
    from pandas.core.arrays import Categorical
  File "/usr/local/lib/python3.12/dist-packages/pandas/core/arrays/__init__.py", line 1, in <module>
    from pandas.core.arrays.arrow import ArrowExtensionArray
  File "/usr/local/lib/python3.12/dist-packages/pandas/core/arrays/arrow/__init__.py", line 5, in <module>
    from pandas.core.arrays.arrow.array import ArrowExtensionArray
  File "/usr/local/lib/python3.12/dist-packages/pandas/core/arrays/arrow/array.py", line 53, in <module>
    from pandas.core import (
  File "/usr/local/lib/python3.12/dist-packages/pandas/core/ops/__init__.py", line 8, in <module>
    from pandas.core.ops.array_ops import (
  File "/usr/local/lib/python3.12/dist-packages/pandas/core/ops/array_ops.py", line 56, in <module>
    from pandas.core.computation import expressions
  File "/usr/local/lib/python3.12/dist-packages/pandas/core/computation/expressions.py", line 21, in <module>
    from pandas.core.computation.check import NUMEXPR_INSTALLED
  File "/usr/local/lib/python3.12/dist-packages/pandas/core/computation/check.py", line 5, in <module>
    ne = import_optional_dependency("numexpr", errors="warn")
  File "/usr/local/lib/python3.12/dist-packages/pandas/compat/_optional.py", line 135, in import_optional_dependency
    module = importlib.import_module(name)
  File "/usr/lib/python3.12/importlib/__init__.py", line 90, in import_module
    return _bootstrap._gcd_import(name[level:], package, level)
  File "/usr/lib/python3/dist-packages/numexpr/__init__.py", line 24, in <module>
    from numexpr.interpreter import MAX_THREADS, use_vml, __BLOCK_SIZE1__

A module that was compiled using NumPy 1.x cannot be run in
NumPy 2.4.0 as it may crash. To support both 1.x and 2.x
versions of NumPy, modules must be compiled with NumPy 2.0.
Some module may need to rebuild instead e.g. with 'pybind11>=2.12'.

If you are a user of the module, the easiest solution will be to
downgrade to 'numpy<2' or try to upgrade the affected module.
We expect that some modules will need time to support NumPy 2.

Traceback (most recent call last):  File "<frozen runpy>", line 198, in _run_module_as_main
  File "<frozen runpy>", line 88, in _run_code
  File "/usr/local/lib/python3.12/dist-packages/joblib/externals/loky/backend/popen_loky_posix.py", line 180, in <module>
    exitcode = process_obj._bootstrap()
  File "/usr/lib/python3.12/multiprocessing/process.py", line 314, in _bootstrap
    self.run()
  File "/usr/lib/python3.12/multiprocessing/process.py", line 108, in run
    self._target(*self._args, **self._kwargs)
  File "/usr/local/lib/python3.12/dist-packages/joblib/externals/loky/process_executor.py", line 453, in _process_worker
    call_item = call_queue.get(block=True, timeout=timeout)
  File "/usr/lib/python3.12/multiprocessing/queues.py", line 122, in get
    return _ForkingPickler.loads(res)
  File "/usr/local/lib/python3.12/dist-packages/sklearn/__init__.py", line 73, in <module>
    from .base import clone  # noqa: E402
  File "/usr/local/lib/python3.12/dist-packages/sklearn/base.py", line 19, in <module>
    from .utils._metadata_requests import _MetadataRequester, _routing_enabled
  File "/usr/local/lib/python3.12/dist-packages/sklearn/utils/__init__.py", line 9, in <module>
    from ._chunking import gen_batches, gen_even_slices
  File "/usr/local/lib/python3.12/dist-packages/sklearn/utils/_chunking.py", line 11, in <module>
    from ._param_validation import Interval, validate_params
  File "/usr/local/lib/python3.12/dist-packages/sklearn/utils/_param_validation.py", line 17, in <module>
    from .validation import _is_arraylike_not_scalar
  File "/usr/local/lib/python3.12/dist-packages/sklearn/utils/validation.py", line 21, in <module>
    from ..utils._array_api import _asarray_with_order, _is_numpy_namespace, get_namespace
  File "/usr/local/lib/python3.12/dist-packages/sklearn/utils/_array_api.py", line 20, in <module>
    from .fixes import parse_version
  File "/usr/local/lib/python3.12/dist-packages/sklearn/utils/fixes.py", line 20, in <module>
    import pandas as pd
  File "/usr/local/lib/python3.12/dist-packages/pandas/__init__.py", line 49, in <module>
    from pandas.core.api import (
  File "/usr/local/lib/python3.12/dist-packages/pandas/core/api.py", line 28, in <module>
    from pandas.core.arrays import Categorical
  File "/usr/local/lib/python3.12/dist-packages/pandas/core/arrays/__init__.py", line 1, in <module>
    from pandas.core.arrays.arrow import ArrowExtensionArray
  File "/usr/local/lib/python3.12/dist-packages/pandas/core/arrays/arrow/__init__.py", line 5, in <module>
    from pandas.core.arrays.arrow.array import ArrowExtensionArray
  File "/usr/local/lib/python3.12/dist-packages/pandas/core/arrays/arrow/array.py", line 53, in <module>
    from pandas.core import (
  File "/usr/local/lib/python3.12/dist-packages/pandas/core/ops/__init__.py", line 8, in <module>
    from pandas.core.ops.array_ops import (
  File "/usr/local/lib/python3.12/dist-packages/pandas/core/ops/array_ops.py", line 56, in <module>
    from pandas.core.computation import expressions
  File "/usr/local/lib/python3.12/dist-packages/pandas/core/computation/expressions.py", line 21, in <module>
    from pandas.core.computation.check import NUMEXPR_INSTALLED
  File "/usr/local/lib/python3.12/dist-packages/pandas/core/computation/check.py", line 5, in <module>
    ne = import_optional_dependency("numexpr", errors="warn")
  File "/usr/local/lib/python3.12/dist-packages/pandas/compat/_optional.py", line 135, in import_optional_dependency
    module = importlib.import_module(name)
  File "/usr/lib/python3.12/importlib/__init__.py", line 90, in import_module
    return _bootstrap._gcd_import(name[level:], package, level)
  File "/usr/lib/python3/dist-packages/numexpr/__init__.py", line 24, in <module>
    from numexpr.interpreter import MAX_THREADS, use_vml, __BLOCK_SIZE1__

A module that was compiled using NumPy 1.x cannot be run in
NumPy 2.4.0 as it may crash. To support both 1.x and 2.x
versions of NumPy, modules must be compiled with NumPy 2.0.
Some module may need to rebuild instead e.g. with 'pybind11>=2.12'.

If you are a user of the module, the easiest solution will be to
downgrade to 'numpy<2' or try to upgrade the affected module.
We expect that some modules will need time to support NumPy 2.

Traceback (most recent call last):  File "<frozen runpy>", line 198, in _run_module_as_main
  File "<frozen runpy>", line 88, in _run_code
  File "/usr/local/lib/python3.12/dist-packages/joblib/externals/loky/backend/popen_loky_posix.py", line 180, in <module>
    exitcode = process_obj._bootstrap()
  File "/usr/lib/python3.12/multiprocessing/process.py", line 314, in _bootstrap
    self.run()
  File "/usr/lib/python3.12/multiprocessing/process.py", line 108, in run
    self._target(*self._args, **self._kwargs)
  File "/usr/local/lib/python3.12/dist-packages/joblib/externals/loky/process_executor.py", line 453, in _process_worker
    call_item = call_queue.get(block=True, timeout=timeout)
  File "/usr/lib/python3.12/multiprocessing/queues.py", line 122, in get
    return _ForkingPickler.loads(res)
  File "/usr/local/lib/python3.12/dist-packages/sklearn/__init__.py", line 73, in <module>
    from .base import clone  # noqa: E402
  File "/usr/local/lib/python3.12/dist-packages/sklearn/base.py", line 19, in <module>
    from .utils._metadata_requests import _MetadataRequester, _routing_enabled
  File "/usr/local/lib/python3.12/dist-packages/sklearn/utils/__init__.py", line 9, in <module>
    from ._chunking import gen_batches, gen_even_slices
  File "/usr/local/lib/python3.12/dist-packages/sklearn/utils/_chunking.py", line 11, in <module>
    from ._param_validation import Interval, validate_params
  File "/usr/local/lib/python3.12/dist-packages/sklearn/utils/_param_validation.py", line 17, in <module>
    from .validation import _is_arraylike_not_scalar
  File "/usr/local/lib/python3.12/dist-packages/sklearn/utils/validation.py", line 21, in <module>
    from ..utils._array_api import _asarray_with_order, _is_numpy_namespace, get_namespace
  File "/usr/local/lib/python3.12/dist-packages/sklearn/utils/_array_api.py", line 20, in <module>
    from .fixes import parse_version
  File "/usr/local/lib/python3.12/dist-packages/sklearn/utils/fixes.py", line 20, in <module>
    import pandas as pd
  File "/usr/local/lib/python3.12/dist-packages/pandas/__init__.py", line 49, in <module>
    from pandas.core.api import (
  File "/usr/local/lib/python3.12/dist-packages/pandas/core/api.py", line 28, in <module>
    from pandas.core.arrays import Categorical
  File "/usr/local/lib/python3.12/dist-packages/pandas/core/arrays/__init__.py", line 1, in <module>
    from pandas.core.arrays.arrow import ArrowExtensionArray
  File "/usr/local/lib/python3.12/dist-packages/pandas/core/arrays/arrow/__init__.py", line 5, in <module>
    from pandas.core.arrays.arrow.array import ArrowExtensionArray
  File "/usr/local/lib/python3.12/dist-packages/pandas/core/arrays/arrow/array.py", line 67, in <module>
    from pandas.core.arrays.masked import BaseMaskedArray
  File "/usr/local/lib/python3.12/dist-packages/pandas/core/arrays/masked.py", line 61, in <module>
    from pandas.core import (
  File "/usr/local/lib/python3.12/dist-packages/pandas/core/nanops.py", line 52, in <module>
    bn = import_optional_dependency("bottleneck", errors="warn")
  File "/usr/local/lib/python3.12/dist-packages/pandas/compat/_optional.py", line 135, in import_optional_dependency
    module = importlib.import_module(name)
  File "/usr/lib/python3.12/importlib/__init__.py", line 90, in import_module
    return _bootstrap._gcd_import(name[level:], package, level)
  File "/usr/lib/python3/dist-packages/bottleneck/__init__.py", line 7, in <module>
    from .move import (move_argmax, move_argmin, move_max, move_mean, move_median,
Traceback (most recent call last):
  File "/usr/local/lib/python3.12/dist-packages/numpy/core/_multiarray_umath.py", line 46, in __getattr__
    raise ImportError(msg)
ImportError: 
A module that was compiled using NumPy 1.x cannot be run in
NumPy 2.4.0 as it may crash. To support both 1.x and 2.x
versions of NumPy, modules must be compiled with NumPy 2.0.
Some module may need to rebuild instead e.g. with 'pybind11>=2.12'.

If you are a user of the module, the easiest solution will be to
downgrade to 'numpy<2' or try to upgrade the affected module.
We expect that some modules will need time to support NumPy 2.


Traceback (most recent call last):
  File "/usr/local/lib/python3.12/dist-packages/numpy/core/_multiarray_umath.py", line 46, in __getattr__
    raise ImportError(msg)
ImportError: 
A module that was compiled using NumPy 1.x cannot be run in
NumPy 2.4.0 as it may crash. To support both 1.x and 2.x
versions of NumPy, modules must be compiled with NumPy 2.0.
Some module may need to rebuild instead e.g. with 'pybind11>=2.12'.

If you are a user of the module, the easiest solution will be to
downgrade to 'numpy<2' or try to upgrade the affected module.
We expect that some modules will need time to support NumPy 2.



A module that was compiled using NumPy 1.x cannot be run in
NumPy 2.4.0 as it may crash. To support both 1.x and 2.x
versions of NumPy, modules must be compiled with NumPy 2.0.
Some module may need to rebuild instead e.g. with 'pybind11>=2.12'.

If you are a user of the module, the easiest solution will be to
downgrade to 'numpy<2' or try to upgrade the affected module.
We expect that some modules will need time to support NumPy 2.

Traceback (most recent call last):  File "<frozen runpy>", line 198, in _run_module_as_main
  File "<frozen runpy>", line 88, in _run_code
  File "/usr/local/lib/python3.12/dist-packages/joblib/externals/loky/backend/popen_loky_posix.py", line 180, in <module>
    exitcode = process_obj._bootstrap()
  File "/usr/lib/python3.12/multiprocessing/process.py", line 314, in _bootstrap
    self.run()
  File "/usr/lib/python3.12/multiprocessing/process.py", line 108, in run
    self._target(*self._args, **self._kwargs)
  File "/usr/local/lib/python3.12/dist-packages/joblib/externals/loky/process_executor.py", line 453, in _process_worker
    call_item = call_queue.get(block=True, timeout=timeout)
  File "/usr/lib/python3.12/multiprocessing/queues.py", line 122, in get
    return _ForkingPickler.loads(res)
  File "/usr/local/lib/python3.12/dist-packages/sklearn/__init__.py", line 73, in <module>
    from .base import clone  # noqa: E402
  File "/usr/local/lib/python3.12/dist-packages/sklearn/base.py", line 19, in <module>
    from .utils._metadata_requests import _MetadataRequester, _routing_enabled
  File "/usr/local/lib/python3.12/dist-packages/sklearn/utils/__init__.py", line 9, in <module>
    from ._chunking import gen_batches, gen_even_slices
  File "/usr/local/lib/python3.12/dist-packages/sklearn/utils/_chunking.py", line 11, in <module>
    from ._param_validation import Interval, validate_params
  File "/usr/local/lib/python3.12/dist-packages/sklearn/utils/_param_validation.py", line 17, in <module>
    from .validation import _is_arraylike_not_scalar
  File "/usr/local/lib/python3.12/dist-packages/sklearn/utils/validation.py", line 21, in <module>
    from ..utils._array_api import _asarray_with_order, _is_numpy_namespace, get_namespace
  File "/usr/local/lib/python3.12/dist-packages/sklearn/utils/_array_api.py", line 20, in <module>
    from .fixes import parse_version
  File "/usr/local/lib/python3.12/dist-packages/sklearn/utils/fixes.py", line 20, in <module>
    import pandas as pd
  File "/usr/local/lib/python3.12/dist-packages/pandas/__init__.py", line 49, in <module>
    from pandas.core.api import (
  File "/usr/local/lib/python3.12/dist-packages/pandas/core/api.py", line 28, in <module>
    from pandas.core.arrays import Categorical
  File "/usr/local/lib/python3.12/dist-packages/pandas/core/arrays/__init__.py", line 1, in <module>
    from pandas.core.arrays.arrow import ArrowExtensionArray
  File "/usr/local/lib/python3.12/dist-packages/pandas/core/arrays/arrow/__init__.py", line 5, in <module>
    from pandas.core.arrays.arrow.array import ArrowExtensionArray
  File "/usr/local/lib/python3.12/dist-packages/pandas/core/arrays/arrow/array.py", line 67, in <module>
    from pandas.core.arrays.masked import BaseMaskedArray
  File "/usr/local/lib/python3.12/dist-packages/pandas/core/arrays/masked.py", line 61, in <module>
    from pandas.core import (
  File "/usr/local/lib/python3.12/dist-packages/pandas/core/nanops.py", line 52, in <module>
    bn = import_optional_dependency("bottleneck", errors="warn")
  File "/usr/local/lib/python3.12/dist-packages/pandas/compat/_optional.py", line 135, in import_optional_dependency
    module = importlib.import_module(name)
  File "/usr/lib/python3.12/importlib/__init__.py", line 90, in import_module
    return _bootstrap._gcd_import(name[level:], package, level)
  File "/usr/lib/python3/dist-packages/bottleneck/__init__.py", line 7, in <module>
    from .move import (move_argmax, move_argmin, move_max, move_mean, move_median,
Traceback (most recent call last):
  File "/usr/local/lib/python3.12/dist-packages/numpy/core/_multiarray_umath.py", line 46, in __getattr__
    raise ImportError(msg)
ImportError: 
A module that was compiled using NumPy 1.x cannot be run in
NumPy 2.4.0 as it may crash. To support both 1.x and 2.x
versions of NumPy, modules must be compiled with NumPy 2.0.
Some module may need to rebuild instead e.g. with 'pybind11>=2.12'.

If you are a user of the module, the easiest solution will be to
downgrade to 'numpy<2' or try to upgrade the affected module.
We expect that some modules will need time to support NumPy 2.


Traceback (most recent call last):
  File "/usr/local/lib/python3.12/dist-packages/numpy/core/_multiarray_umath.py", line 46, in __getattr__
    raise ImportError(msg)
ImportError: 
A module that was compiled using NumPy 1.x cannot be run in
NumPy 2.4.0 as it may crash. To support both 1.x and 2.x
versions of NumPy, modules must be compiled with NumPy 2.0.
Some module may need to rebuild instead e.g. with 'pybind11>=2.12'.

If you are a user of the module, the easiest solution will be to
downgrade to 'numpy<2' or try to upgrade the affected module.
We expect that some modules will need time to support NumPy 2.


Traceback (most recent call last):
  File "/usr/local/lib/python3.12/dist-packages/numpy/core/_multiarray_umath.py", line 46, in __getattr__
    raise ImportError(msg)
ImportError: 
A module that was compiled using NumPy 1.x cannot be run in
NumPy 2.4.0 as it may crash. To support both 1.x and 2.x
versions of NumPy, modules must be compiled with NumPy 2.0.
Some module may need to rebuild instead e.g. with 'pybind11>=2.12'.

If you are a user of the module, the easiest solution will be to
downgrade to 'numpy<2' or try to upgrade the affected module.
We expect that some modules will need time to support NumPy 2.



A module that was compiled using NumPy 1.x cannot be run in
NumPy 2.4.0 as it may crash. To support both 1.x and 2.x
versions of NumPy, modules must be compiled with NumPy 2.0.
Some module may need to rebuild instead e.g. with 'pybind11>=2.12'.

If you are a user of the module, the easiest solution will be to
downgrade to 'numpy<2' or try to upgrade the affected module.
We expect that some modules will need time to support NumPy 2.

Traceback (most recent call last):  File "<frozen runpy>", line 198, in _run_module_as_main
  File "<frozen runpy>", line 88, in _run_code
  File "/usr/local/lib/python3.12/dist-packages/joblib/externals/loky/backend/popen_loky_posix.py", line 180, in <module>
    exitcode = process_obj._bootstrap()
  File "/usr/lib/python3.12/multiprocessing/process.py", line 314, in _bootstrap
    self.run()
  File "/usr/lib/python3.12/multiprocessing/process.py", line 108, in run
    self._target(*self._args, **self._kwargs)
  File "/usr/local/lib/python3.12/dist-packages/joblib/externals/loky/process_executor.py", line 453, in _process_worker
    call_item = call_queue.get(block=True, timeout=timeout)
  File "/usr/lib/python3.12/multiprocessing/queues.py", line 122, in get
    return _ForkingPickler.loads(res)
  File "/usr/local/lib/python3.12/dist-packages/sklearn/__init__.py", line 73, in <module>
    from .base import clone  # noqa: E402
  File "/usr/local/lib/python3.12/dist-packages/sklearn/base.py", line 19, in <module>
    from .utils._metadata_requests import _MetadataRequester, _routing_enabled
  File "/usr/local/lib/python3.12/dist-packages/sklearn/utils/__init__.py", line 9, in <module>
    from ._chunking import gen_batches, gen_even_slices
  File "/usr/local/lib/python3.12/dist-packages/sklearn/utils/_chunking.py", line 11, in <module>
    from ._param_validation import Interval, validate_params
  File "/usr/local/lib/python3.12/dist-packages/sklearn/utils/_param_validation.py", line 17, in <module>
    from .validation import _is_arraylike_not_scalar
  File "/usr/local/lib/python3.12/dist-packages/sklearn/utils/validation.py", line 21, in <module>
    from ..utils._array_api import _asarray_with_order, _is_numpy_namespace, get_namespace
  File "/usr/local/lib/python3.12/dist-packages/sklearn/utils/_array_api.py", line 20, in <module>
    from .fixes import parse_version
  File "/usr/local/lib/python3.12/dist-packages/sklearn/utils/fixes.py", line 20, in <module>
    import pandas as pd
  File "/usr/local/lib/python3.12/dist-packages/pandas/__init__.py", line 49, in <module>
    from pandas.core.api import (
  File "/usr/local/lib/python3.12/dist-packages/pandas/core/api.py", line 28, in <module>
    from pandas.core.arrays import Categorical
  File "/usr/local/lib/python3.12/dist-packages/pandas/core/arrays/__init__.py", line 1, in <module>
    from pandas.core.arrays.arrow import ArrowExtensionArray
  File "/usr/local/lib/python3.12/dist-packages/pandas/core/arrays/arrow/__init__.py", line 5, in <module>
    from pandas.core.arrays.arrow.array import ArrowExtensionArray
  File "/usr/local/lib/python3.12/dist-packages/pandas/core/arrays/arrow/array.py", line 67, in <module>
    from pandas.core.arrays.masked import BaseMaskedArray
  File "/usr/local/lib/python3.12/dist-packages/pandas/core/arrays/masked.py", line 61, in <module>
    from pandas.core import (
  File "/usr/local/lib/python3.12/dist-packages/pandas/core/nanops.py", line 52, in <module>
    bn = import_optional_dependency("bottleneck", errors="warn")
  File "/usr/local/lib/python3.12/dist-packages/pandas/compat/_optional.py", line 135, in import_optional_dependency
    module = importlib.import_module(name)
  File "/usr/lib/python3.12/importlib/__init__.py", line 90, in import_module
    return _bootstrap._gcd_import(name[level:], package, level)
  File "/usr/lib/python3/dist-packages/bottleneck/__init__.py", line 7, in <module>
    from .move import (move_argmax, move_argmin, move_max, move_mean, move_median,
Traceback (most recent call last):
  File "/usr/local/lib/python3.12/dist-packages/numpy/core/_multiarray_umath.py", line 46, in __getattr__
    raise ImportError(msg)
ImportError: 
A module that was compiled using NumPy 1.x cannot be run in
NumPy 2.4.0 as it may crash. To support both 1.x and 2.x
versions of NumPy, modules must be compiled with NumPy 2.0.
Some module may need to rebuild instead e.g. with 'pybind11>=2.12'.

If you are a user of the module, the easiest solution will be to
downgrade to 'numpy<2' or try to upgrade the affected module.
We expect that some modules will need time to support NumPy 2.



A module that was compiled using NumPy 1.x cannot be run in
NumPy 2.4.0 as it may crash. To support both 1.x and 2.x
versions of NumPy, modules must be compiled with NumPy 2.0.
Some module may need to rebuild instead e.g. with 'pybind11>=2.12'.

If you are a user of the module, the easiest solution will be to
downgrade to 'numpy<2' or try to upgrade the affected module.
We expect that some modules will need time to support NumPy 2.

Traceback (most recent call last):  File "<frozen runpy>", line 198, in _run_module_as_main
  File "<frozen runpy>", line 88, in _run_code
  File "/usr/local/lib/python3.12/dist-packages/joblib/externals/loky/backend/popen_loky_posix.py", line 180, in <module>
    exitcode = process_obj._bootstrap()
  File "/usr/lib/python3.12/multiprocessing/process.py", line 314, in _bootstrap
    self.run()
  File "/usr/lib/python3.12/multiprocessing/process.py", line 108, in run
    self._target(*self._args, **self._kwargs)
  File "/usr/local/lib/python3.12/dist-packages/joblib/externals/loky/process_executor.py", line 453, in _process_worker
    call_item = call_queue.get(block=True, timeout=timeout)
  File "/usr/lib/python3.12/multiprocessing/queues.py", line 122, in get
    return _ForkingPickler.loads(res)
  File "/usr/local/lib/python3.12/dist-packages/sklearn/__init__.py", line 73, in <module>
    from .base import clone  # noqa: E402
  File "/usr/local/lib/python3.12/dist-packages/sklearn/base.py", line 19, in <module>
    from .utils._metadata_requests import _MetadataRequester, _routing_enabled
  File "/usr/local/lib/python3.12/dist-packages/sklearn/utils/__init__.py", line 9, in <module>
    from ._chunking import gen_batches, gen_even_slices
  File "/usr/local/lib/python3.12/dist-packages/sklearn/utils/_chunking.py", line 11, in <module>
    from ._param_validation import Interval, validate_params
  File "/usr/local/lib/python3.12/dist-packages/sklearn/utils/_param_validation.py", line 17, in <module>
    from .validation import _is_arraylike_not_scalar
  File "/usr/local/lib/python3.12/dist-packages/sklearn/utils/validation.py", line 21, in <module>
    from ..utils._array_api import _asarray_with_order, _is_numpy_namespace, get_namespace
  File "/usr/local/lib/python3.12/dist-packages/sklearn/utils/_array_api.py", line 20, in <module>
    from .fixes import parse_version
  File "/usr/local/lib/python3.12/dist-packages/sklearn/utils/fixes.py", line 20, in <module>
    import pandas as pd
  File "/usr/local/lib/python3.12/dist-packages/pandas/__init__.py", line 49, in <module>
    from pandas.core.api import (
  File "/usr/local/lib/python3.12/dist-packages/pandas/core/api.py", line 28, in <module>
    from pandas.core.arrays import Categorical
  File "/usr/local/lib/python3.12/dist-packages/pandas/core/arrays/__init__.py", line 1, in <module>
    from pandas.core.arrays.arrow import ArrowExtensionArray
  File "/usr/local/lib/python3.12/dist-packages/pandas/core/arrays/arrow/__init__.py", line 5, in <module>
    from pandas.core.arrays.arrow.array import ArrowExtensionArray
  File "/usr/local/lib/python3.12/dist-packages/pandas/core/arrays/arrow/array.py", line 67, in <module>
    from pandas.core.arrays.masked import BaseMaskedArray
  File "/usr/local/lib/python3.12/dist-packages/pandas/core/arrays/masked.py", line 61, in <module>
    from pandas.core import (
  File "/usr/local/lib/python3.12/dist-packages/pandas/core/nanops.py", line 52, in <module>
    bn = import_optional_dependency("bottleneck", errors="warn")
  File "/usr/local/lib/python3.12/dist-packages/pandas/compat/_optional.py", line 135, in import_optional_dependency
    module = importlib.import_module(name)
  File "/usr/lib/python3.12/importlib/__init__.py", line 90, in import_module
    return _bootstrap._gcd_import(name[level:], package, level)
  File "/usr/lib/python3/dist-packages/bottleneck/__init__.py", line 7, in <module>
    from .move import (move_argmax, move_argmin, move_max, move_mean, move_median,
Traceback (most recent call last):
  File "/usr/local/lib/python3.12/dist-packages/numpy/core/_multiarray_umath.py", line 46, in __getattr__
    raise ImportError(msg)
ImportError: 
A module that was compiled using NumPy 1.x cannot be run in
NumPy 2.4.0 as it may crash. To support both 1.x and 2.x
versions of NumPy, modules must be compiled with NumPy 2.0.
Some module may need to rebuild instead e.g. with 'pybind11>=2.12'.

If you are a user of the module, the easiest solution will be to
downgrade to 'numpy<2' or try to upgrade the affected module.
We expect that some modules will need time to support NumPy 2.



A module that was compiled using NumPy 1.x cannot be run in
NumPy 2.4.0 as it may crash. To support both 1.x and 2.x
versions of NumPy, modules must be compiled with NumPy 2.0.
Some module may need to rebuild instead e.g. with 'pybind11>=2.12'.

If you are a user of the module, the easiest solution will be to
downgrade to 'numpy<2' or try to upgrade the affected module.
We expect that some modules will need time to support NumPy 2.

Traceback (most recent call last):  File "<frozen runpy>", line 198, in _run_module_as_main
  File "<frozen runpy>", line 88, in _run_code
  File "/usr/local/lib/python3.12/dist-packages/joblib/externals/loky/backend/popen_loky_posix.py", line 180, in <module>
    exitcode = process_obj._bootstrap()
  File "/usr/lib/python3.12/multiprocessing/process.py", line 314, in _bootstrap
    self.run()
  File "/usr/lib/python3.12/multiprocessing/process.py", line 108, in run
    self._target(*self._args, **self._kwargs)
  File "/usr/local/lib/python3.12/dist-packages/joblib/externals/loky/process_executor.py", line 453, in _process_worker
    call_item = call_queue.get(block=True, timeout=timeout)
  File "/usr/lib/python3.12/multiprocessing/queues.py", line 122, in get
    return _ForkingPickler.loads(res)
  File "/usr/local/lib/python3.12/dist-packages/sklearn/__init__.py", line 73, in <module>
    from .base import clone  # noqa: E402
  File "/usr/local/lib/python3.12/dist-packages/sklearn/base.py", line 19, in <module>
    from .utils._metadata_requests import _MetadataRequester, _routing_enabled
  File "/usr/local/lib/python3.12/dist-packages/sklearn/utils/__init__.py", line 9, in <module>
    from ._chunking import gen_batches, gen_even_slices
  File "/usr/local/lib/python3.12/dist-packages/sklearn/utils/_chunking.py", line 11, in <module>
    from ._param_validation import Interval, validate_params
  File "/usr/local/lib/python3.12/dist-packages/sklearn/utils/_param_validation.py", line 17, in <module>
    from .validation import _is_arraylike_not_scalar
  File "/usr/local/lib/python3.12/dist-packages/sklearn/utils/validation.py", line 21, in <module>
    from ..utils._array_api import _asarray_with_order, _is_numpy_namespace, get_namespace
  File "/usr/local/lib/python3.12/dist-packages/sklearn/utils/_array_api.py", line 20, in <module>
    from .fixes import parse_version
  File "/usr/local/lib/python3.12/dist-packages/sklearn/utils/fixes.py", line 20, in <module>
    import pandas as pd
  File "/usr/local/lib/python3.12/dist-packages/pandas/__init__.py", line 49, in <module>
    from pandas.core.api import (
  File "/usr/local/lib/python3.12/dist-packages/pandas/core/api.py", line 28, in <module>
    from pandas.core.arrays import Categorical
  File "/usr/local/lib/python3.12/dist-packages/pandas/core/arrays/__init__.py", line 1, in <module>
    from pandas.core.arrays.arrow import ArrowExtensionArray
  File "/usr/local/lib/python3.12/dist-packages/pandas/core/arrays/arrow/__init__.py", line 5, in <module>
    from pandas.core.arrays.arrow.array import ArrowExtensionArray
  File "/usr/local/lib/python3.12/dist-packages/pandas/core/arrays/arrow/array.py", line 53, in <module>
    from pandas.core import (
  File "/usr/local/lib/python3.12/dist-packages/pandas/core/ops/__init__.py", line 8, in <module>
    from pandas.core.ops.array_ops import (
  File "/usr/local/lib/python3.12/dist-packages/pandas/core/ops/array_ops.py", line 56, in <module>
    from pandas.core.computation import expressions
  File "/usr/local/lib/python3.12/dist-packages/pandas/core/computation/expressions.py", line 21, in <module>
    from pandas.core.computation.check import NUMEXPR_INSTALLED
  File "/usr/local/lib/python3.12/dist-packages/pandas/core/computation/check.py", line 5, in <module>
    ne = import_optional_dependency("numexpr", errors="warn")
  File "/usr/local/lib/python3.12/dist-packages/pandas/compat/_optional.py", line 135, in import_optional_dependency
    module = importlib.import_module(name)
  File "/usr/lib/python3.12/importlib/__init__.py", line 90, in import_module
    return _bootstrap._gcd_import(name[level:], package, level)
  File "/usr/lib/python3/dist-packages/numexpr/__init__.py", line 24, in <module>
    from numexpr.interpreter import MAX_THREADS, use_vml, __BLOCK_SIZE1__
Traceback (most recent call last):
  File "/usr/local/lib/python3.12/dist-packages/numpy/core/_multiarray_umath.py", line 46, in __getattr__
    raise ImportError(msg)
ImportError: 
A module that was compiled using NumPy 1.x cannot be run in
NumPy 2.4.0 as it may crash. To support both 1.x and 2.x
versions of NumPy, modules must be compiled with NumPy 2.0.
Some module may need to rebuild instead e.g. with 'pybind11>=2.12'.

If you are a user of the module, the easiest solution will be to
downgrade to 'numpy<2' or try to upgrade the affected module.
We expect that some modules will need time to support NumPy 2.



A module that was compiled using NumPy 1.x cannot be run in
NumPy 2.4.0 as it may crash. To support both 1.x and 2.x
versions of NumPy, modules must be compiled with NumPy 2.0.
Some module may need to rebuild instead e.g. with 'pybind11>=2.12'.

If you are a user of the module, the easiest solution will be to
downgrade to 'numpy<2' or try to upgrade the affected module.
We expect that some modules will need time to support NumPy 2.

Traceback (most recent call last):  File "<frozen runpy>", line 198, in _run_module_as_main
  File "<frozen runpy>", line 88, in _run_code
  File "/usr/local/lib/python3.12/dist-packages/joblib/externals/loky/backend/popen_loky_posix.py", line 180, in <module>
    exitcode = process_obj._bootstrap()
  File "/usr/lib/python3.12/multiprocessing/process.py", line 314, in _bootstrap
    self.run()
  File "/usr/lib/python3.12/multiprocessing/process.py", line 108, in run
    self._target(*self._args, **self._kwargs)
  File "/usr/local/lib/python3.12/dist-packages/joblib/externals/loky/process_executor.py", line 453, in _process_worker
    call_item = call_queue.get(block=True, timeout=timeout)
  File "/usr/lib/python3.12/multiprocessing/queues.py", line 122, in get
    return _ForkingPickler.loads(res)
  File "/usr/local/lib/python3.12/dist-packages/sklearn/__init__.py", line 73, in <module>
    from .base import clone  # noqa: E402
  File "/usr/local/lib/python3.12/dist-packages/sklearn/base.py", line 19, in <module>
    from .utils._metadata_requests import _MetadataRequester, _routing_enabled
  File "/usr/local/lib/python3.12/dist-packages/sklearn/utils/__init__.py", line 9, in <module>
    from ._chunking import gen_batches, gen_even_slices
  File "/usr/local/lib/python3.12/dist-packages/sklearn/utils/_chunking.py", line 11, in <module>
    from ._param_validation import Interval, validate_params
  File "/usr/local/lib/python3.12/dist-packages/sklearn/utils/_param_validation.py", line 17, in <module>
    from .validation import _is_arraylike_not_scalar
  File "/usr/local/lib/python3.12/dist-packages/sklearn/utils/validation.py", line 21, in <module>
    from ..utils._array_api import _asarray_with_order, _is_numpy_namespace, get_namespace
  File "/usr/local/lib/python3.12/dist-packages/sklearn/utils/_array_api.py", line 20, in <module>
    from .fixes import parse_version
  File "/usr/local/lib/python3.12/dist-packages/sklearn/utils/fixes.py", line 20, in <module>
    import pandas as pd
  File "/usr/local/lib/python3.12/dist-packages/pandas/__init__.py", line 49, in <module>
    from pandas.core.api import (
  File "/usr/local/lib/python3.12/dist-packages/pandas/core/api.py", line 28, in <module>
    from pandas.core.arrays import Categorical
  File "/usr/local/lib/python3.12/dist-packages/pandas/core/arrays/__init__.py", line 1, in <module>
    from pandas.core.arrays.arrow import ArrowExtensionArray
  File "/usr/local/lib/python3.12/dist-packages/pandas/core/arrays/arrow/__init__.py", line 5, in <module>
    from pandas.core.arrays.arrow.array import ArrowExtensionArray
  File "/usr/local/lib/python3.12/dist-packages/pandas/core/arrays/arrow/array.py", line 67, in <module>
    from pandas.core.arrays.masked import BaseMaskedArray
  File "/usr/local/lib/python3.12/dist-packages/pandas/core/arrays/masked.py", line 61, in <module>
    from pandas.core import (
  File "/usr/local/lib/python3.12/dist-packages/pandas/core/nanops.py", line 52, in <module>
    bn = import_optional_dependency("bottleneck", errors="warn")
  File "/usr/local/lib/python3.12/dist-packages/pandas/compat/_optional.py", line 135, in import_optional_dependency
    module = importlib.import_module(name)
  File "/usr/lib/python3.12/importlib/__init__.py", line 90, in import_module
    return _bootstrap._gcd_import(name[level:], package, level)
  File "/usr/lib/python3/dist-packages/bottleneck/__init__.py", line 7, in <module>
    from .move import (move_argmax, move_argmin, move_max, move_mean, move_median,
Traceback (most recent call last):
  File "/usr/local/lib/python3.12/dist-packages/numpy/core/_multiarray_umath.py", line 46, in __getattr__
    raise ImportError(msg)
ImportError: 
A module that was compiled using NumPy 1.x cannot be run in
NumPy 2.4.0 as it may crash. To support both 1.x and 2.x
versions of NumPy, modules must be compiled with NumPy 2.0.
Some module may need to rebuild instead e.g. with 'pybind11>=2.12'.

If you are a user of the module, the easiest solution will be to
downgrade to 'numpy<2' or try to upgrade the affected module.
We expect that some modules will need time to support NumPy 2.



A module that was compiled using NumPy 1.x cannot be run in
NumPy 2.4.0 as it may crash. To support both 1.x and 2.x
versions of NumPy, modules must be compiled with NumPy 2.0.
Some module may need to rebuild instead e.g. with 'pybind11>=2.12'.

If you are a user of the module, the easiest solution will be to
downgrade to 'numpy<2' or try to upgrade the affected module.
We expect that some modules will need time to support NumPy 2.

Traceback (most recent call last):  File "<frozen runpy>", line 198, in _run_module_as_main
  File "<frozen runpy>", line 88, in _run_code
  File "/usr/local/lib/python3.12/dist-packages/joblib/externals/loky/backend/popen_loky_posix.py", line 180, in <module>
    exitcode = process_obj._bootstrap()
  File "/usr/lib/python3.12/multiprocessing/process.py", line 314, in _bootstrap
    self.run()
  File "/usr/lib/python3.12/multiprocessing/process.py", line 108, in run
    self._target(*self._args, **self._kwargs)
  File "/usr/local/lib/python3.12/dist-packages/joblib/externals/loky/process_executor.py", line 453, in _process_worker
    call_item = call_queue.get(block=True, timeout=timeout)
  File "/usr/lib/python3.12/multiprocessing/queues.py", line 122, in get
    return _ForkingPickler.loads(res)
  File "/usr/local/lib/python3.12/dist-packages/sklearn/__init__.py", line 73, in <module>
    from .base import clone  # noqa: E402
  File "/usr/local/lib/python3.12/dist-packages/sklearn/base.py", line 19, in <module>
    from .utils._metadata_requests import _MetadataRequester, _routing_enabled
  File "/usr/local/lib/python3.12/dist-packages/sklearn/utils/__init__.py", line 9, in <module>
    from ._chunking import gen_batches, gen_even_slices
  File "/usr/local/lib/python3.12/dist-packages/sklearn/utils/_chunking.py", line 11, in <module>
    from ._param_validation import Interval, validate_params
  File "/usr/local/lib/python3.12/dist-packages/sklearn/utils/_param_validation.py", line 17, in <module>
    from .validation import _is_arraylike_not_scalar
  File "/usr/local/lib/python3.12/dist-packages/sklearn/utils/validation.py", line 21, in <module>
    from ..utils._array_api import _asarray_with_order, _is_numpy_namespace, get_namespace
  File "/usr/local/lib/python3.12/dist-packages/sklearn/utils/_array_api.py", line 20, in <module>
    from .fixes import parse_version
  File "/usr/local/lib/python3.12/dist-packages/sklearn/utils/fixes.py", line 20, in <module>
    import pandas as pd
  File "/usr/local/lib/python3.12/dist-packages/pandas/__init__.py", line 49, in <module>
    from pandas.core.api import (
  File "/usr/local/lib/python3.12/dist-packages/pandas/core/api.py", line 28, in <module>
    from pandas.core.arrays import Categorical
  File "/usr/local/lib/python3.12/dist-packages/pandas/core/arrays/__init__.py", line 1, in <module>
    from pandas.core.arrays.arrow import ArrowExtensionArray
  File "/usr/local/lib/python3.12/dist-packages/pandas/core/arrays/arrow/__init__.py", line 5, in <module>
    from pandas.core.arrays.arrow.array import ArrowExtensionArray
  File "/usr/local/lib/python3.12/dist-packages/pandas/core/arrays/arrow/array.py", line 53, in <module>
    from pandas.core import (
  File "/usr/local/lib/python3.12/dist-packages/pandas/core/ops/__init__.py", line 8, in <module>
    from pandas.core.ops.array_ops import (
  File "/usr/local/lib/python3.12/dist-packages/pandas/core/ops/array_ops.py", line 56, in <module>
    from pandas.core.computation import expressions
  File "/usr/local/lib/python3.12/dist-packages/pandas/core/computation/expressions.py", line 21, in <module>
    from pandas.core.computation.check import NUMEXPR_INSTALLED
  File "/usr/local/lib/python3.12/dist-packages/pandas/core/computation/check.py", line 5, in <module>
    ne = import_optional_dependency("numexpr", errors="warn")
  File "/usr/local/lib/python3.12/dist-packages/pandas/compat/_optional.py", line 135, in import_optional_dependency
    module = importlib.import_module(name)
  File "/usr/lib/python3.12/importlib/__init__.py", line 90, in import_module
    return _bootstrap._gcd_import(name[level:], package, level)
  File "/usr/lib/python3/dist-packages/numexpr/__init__.py", line 24, in <module>
    from numexpr.interpreter import MAX_THREADS, use_vml, __BLOCK_SIZE1__
Traceback (most recent call last):
  File "/usr/local/lib/python3.12/dist-packages/numpy/core/_multiarray_umath.py", line 46, in __getattr__
    raise ImportError(msg)
ImportError: 
A module that was compiled using NumPy 1.x cannot be run in
NumPy 2.4.0 as it may crash. To support both 1.x and 2.x
versions of NumPy, modules must be compiled with NumPy 2.0.
Some module may need to rebuild instead e.g. with 'pybind11>=2.12'.

If you are a user of the module, the easiest solution will be to
downgrade to 'numpy<2' or try to upgrade the affected module.
We expect that some modules will need time to support NumPy 2.



A module that was compiled using NumPy 1.x cannot be run in
NumPy 2.4.0 as it may crash. To support both 1.x and 2.x
versions of NumPy, modules must be compiled with NumPy 2.0.
Some module may need to rebuild instead e.g. with 'pybind11>=2.12'.

If you are a user of the module, the easiest solution will be to
downgrade to 'numpy<2' or try to upgrade the affected module.
We expect that some modules will need time to support NumPy 2.

Traceback (most recent call last):  File "<frozen runpy>", line 198, in _run_module_as_main
  File "<frozen runpy>", line 88, in _run_code
  File "/usr/local/lib/python3.12/dist-packages/joblib/externals/loky/backend/popen_loky_posix.py", line 180, in <module>
    exitcode = process_obj._bootstrap()
  File "/usr/lib/python3.12/multiprocessing/process.py", line 314, in _bootstrap
    self.run()
  File "/usr/lib/python3.12/multiprocessing/process.py", line 108, in run
    self._target(*self._args, **self._kwargs)
  File "/usr/local/lib/python3.12/dist-packages/joblib/externals/loky/process_executor.py", line 453, in _process_worker
    call_item = call_queue.get(block=True, timeout=timeout)
  File "/usr/lib/python3.12/multiprocessing/queues.py", line 122, in get
    return _ForkingPickler.loads(res)
  File "/usr/local/lib/python3.12/dist-packages/sklearn/__init__.py", line 73, in <module>
    from .base import clone  # noqa: E402
  File "/usr/local/lib/python3.12/dist-packages/sklearn/base.py", line 19, in <module>
    from .utils._metadata_requests import _MetadataRequester, _routing_enabled
  File "/usr/local/lib/python3.12/dist-packages/sklearn/utils/__init__.py", line 9, in <module>
    from ._chunking import gen_batches, gen_even_slices
  File "/usr/local/lib/python3.12/dist-packages/sklearn/utils/_chunking.py", line 11, in <module>
    from ._param_validation import Interval, validate_params
  File "/usr/local/lib/python3.12/dist-packages/sklearn/utils/_param_validation.py", line 17, in <module>
    from .validation import _is_arraylike_not_scalar
  File "/usr/local/lib/python3.12/dist-packages/sklearn/utils/validation.py", line 21, in <module>
    from ..utils._array_api import _asarray_with_order, _is_numpy_namespace, get_namespace
  File "/usr/local/lib/python3.12/dist-packages/sklearn/utils/_array_api.py", line 20, in <module>
    from .fixes import parse_version
  File "/usr/local/lib/python3.12/dist-packages/sklearn/utils/fixes.py", line 20, in <module>
    import pandas as pd
  File "/usr/local/lib/python3.12/dist-packages/pandas/__init__.py", line 49, in <module>
    from pandas.core.api import (
  File "/usr/local/lib/python3.12/dist-packages/pandas/core/api.py", line 28, in <module>
    from pandas.core.arrays import Categorical
  File "/usr/local/lib/python3.12/dist-packages/pandas/core/arrays/__init__.py", line 1, in <module>
    from pandas.core.arrays.arrow import ArrowExtensionArray
  File "/usr/local/lib/python3.12/dist-packages/pandas/core/arrays/arrow/__init__.py", line 5, in <module>
    from pandas.core.arrays.arrow.array import ArrowExtensionArray
  File "/usr/local/lib/python3.12/dist-packages/pandas/core/arrays/arrow/array.py", line 67, in <module>
    from pandas.core.arrays.masked import BaseMaskedArray
  File "/usr/local/lib/python3.12/dist-packages/pandas/core/arrays/masked.py", line 61, in <module>
    from pandas.core import (
  File "/usr/local/lib/python3.12/dist-packages/pandas/core/nanops.py", line 52, in <module>
    bn = import_optional_dependency("bottleneck", errors="warn")
  File "/usr/local/lib/python3.12/dist-packages/pandas/compat/_optional.py", line 135, in import_optional_dependency
    module = importlib.import_module(name)
  File "/usr/lib/python3.12/importlib/__init__.py", line 90, in import_module
    return _bootstrap._gcd_import(name[level:], package, level)
  File "/usr/lib/python3/dist-packages/bottleneck/__init__.py", line 7, in <module>
    from .move import (move_argmax, move_argmin, move_max, move_mean, move_median,
Traceback (most recent call last):
  File "/usr/local/lib/python3.12/dist-packages/numpy/core/_multiarray_umath.py", line 46, in __getattr__
    raise ImportError(msg)
ImportError: 
A module that was compiled using NumPy 1.x cannot be run in
NumPy 2.4.0 as it may crash. To support both 1.x and 2.x
versions of NumPy, modules must be compiled with NumPy 2.0.
Some module may need to rebuild instead e.g. with 'pybind11>=2.12'.

If you are a user of the module, the easiest solution will be to
downgrade to 'numpy<2' or try to upgrade the affected module.
We expect that some modules will need time to support NumPy 2.


/root/workspace/vrp-prediction/experiments/06_universal_model/../../src/data/loaders.py:21: FutureWarning: YF.download() has changed argument auto_adjust default to True
  data = yf.download(ticker, start=start, end=end, progress=False)
/root/workspace/vrp-prediction/experiments/06_universal_model/../../src/data/loaders.py:21: FutureWarning: YF.download() has changed argument auto_adjust default to True
  data = yf.download(ticker, start=start, end=end, progress=False)
/root/workspace/vrp-prediction/experiments/06_universal_model/../../src/data/preprocessors.py:39: FutureWarning: Series.fillna with 'method' is deprecated and will raise in a future version. Use obj.ffill() or obj.bfill() instead.
  df['VIX_lag10'] = df['VIX'].shift(10).fillna(method='bfill')
/root/workspace/vrp-prediction/experiments/06_universal_model/../../src/data/preprocessors.py:40: FutureWarning: Series.fillna with 'method' is deprecated and will raise in a future version. Use obj.ffill() or obj.bfill() instead.
  df['VIX_lag22'] = df['VIX'].shift(22).fillna(method='bfill')
/root/workspace/vrp-prediction/experiments/06_universal_model/../../src/data/loaders.py:21: FutureWarning: YF.download() has changed argument auto_adjust default to True
  data = yf.download(ticker, start=start, end=end, progress=False)
/root/workspace/vrp-prediction/experiments/06_universal_model/../../src/data/loaders.py:21: FutureWarning: YF.download() has changed argument auto_adjust default to True
  data = yf.download(ticker, start=start, end=end, progress=False)
/root/workspace/vrp-prediction/experiments/06_universal_model/../../src/data/preprocessors.py:39: FutureWarning: Series.fillna with 'method' is deprecated and will raise in a future version. Use obj.ffill() or obj.bfill() instead.
  df['VIX_lag10'] = df['VIX'].shift(10).fillna(method='bfill')
/root/workspace/vrp-prediction/experiments/06_universal_model/../../src/data/preprocessors.py:40: FutureWarning: Series.fillna with 'method' is deprecated and will raise in a future version. Use obj.ffill() or obj.bfill() instead.
  df['VIX_lag22'] = df['VIX'].shift(22).fillna(method='bfill')
/root/workspace/vrp-prediction/experiments/06_universal_model/../../src/data/loaders.py:21: FutureWarning: YF.download() has changed argument auto_adjust default to True
  data = yf.download(ticker, start=start, end=end, progress=False)
/root/workspace/vrp-prediction/experiments/06_universal_model/../../src/data/loaders.py:21: FutureWarning: YF.download() has changed argument auto_adjust default to True
  data = yf.download(ticker, start=start, end=end, progress=False)
/root/workspace/vrp-prediction/experiments/06_universal_model/../../src/data/preprocessors.py:39: FutureWarning: Series.fillna with 'method' is deprecated and will raise in a future version. Use obj.ffill() or obj.bfill() instead.
  df['VIX_lag10'] = df['VIX'].shift(10).fillna(method='bfill')
/root/workspace/vrp-prediction/experiments/06_universal_model/../../src/data/preprocessors.py:40: FutureWarning: Series.fillna with 'method' is deprecated and will raise in a future version. Use obj.ffill() or obj.bfill() instead.
  df['VIX_lag22'] = df['VIX'].shift(22).fillna(method='bfill')
/root/workspace/vrp-prediction/experiments/06_universal_model/../../src/data/loaders.py:21: FutureWarning: YF.download() has changed argument auto_adjust default to True
  data = yf.download(ticker, start=start, end=end, progress=False)
/root/workspace/vrp-prediction/experiments/06_universal_model/../../src/data/loaders.py:21: FutureWarning: YF.download() has changed argument auto_adjust default to True
  data = yf.download(ticker, start=start, end=end, progress=False)
/root/workspace/vrp-prediction/experiments/06_universal_model/../../src/data/preprocessors.py:39: FutureWarning: Series.fillna with 'method' is deprecated and will raise in a future version. Use obj.ffill() or obj.bfill() instead.
  df['VIX_lag10'] = df['VIX'].shift(10).fillna(method='bfill')
/root/workspace/vrp-prediction/experiments/06_universal_model/../../src/data/preprocessors.py:40: FutureWarning: Series.fillna with 'method' is deprecated and will raise in a future version. Use obj.ffill() or obj.bfill() instead.
  df['VIX_lag22'] = df['VIX'].shift(22).fillna(method='bfill')
  Top 10 by Permutation:
       feature  importance
VRP_transitory    1.092117
      VIX_ma22    0.291027
      CAVB_ma5    0.130161
VRP_persistent    0.122718
        RV_10d    0.086785
     VIX_lag10    0.070890
  CAVB_max_22d    0.032723
    RV_std_22d    0.030665
  CAVB_min_22d    0.025155
RV_VIX_product    0.020703

============================================================
SUMMARY
============================================================
Full (29):        R²=0.7168
Lasso Best:       R²=0.7168 (24 features)
RFE Best:         R²=0.7212 (15 features)
MI Top 20:        R²=0.7383 (20 features)

Consensus Features (4 methods agree): 4
['CAVB_ma5', 'RV_10d', 'VIX_lag10', 'VIX_ma22']

============================================================
Feature Selection: GLD
============================================================

Split completed:
  Train: 1490 samples (0 - 1490)
  Val:   492 samples (1495 - 1987)
  Test:  492 samples (1992 - 2484)
  Gap:   5 days
Method 1: Lasso L1 Regularization
  α=0.0001: 27 features, R²=0.8729
  α=0.0005: 27 features, R²=0.8729
  α=0.0010: 25 features, R²=0.8723
  α=0.0050: 22 features, R²=0.8730
  α=0.0100: 20 features, R²=0.8718
  Best: α=0.005, 22 features, R²=0.8730

Method 2: Recursive Feature Elimination
  15 features: R²=0.8721
  20 features: R²=0.8729
  25 features: R²=0.8729
  Best: 25 features, R²=0.8729

Method 3: Mutual Information
  Top 10 by MI:
       feature  mi_score
     CAVB_lag1  0.921795
  RV_VIX_ratio  0.914149
CAVB_VIX_ratio  0.914149
      CAVB_ma5  0.890652
  CAVB_min_22d  0.666760
  CAVB_max_22d  0.665477
       VIX_ma5  0.553662
VRP_persistent  0.543618
      VIX_ma22  0.534078
      VIX_lag1  0.511656
  Top 20: R²=0.8483

Method 4: Permutation Importance
  Top 10 by Permutation:
       feature  importance
VRP_transitory    0.763837
VRP_persistent    0.410844
  CAVB_min_22d    0.090686
        RV_10d    0.060919
RV_VIX_product    0.010059
     CAVB_lag1    0.009052
    RV_std_22d    0.008566
    VIX_change    0.008305
      CAVB_ma5    0.007856
  CAVB_std_22d    0.005242

============================================================
SUMMARY
============================================================
Full (29):        R²=0.8729
Lasso Best:       R²=0.8730 (22 features)
RFE Best:         R²=0.8729 (25 features)
MI Top 20:        R²=0.8483 (20 features)

Consensus Features (4 methods agree): 2
['CAVB_lag1', 'CAVB_ma5']

============================================================
Feature Selection: TLT
============================================================

Split completed:
  Train: 1490 samples (0 - 1490)
  Val:   492 samples (1495 - 1987)
  Test:  492 samples (1992 - 2484)
  Gap:   5 days
Method 1: Lasso L1 Regularization
  α=0.0001: 26 features, R²=0.8367
  α=0.0005: 24 features, R²=0.8367
  α=0.0010: 24 features, R²=0.8367
  α=0.0050: 20 features, R²=0.8362
  α=0.0100: 18 features, R²=0.8361
  Best: α=0.0001, 26 features, R²=0.8367

Method 2: Recursive Feature Elimination
  15 features: R²=0.8356
  20 features: R²=0.8368
  25 features: R²=0.8367
  Best: 20 features, R²=0.8368

Method 3: Mutual Information
  Top 10 by MI:
       feature  mi_score
     CAVB_lag1  1.081176
  RV_VIX_ratio  1.067923
CAVB_VIX_ratio  1.067923
      CAVB_ma5  1.016454
  CAVB_max_22d  0.839717
  CAVB_min_22d  0.725229
       VIX_ma5  0.697187
VRP_persistent  0.681776
      VIX_lag1  0.660888
     CAVB_lag5  0.651540
  Top 20: R²=0.8126

Method 4: Permutation Importance
  Top 10 by Permutation:
        feature  importance
 VRP_transitory    0.551072
 VRP_persistent    0.465021
   CAVB_max_22d    0.185826
   CAVB_min_22d    0.126813
   CAVB_std_22d    0.099178
         RV_10d    0.046078
         RV_22d    0.040588
       VIX_ma22    0.022393
      VIX_lag22    0.012934
CAVB_percentile    0.010221

============================================================
SUMMARY
============================================================
Full (29):        R²=0.8367
Lasso Best:       R²=0.8367 (26 features)
RFE Best:         R²=0.8368 (20 features)
MI Top 20:        R²=0.8126 (20 features)

Consensus Features (4 methods agree): 2
['CAVB_lag5', 'VIX_ma5']

============================================================
Feature Selection: EFA
============================================================

Split completed:
  Train: 1490 samples (0 - 1490)
  Val:   492 samples (1495 - 1987)
  Test:  492 samples (1992 - 2484)
  Gap:   5 days
Method 1: Lasso L1 Regularization
  α=0.0001: 26 features, R²=0.7417
  α=0.0005: 26 features, R²=0.7417
  α=0.0010: 26 features, R²=0.7417
  α=0.0050: 22 features, R²=0.7417
  α=0.0100: 23 features, R²=0.7418
  Best: α=0.01, 23 features, R²=0.7418

Method 2: Recursive Feature Elimination
  15 features: R²=0.7420
  20 features: R²=0.7418
  25 features: R²=0.7417
  Best: 15 features, R²=0.7420

Method 3: Mutual Information
  Top 10 by MI:
       feature  mi_score
CAVB_VIX_ratio  0.606965
  RV_VIX_ratio  0.606965
     CAVB_lag1  0.557963
      CAVB_ma5  0.540297
  CAVB_max_22d  0.500782
  CAVB_min_22d  0.467377
VRP_transitory  0.439064
VRP_persistent  0.424516
      VIX_ma22  0.368550
        RV_22d  0.349151
  Top 20: R²=0.7522

Method 4: Permutation Importance
  Top 10 by Permutation:
       feature  importance
VRP_transitory    1.141975
      VIX_ma22    0.320772
VRP_persistent    0.184392
  CAVB_max_22d    0.168679
  CAVB_std_22d    0.166295
  CAVB_min_22d    0.080785
        RV_10d    0.071938
     CAVB_lag1    0.035616
    VIX_change    0.027033
     VIX_lag10    0.024525

============================================================
SUMMARY
============================================================
Full (29):        R²=0.7417
Lasso Best:       R²=0.7418 (23 features)
RFE Best:         R²=0.7420 (15 features)
MI Top 20:        R²=0.7522 (20 features)

Consensus Features (4 methods agree): 3
['CAVB_lag1', 'RV_10d', 'VIX_ma22']

============================================================
Feature Selection: EEM
============================================================

Split completed:
  Train: 1490 samples (0 - 1490)
  Val:   492 samples (1495 - 1987)
  Test:  492 samples (1992 - 2484)
  Gap:   5 days
Method 1: Lasso L1 Regularization
  α=0.0001: 26 features, R²=0.6941
  α=0.0005: 25 features, R²=0.6939
  α=0.0010: 25 features, R²=0.6939
  α=0.0050: 21 features, R²=0.6939
  α=0.0100: 20 features, R²=0.6952
  Best: α=0.01, 20 features, R²=0.6952

Method 2: Recursive Feature Elimination
  15 features: R²=0.6957
  20 features: R²=0.6955
  25 features: R²=0.6941
  Best: 15 features, R²=0.6957

Method 3: Mutual Information
  Top 10 by MI:
       feature  mi_score
CAVB_VIX_ratio  0.731081
  RV_VIX_ratio  0.731081
     CAVB_lag1  0.641160
  CAVB_min_22d  0.609322
  CAVB_max_22d  0.578251
      CAVB_ma5  0.567251
VRP_persistent  0.479223
      VIX_ma22  0.466593
VRP_transitory  0.447484
RV_VIX_product  0.437023
  Top 20: R²=0.6997

Method 4: Permutation Importance
  Top 10 by Permutation:
        feature  importance
 VRP_transitory    0.790311
       VIX_ma22    0.283110
   CAVB_std_22d    0.268437
 VRP_persistent    0.190709
   CAVB_max_22d    0.171026
         RV_10d    0.060572
      VIX_lag10    0.060319
   CAVB_min_22d    0.048954
CAVB_percentile    0.029131
       VIX_lag5    0.016773

============================================================
SUMMARY
============================================================
Full (29):        R²=0.6941
Lasso Best:       R²=0.6952 (20 features)
RFE Best:         R²=0.6957 (15 features)
MI Top 20:        R²=0.6997 (20 features)

Consensus Features (4 methods agree): 2
['CAVB_std_22d', 'VIX_ma22']

============================================================
CROSS-ASSET CONSENSUS
============================================================

Universal Features (selected by 4+ assets):

Results saved to results/comprehensive_feature_selection.json
