
A module that was compiled using NumPy 1.x cannot be run in
NumPy 2.4.0 as it may crash. To support both 1.x and 2.x
versions of NumPy, modules must be compiled with NumPy 2.0.
Some module may need to rebuild instead e.g. with 'pybind11>=2.12'.

If you are a user of the module, the easiest solution will be to
downgrade to 'numpy<2' or try to upgrade the affected module.
We expect that some modules will need time to support NumPy 2.

Traceback (most recent call last):  File "/root/workspace/vrp-prediction/experiments/07_advanced_models/model_comparison.py", line 11, in <module>
    import pandas as pd
  File "/usr/local/lib/python3.12/dist-packages/pandas/__init__.py", line 49, in <module>
    from pandas.core.api import (
  File "/usr/local/lib/python3.12/dist-packages/pandas/core/api.py", line 28, in <module>
    from pandas.core.arrays import Categorical
  File "/usr/local/lib/python3.12/dist-packages/pandas/core/arrays/__init__.py", line 1, in <module>
    from pandas.core.arrays.arrow import ArrowExtensionArray
  File "/usr/local/lib/python3.12/dist-packages/pandas/core/arrays/arrow/__init__.py", line 5, in <module>
    from pandas.core.arrays.arrow.array import ArrowExtensionArray
  File "/usr/local/lib/python3.12/dist-packages/pandas/core/arrays/arrow/array.py", line 53, in <module>
    from pandas.core import (
  File "/usr/local/lib/python3.12/dist-packages/pandas/core/ops/__init__.py", line 8, in <module>
    from pandas.core.ops.array_ops import (
  File "/usr/local/lib/python3.12/dist-packages/pandas/core/ops/array_ops.py", line 56, in <module>
    from pandas.core.computation import expressions
  File "/usr/local/lib/python3.12/dist-packages/pandas/core/computation/expressions.py", line 21, in <module>
    from pandas.core.computation.check import NUMEXPR_INSTALLED
  File "/usr/local/lib/python3.12/dist-packages/pandas/core/computation/check.py", line 5, in <module>
    ne = import_optional_dependency("numexpr", errors="warn")
  File "/usr/local/lib/python3.12/dist-packages/pandas/compat/_optional.py", line 135, in import_optional_dependency
    module = importlib.import_module(name)
  File "/usr/lib/python3.12/importlib/__init__.py", line 90, in import_module
    return _bootstrap._gcd_import(name[level:], package, level)
  File "/usr/lib/python3/dist-packages/numexpr/__init__.py", line 24, in <module>
    from numexpr.interpreter import MAX_THREADS, use_vml, __BLOCK_SIZE1__
Traceback (most recent call last):
  File "/usr/local/lib/python3.12/dist-packages/numpy/core/_multiarray_umath.py", line 46, in __getattr__
    raise ImportError(msg)
ImportError: 
A module that was compiled using NumPy 1.x cannot be run in
NumPy 2.4.0 as it may crash. To support both 1.x and 2.x
versions of NumPy, modules must be compiled with NumPy 2.0.
Some module may need to rebuild instead e.g. with 'pybind11>=2.12'.

If you are a user of the module, the easiest solution will be to
downgrade to 'numpy<2' or try to upgrade the affected module.
We expect that some modules will need time to support NumPy 2.



A module that was compiled using NumPy 1.x cannot be run in
NumPy 2.4.0 as it may crash. To support both 1.x and 2.x
versions of NumPy, modules must be compiled with NumPy 2.0.
Some module may need to rebuild instead e.g. with 'pybind11>=2.12'.

If you are a user of the module, the easiest solution will be to
downgrade to 'numpy<2' or try to upgrade the affected module.
We expect that some modules will need time to support NumPy 2.

Traceback (most recent call last):  File "/root/workspace/vrp-prediction/experiments/07_advanced_models/model_comparison.py", line 11, in <module>
    import pandas as pd
  File "/usr/local/lib/python3.12/dist-packages/pandas/__init__.py", line 49, in <module>
    from pandas.core.api import (
  File "/usr/local/lib/python3.12/dist-packages/pandas/core/api.py", line 28, in <module>
    from pandas.core.arrays import Categorical
  File "/usr/local/lib/python3.12/dist-packages/pandas/core/arrays/__init__.py", line 1, in <module>
    from pandas.core.arrays.arrow import ArrowExtensionArray
  File "/usr/local/lib/python3.12/dist-packages/pandas/core/arrays/arrow/__init__.py", line 5, in <module>
    from pandas.core.arrays.arrow.array import ArrowExtensionArray
  File "/usr/local/lib/python3.12/dist-packages/pandas/core/arrays/arrow/array.py", line 67, in <module>
    from pandas.core.arrays.masked import BaseMaskedArray
  File "/usr/local/lib/python3.12/dist-packages/pandas/core/arrays/masked.py", line 61, in <module>
    from pandas.core import (
  File "/usr/local/lib/python3.12/dist-packages/pandas/core/nanops.py", line 52, in <module>
    bn = import_optional_dependency("bottleneck", errors="warn")
  File "/usr/local/lib/python3.12/dist-packages/pandas/compat/_optional.py", line 135, in import_optional_dependency
    module = importlib.import_module(name)
  File "/usr/lib/python3.12/importlib/__init__.py", line 90, in import_module
    return _bootstrap._gcd_import(name[level:], package, level)
  File "/usr/lib/python3/dist-packages/bottleneck/__init__.py", line 7, in <module>
    from .move import (move_argmax, move_argmin, move_max, move_mean, move_median,
Traceback (most recent call last):
  File "/usr/local/lib/python3.12/dist-packages/numpy/core/_multiarray_umath.py", line 46, in __getattr__
    raise ImportError(msg)
ImportError: 
A module that was compiled using NumPy 1.x cannot be run in
NumPy 2.4.0 as it may crash. To support both 1.x and 2.x
versions of NumPy, modules must be compiled with NumPy 2.0.
Some module may need to rebuild instead e.g. with 'pybind11>=2.12'.

If you are a user of the module, the easiest solution will be to
downgrade to 'numpy<2' or try to upgrade the affected module.
We expect that some modules will need time to support NumPy 2.


/root/workspace/vrp-prediction/experiments/07_advanced_models/../../src/data/loaders.py:21: FutureWarning: YF.download() has changed argument auto_adjust default to True
  data = yf.download(ticker, start=start, end=end, progress=False)
/root/workspace/vrp-prediction/experiments/07_advanced_models/../../src/data/loaders.py:21: FutureWarning: YF.download() has changed argument auto_adjust default to True
  data = yf.download(ticker, start=start, end=end, progress=False)
/root/workspace/vrp-prediction/experiments/07_advanced_models/../../src/data/preprocessors.py:39: FutureWarning: Series.fillna with 'method' is deprecated and will raise in a future version. Use obj.ffill() or obj.bfill() instead.
  df['VIX_lag10'] = df['VIX'].shift(10).fillna(method='bfill')
/root/workspace/vrp-prediction/experiments/07_advanced_models/../../src/data/preprocessors.py:40: FutureWarning: Series.fillna with 'method' is deprecated and will raise in a future version. Use obj.ffill() or obj.bfill() instead.
  df['VIX_lag22'] = df['VIX'].shift(22).fillna(method='bfill')
Traceback (most recent call last):
  File "/root/workspace/vrp-prediction/experiments/07_advanced_models/model_comparison.py", line 304, in <module>
    result = run_advanced_models(ticker, horizon=5)
             ^^^^^^^^^^^^^^^^^^^^^^^^^^^^^^^^^^^^^^
  File "/root/workspace/vrp-prediction/experiments/07_advanced_models/model_comparison.py", line 96, in run_advanced_models
    xgb_model.fit(
  File "/usr/local/lib/python3.12/dist-packages/xgboost/core.py", line 774, in inner_f
    return func(**kwargs)
           ^^^^^^^^^^^^^^
TypeError: XGBModel.fit() got an unexpected keyword argument 'early_stopping_rounds'
/root/workspace/vrp-prediction/experiments/07_advanced_models/../../src/data/loaders.py:21: FutureWarning: YF.download() has changed argument auto_adjust default to True
  data = yf.download(ticker, start=start, end=end, progress=False)
/root/workspace/vrp-prediction/experiments/07_advanced_models/../../src/data/loaders.py:21: FutureWarning: YF.download() has changed argument auto_adjust default to True
  data = yf.download(ticker, start=start, end=end, progress=False)
/root/workspace/vrp-prediction/experiments/07_advanced_models/../../src/data/preprocessors.py:39: FutureWarning: Series.fillna with 'method' is deprecated and will raise in a future version. Use obj.ffill() or obj.bfill() instead.
  df['VIX_lag10'] = df['VIX'].shift(10).fillna(method='bfill')
/root/workspace/vrp-prediction/experiments/07_advanced_models/../../src/data/preprocessors.py:40: FutureWarning: Series.fillna with 'method' is deprecated and will raise in a future version. Use obj.ffill() or obj.bfill() instead.
  df['VIX_lag22'] = df['VIX'].shift(22).fillna(method='bfill')
Traceback (most recent call last):
  File "/root/workspace/vrp-prediction/experiments/07_advanced_models/model_comparison.py", line 304, in <module>
    result = run_advanced_models(ticker, horizon=5)
             ^^^^^^^^^^^^^^^^^^^^^^^^^^^^^^^^^^^^^^
  File "/root/workspace/vrp-prediction/experiments/07_advanced_models/model_comparison.py", line 96, in run_advanced_models
    xgb_model.fit(
  File "/usr/local/lib/python3.12/dist-packages/xgboost/core.py", line 774, in inner_f
    return func(**kwargs)
           ^^^^^^^^^^^^^^
TypeError: XGBModel.fit() got an unexpected keyword argument 'early_stopping_rounds'
/root/workspace/vrp-prediction/experiments/07_advanced_models/../../src/data/loaders.py:21: FutureWarning: YF.download() has changed argument auto_adjust default to True
  data = yf.download(ticker, start=start, end=end, progress=False)
/root/workspace/vrp-prediction/experiments/07_advanced_models/../../src/data/loaders.py:21: FutureWarning: YF.download() has changed argument auto_adjust default to True
  data = yf.download(ticker, start=start, end=end, progress=False)
/root/workspace/vrp-prediction/experiments/07_advanced_models/../../src/data/preprocessors.py:39: FutureWarning: Series.fillna with 'method' is deprecated and will raise in a future version. Use obj.ffill() or obj.bfill() instead.
  df['VIX_lag10'] = df['VIX'].shift(10).fillna(method='bfill')
/root/workspace/vrp-prediction/experiments/07_advanced_models/../../src/data/preprocessors.py:40: FutureWarning: Series.fillna with 'method' is deprecated and will raise in a future version. Use obj.ffill() or obj.bfill() instead.
  df['VIX_lag22'] = df['VIX'].shift(22).fillna(method='bfill')
Traceback (most recent call last):
  File "/root/workspace/vrp-prediction/experiments/07_advanced_models/model_comparison.py", line 304, in <module>
    result = run_advanced_models(ticker, horizon=5)
             ^^^^^^^^^^^^^^^^^^^^^^^^^^^^^^^^^^^^^^
  File "/root/workspace/vrp-prediction/experiments/07_advanced_models/model_comparison.py", line 96, in run_advanced_models
    xgb_model.fit(
  File "/usr/local/lib/python3.12/dist-packages/xgboost/core.py", line 774, in inner_f
    return func(**kwargs)
           ^^^^^^^^^^^^^^
TypeError: XGBModel.fit() got an unexpected keyword argument 'early_stopping_rounds'
/root/workspace/vrp-prediction/experiments/07_advanced_models/../../src/data/loaders.py:21: FutureWarning: YF.download() has changed argument auto_adjust default to True
  data = yf.download(ticker, start=start, end=end, progress=False)
/root/workspace/vrp-prediction/experiments/07_advanced_models/../../src/data/loaders.py:21: FutureWarning: YF.download() has changed argument auto_adjust default to True
  data = yf.download(ticker, start=start, end=end, progress=False)
/root/workspace/vrp-prediction/experiments/07_advanced_models/../../src/data/preprocessors.py:39: FutureWarning: Series.fillna with 'method' is deprecated and will raise in a future version. Use obj.ffill() or obj.bfill() instead.
  df['VIX_lag10'] = df['VIX'].shift(10).fillna(method='bfill')
/root/workspace/vrp-prediction/experiments/07_advanced_models/../../src/data/preprocessors.py:40: FutureWarning: Series.fillna with 'method' is deprecated and will raise in a future version. Use obj.ffill() or obj.bfill() instead.
  df['VIX_lag22'] = df['VIX'].shift(22).fillna(method='bfill')
Traceback (most recent call last):
  File "/root/workspace/vrp-prediction/experiments/07_advanced_models/model_comparison.py", line 304, in <module>
    result = run_advanced_models(ticker, horizon=5)
             ^^^^^^^^^^^^^^^^^^^^^^^^^^^^^^^^^^^^^^
  File "/root/workspace/vrp-prediction/experiments/07_advanced_models/model_comparison.py", line 96, in run_advanced_models
    xgb_model.fit(
  File "/usr/local/lib/python3.12/dist-packages/xgboost/core.py", line 774, in inner_f
    return func(**kwargs)
           ^^^^^^^^^^^^^^
TypeError: XGBModel.fit() got an unexpected keyword argument 'early_stopping_rounds'
/root/workspace/vrp-prediction/experiments/07_advanced_models/../../src/data/loaders.py:21: FutureWarning: YF.download() has changed argument auto_adjust default to True
  data = yf.download(ticker, start=start, end=end, progress=False)
/root/workspace/vrp-prediction/experiments/07_advanced_models/../../src/data/loaders.py:21: FutureWarning: YF.download() has changed argument auto_adjust default to True
  data = yf.download(ticker, start=start, end=end, progress=False)
/root/workspace/vrp-prediction/experiments/07_advanced_models/../../src/data/preprocessors.py:39: FutureWarning: Series.fillna with 'method' is deprecated and will raise in a future version. Use obj.ffill() or obj.bfill() instead.
  df['VIX_lag10'] = df['VIX'].shift(10).fillna(method='bfill')
/root/workspace/vrp-prediction/experiments/07_advanced_models/../../src/data/preprocessors.py:40: FutureWarning: Series.fillna with 'method' is deprecated and will raise in a future version. Use obj.ffill() or obj.bfill() instead.
  df['VIX_lag22'] = df['VIX'].shift(22).fillna(method='bfill')
Traceback (most recent call last):
  File "/root/workspace/vrp-prediction/experiments/07_advanced_models/model_comparison.py", line 304, in <module>
    result = run_advanced_models(ticker, horizon=5)
             ^^^^^^^^^^^^^^^^^^^^^^^^^^^^^^^^^^^^^^
  File "/root/workspace/vrp-prediction/experiments/07_advanced_models/model_comparison.py", line 96, in run_advanced_models
    xgb_model.fit(
  File "/usr/local/lib/python3.12/dist-packages/xgboost/core.py", line 774, in inner_f
    return func(**kwargs)
           ^^^^^^^^^^^^^^
TypeError: XGBModel.fit() got an unexpected keyword argument 'early_stopping_rounds'
/usr/local/lib/python3.12/dist-packages/numpy/_core/fromnumeric.py:3824: RuntimeWarning: Mean of empty slice
  return _methods._mean(a, axis=axis, dtype=dtype,
/usr/local/lib/python3.12/dist-packages/numpy/_core/_methods.py:142: RuntimeWarning: invalid value encountered in scalar divide
  ret = ret.dtype.type(ret / rcount)

======================================================================
Advanced ML Models Comparison: SPY
======================================================================

Split completed:
  Train: 1490 samples (0 - 1490)
  Val:   492 samples (1495 - 1987)
  Test:  492 samples (1992 - 2484)
  Gap:   5 days
Model 1: XGBoost
Error with SPY: XGBModel.fit() got an unexpected keyword argument 'early_stopping_rounds'

======================================================================
Advanced ML Models Comparison: GLD
======================================================================

Split completed:
  Train: 1490 samples (0 - 1490)
  Val:   492 samples (1495 - 1987)
  Test:  492 samples (1992 - 2484)
  Gap:   5 days
Model 1: XGBoost
Error with GLD: XGBModel.fit() got an unexpected keyword argument 'early_stopping_rounds'

======================================================================
Advanced ML Models Comparison: TLT
======================================================================

Split completed:
  Train: 1490 samples (0 - 1490)
  Val:   492 samples (1495 - 1987)
  Test:  492 samples (1992 - 2484)
  Gap:   5 days
Model 1: XGBoost
Error with TLT: XGBModel.fit() got an unexpected keyword argument 'early_stopping_rounds'

======================================================================
Advanced ML Models Comparison: EFA
======================================================================

Split completed:
  Train: 1490 samples (0 - 1490)
  Val:   492 samples (1495 - 1987)
  Test:  492 samples (1992 - 2484)
  Gap:   5 days
Model 1: XGBoost
Error with EFA: XGBModel.fit() got an unexpected keyword argument 'early_stopping_rounds'

======================================================================
Advanced ML Models Comparison: EEM
======================================================================

Split completed:
  Train: 1490 samples (0 - 1490)
  Val:   492 samples (1495 - 1987)
  Test:  492 samples (1992 - 2484)
  Gap:   5 days
Model 1: XGBoost
Error with EEM: XGBModel.fit() got an unexpected keyword argument 'early_stopping_rounds'

======================================================================
FINAL SUMMARY - All Assets
======================================================================

======================================================================
Average Performance by Model
======================================================================
XGBoost              R²: nan  Time: nans
LightGBM             R²: nan  Time: nans
RandomForest         R²: nan  Time: nans
NeuralNetwork        R²: nan  Time: nans
GradientBoosting     R²: nan  Time: nans

Results saved to results/advanced_models_results.json
